No run_id provided — selecting best run from group 'lorenz_partial_25d_additive_mse_uniform__lc_sweep' ...
Found 10 total runs in JacobianODE/Lorenz_INDpartial_N25_D1_NormTrue_T3__JacobianODE (group=lorenz_partial_25d_additive_mse_uniform__lc_sweep)
All runs (state, loop_closure_weight, tangent_entropy_weight, kl_dyn_weight):
  q8wt4mmn: state=finished, lc=0.0, te=0.0, kl_dyn=0.0
  2yxz4iia: state=finished, lc=1e-05, te=0.0, kl_dyn=0.0
  lvwmhbz9: state=finished, lc=0.0001, te=0.0, kl_dyn=0.0
  peygv8ks: state=finished, lc=1e-06, te=0.0, kl_dyn=0.0
  4npej2do: state=finished, lc=0.001, te=0.0, kl_dyn=0.0
  zai8ulnh: state=finished, lc=0.01, te=0.0, kl_dyn=0.0
  46pa8cfq: state=finished, lc=0.1, te=0.0, kl_dyn=0.0
  71d6sw19: state=finished, lc=1.0, te=0.0, kl_dyn=0.0
  x462gnea: state=finished, lc=10.0, te=0.0, kl_dyn=0.0
  bgxeww20: state=running, lc=0.0, te=0.0, kl_dyn=0.0

slurm_timeout_min not found in any run config — falling back to 180 min
  Including q8wt4mmn (lc=0.0): use_all_runs=True (state=finished)
  Including 2yxz4iia (lc=1e-05): use_all_runs=True (state=finished)
  Including lvwmhbz9 (lc=0.0001): use_all_runs=True (state=finished)
  Including peygv8ks (lc=1e-06): use_all_runs=True (state=finished)
  Including 4npej2do (lc=0.001): use_all_runs=True (state=finished)
  Including zai8ulnh (lc=0.01): use_all_runs=True (state=finished)
  Including 46pa8cfq (lc=0.1): use_all_runs=True (state=finished)
  Including 71d6sw19 (lc=1.0): use_all_runs=True (state=finished)
  Including x462gnea (lc=10.0): use_all_runs=True (state=finished)
  Including bgxeww20 (lc=0.0): use_all_runs=True (state=running)
Found 10 effectively-done sweep runs:
  loop_closure_weight=0.0, tangent_entropy_weight=0.0, kl_dyn_weight=0.0 -> run_id=bgxeww20
  loop_closure_weight=0.0, tangent_entropy_weight=0.0, kl_dyn_weight=0.0 -> run_id=q8wt4mmn
  loop_closure_weight=1e-06, tangent_entropy_weight=0.0, kl_dyn_weight=0.0 -> run_id=peygv8ks
  loop_closure_weight=1e-05, tangent_entropy_weight=0.0, kl_dyn_weight=0.0 -> run_id=2yxz4iia
  loop_closure_weight=0.0001, tangent_entropy_weight=0.0, kl_dyn_weight=0.0 -> run_id=lvwmhbz9
  loop_closure_weight=0.001, tangent_entropy_weight=0.0, kl_dyn_weight=0.0 -> run_id=4npej2do
  loop_closure_weight=0.01, tangent_entropy_weight=0.0, kl_dyn_weight=0.0 -> run_id=zai8ulnh
  loop_closure_weight=0.1, tangent_entropy_weight=0.0, kl_dyn_weight=0.0 -> run_id=46pa8cfq
  loop_closure_weight=1.0, tangent_entropy_weight=0.0, kl_dyn_weight=0.0 -> run_id=71d6sw19
  loop_closure_weight=10.0, tangent_entropy_weight=0.0, kl_dyn_weight=0.0 -> run_id=x462gnea
n_dims=25, n_latent=25, n_dyn=3, dt=0.0150
  run=bgxeww20: DiagnosticMetrics(one_step_mase=3.2693686485290527, loop_closure_loss=2.123745918273926, fast_eigenvalue_fraction=0.0, trajectory_val_loss=0.024457817897200584) (from W&B history)
  run=q8wt4mmn: DiagnosticMetrics(one_step_mase=0.05621497705578804, loop_closure_loss=4.516508102416992, fast_eigenvalue_fraction=0.0, trajectory_val_loss=4.9841626605484635e-05) (from cache, n_batches=100)
  run=peygv8ks: DiagnosticMetrics(one_step_mase=0.0418035164475441, loop_closure_loss=0.5532177686691284, fast_eigenvalue_fraction=0.0, trajectory_val_loss=4.6048731746850535e-05) (from cache, n_batches=100)
  run=2yxz4iia: DiagnosticMetrics(one_step_mase=0.04504145309329033, loop_closure_loss=0.05161266028881073, fast_eigenvalue_fraction=0.0, trajectory_val_loss=5.013464033254422e-05) (from cache, n_batches=100)
  run=lvwmhbz9: DiagnosticMetrics(one_step_mase=0.042499057948589325, loop_closure_loss=0.0061804926954209805, fast_eigenvalue_fraction=0.0, trajectory_val_loss=5.583069287240505e-05) (from cache, n_batches=100)
  run=4npej2do: DiagnosticMetrics(one_step_mase=0.045318394899368286, loop_closure_loss=0.0008834288455545902, fast_eigenvalue_fraction=0.0, trajectory_val_loss=7.184726564446464e-05) (from cache, n_batches=100)
  run=zai8ulnh: DiagnosticMetrics(one_step_mase=0.06424910575151443, loop_closure_loss=0.000344433676218614, fast_eigenvalue_fraction=0.0, trajectory_val_loss=0.00012025572505081072) (from cache, n_batches=100)
  run=46pa8cfq: DiagnosticMetrics(one_step_mase=0.06423916667699814, loop_closure_loss=3.228276182198897e-05, fast_eigenvalue_fraction=0.0, trajectory_val_loss=0.00014737430319655687) (from cache, n_batches=100)
  run=71d6sw19: DiagnosticMetrics(one_step_mase=0.07779721170663834, loop_closure_loss=7.372317668341566e-06, fast_eigenvalue_fraction=0.0, trajectory_val_loss=0.0002033840137301013) (from cache, n_batches=100)
  run=x462gnea: DiagnosticMetrics(one_step_mase=0.15039539337158203, loop_closure_loss=1.9846668237732956e-06, fast_eigenvalue_fraction=0.0, trajectory_val_loss=0.0003558300086297095) (from cache, n_batches=100)

Ranking method:           best_traj_loss
Best run ID:              peygv8ks
Best loop_closure_weight: 1e-06
Best tangent_entropy_weight: 0.0
Best kl_dyn_weight:       0.0
Best traj loss:           0.000046
Criteria applied: ['C1', 'C2', 'C3']
Surviving: 9 / 10
Auto-selected run_id: peygv8ks

======================================================================
PARETO FRONTIER RUNS (8 runs)
======================================================================
  Run ID               LC Loss   Traj Val Loss
  ------------  --------------  --------------
  x462gnea            0.000002        0.000356
  71d6sw19            0.000007        0.000203
  46pa8cfq            0.000032        0.000147
  zai8ulnh            0.000344        0.000120
  4npej2do            0.000883        0.000072
  lvwmhbz9            0.006180        0.000056
  2yxz4iia            0.051613        0.000050
  peygv8ks            0.553218        0.000046 <-- selected

======================================================================
RANKING METHOD COMPARISON (over 9 survivors)
======================================================================
  Method                  Run ID               LC Loss   Traj Val Loss
  ----------------------  ------------  --------------  --------------
  best_traj_loss          peygv8ks            0.553218        0.000046 <-- active
  pareto_knee             zai8ulnh            0.000344        0.000120
  geo_rank                peygv8ks            0.553218        0.000046
  minimax_rank            4npej2do            0.000883        0.000072
  geo_log_score           peygv8ks            0.553218        0.000046
  minimax_log_score       4npej2do            0.000883        0.000072
======================================================================

Loading run peygv8ks from JacobianODE/Lorenz_INDpartial_N25_D1_NormTrue_T3__JacobianODE ...
Train dataset shape: torch.Size([25322, 25, 25])
Validation dataset shape: torch.Size([8057, 25, 25])
Test dataset shape: torch.Size([3453, 25, 25])
Train trajectories dataset shape: torch.Size([22, 1176, 25])
Validation trajectories dataset shape: torch.Size([7, 1176, 25])
Test trajectories dataset shape: torch.Size([3, 1176, 25])
Loading checkpoint epoch=161-step=32400.ckpt...
Computing reconstruction ...
Computing latent utilization ...
Entropy-based utilization: 0.949
Null subspace mean RMS: 2.734887e-03
Computing Lyapunov exponents for KY dimension (full-length, chunk-batched) ...
Mean KY dim (predicted): 1.851 ± 0.427
Computing prediction windows ...
Windows: 348 — nMSE min=0.0000, median=0.0000, mean=0.0000, max=0.0030
Computing long trajectory prediction ...
Computing encoder/decoder Jacobians ...
encoder_jacobian: (128, 25, 25)
decoder_jacobian: (128, 25, 25)
Computing amplification loss ...
Amplification loss — True state: 0.000047
Amplification loss — Latent:     0.000046


--- backfill 2026-04-16T04:32:19Z sections=['reconstruction', 'latent_utilization', 'kaplan_yorke', 'prediction_detail', 'long_trajectory', 'encoder_decoder_jacobians', 'amplification'] ---
No run_id provided — selecting best run from group 'lorenz_partial_25d_additive_mse_uniform__lc_sweep' ...
Found 10 total runs in JacobianODE/Lorenz_INDpartial_N25_D1_NormTrue_T3__JacobianODE (group=lorenz_partial_25d_additive_mse_uniform__lc_sweep)
All runs (state, loop_closure_weight, tangent_entropy_weight, kl_dyn_weight):
  q8wt4mmn: state=finished, lc=0.0, te=0.0, kl_dyn=0.0
  2yxz4iia: state=finished, lc=1e-05, te=0.0, kl_dyn=0.0
  lvwmhbz9: state=finished, lc=0.0001, te=0.0, kl_dyn=0.0
  peygv8ks: state=finished, lc=1e-06, te=0.0, kl_dyn=0.0
  4npej2do: state=finished, lc=0.001, te=0.0, kl_dyn=0.0
  zai8ulnh: state=finished, lc=0.01, te=0.0, kl_dyn=0.0
  46pa8cfq: state=finished, lc=0.1, te=0.0, kl_dyn=0.0
  71d6sw19: state=finished, lc=1.0, te=0.0, kl_dyn=0.0
  x462gnea: state=finished, lc=10.0, te=0.0, kl_dyn=0.0
  bgxeww20: state=running, lc=0.0, te=0.0, kl_dyn=0.0

slurm_timeout_min not found in any run config — falling back to 180 min
  Including q8wt4mmn (lc=0.0): use_all_runs=True (state=finished)
  Including 2yxz4iia (lc=1e-05): use_all_runs=True (state=finished)
  Including lvwmhbz9 (lc=0.0001): use_all_runs=True (state=finished)
  Including peygv8ks (lc=1e-06): use_all_runs=True (state=finished)
  Including 4npej2do (lc=0.001): use_all_runs=True (state=finished)
  Including zai8ulnh (lc=0.01): use_all_runs=True (state=finished)
  Including 46pa8cfq (lc=0.1): use_all_runs=True (state=finished)
  Including 71d6sw19 (lc=1.0): use_all_runs=True (state=finished)
  Including x462gnea (lc=10.0): use_all_runs=True (state=finished)
  Including bgxeww20 (lc=0.0): use_all_runs=True (state=running)
Found 10 effectively-done sweep runs:
  loop_closure_weight=0.0, tangent_entropy_weight=0.0, kl_dyn_weight=0.0 -> run_id=bgxeww20
  loop_closure_weight=0.0, tangent_entropy_weight=0.0, kl_dyn_weight=0.0 -> run_id=q8wt4mmn
  loop_closure_weight=1e-06, tangent_entropy_weight=0.0, kl_dyn_weight=0.0 -> run_id=peygv8ks
  loop_closure_weight=1e-05, tangent_entropy_weight=0.0, kl_dyn_weight=0.0 -> run_id=2yxz4iia
  loop_closure_weight=0.0001, tangent_entropy_weight=0.0, kl_dyn_weight=0.0 -> run_id=lvwmhbz9
  loop_closure_weight=0.001, tangent_entropy_weight=0.0, kl_dyn_weight=0.0 -> run_id=4npej2do
  loop_closure_weight=0.01, tangent_entropy_weight=0.0, kl_dyn_weight=0.0 -> run_id=zai8ulnh
  loop_closure_weight=0.1, tangent_entropy_weight=0.0, kl_dyn_weight=0.0 -> run_id=46pa8cfq
  loop_closure_weight=1.0, tangent_entropy_weight=0.0, kl_dyn_weight=0.0 -> run_id=71d6sw19
  loop_closure_weight=10.0, tangent_entropy_weight=0.0, kl_dyn_weight=0.0 -> run_id=x462gnea
n_dims=25, n_latent=25, n_dyn=3, dt=0.0150
  run=bgxeww20: DiagnosticMetrics(one_step_mase=3.2693686485290527, loop_closure_loss=2.123745918273926, fast_eigenvalue_fraction=0.0, trajectory_val_loss=0.024457817897200584) (from W&B history)
  run=q8wt4mmn: DiagnosticMetrics(one_step_mase=0.05621497705578804, loop_closure_loss=4.516508102416992, fast_eigenvalue_fraction=0.0, trajectory_val_loss=4.9841626605484635e-05) (from cache, n_batches=100)
  run=peygv8ks: DiagnosticMetrics(one_step_mase=0.0418035164475441, loop_closure_loss=0.5532177686691284, fast_eigenvalue_fraction=0.0, trajectory_val_loss=4.6048731746850535e-05) (from cache, n_batches=100)
  run=2yxz4iia: DiagnosticMetrics(one_step_mase=0.04504145309329033, loop_closure_loss=0.05161266028881073, fast_eigenvalue_fraction=0.0, trajectory_val_loss=5.013464033254422e-05) (from cache, n_batches=100)
  run=lvwmhbz9: DiagnosticMetrics(one_step_mase=0.042499057948589325, loop_closure_loss=0.0061804926954209805, fast_eigenvalue_fraction=0.0, trajectory_val_loss=5.583069287240505e-05) (from cache, n_batches=100)
  run=4npej2do: DiagnosticMetrics(one_step_mase=0.045318394899368286, loop_closure_loss=0.0008834288455545902, fast_eigenvalue_fraction=0.0, trajectory_val_loss=7.184726564446464e-05) (from cache, n_batches=100)
  run=zai8ulnh: DiagnosticMetrics(one_step_mase=0.06424910575151443, loop_closure_loss=0.000344433676218614, fast_eigenvalue_fraction=0.0, trajectory_val_loss=0.00012025572505081072) (from cache, n_batches=100)
  run=46pa8cfq: DiagnosticMetrics(one_step_mase=0.06423916667699814, loop_closure_loss=3.228276182198897e-05, fast_eigenvalue_fraction=0.0, trajectory_val_loss=0.00014737430319655687) (from cache, n_batches=100)
  run=71d6sw19: DiagnosticMetrics(one_step_mase=0.07779721170663834, loop_closure_loss=7.372317668341566e-06, fast_eigenvalue_fraction=0.0, trajectory_val_loss=0.0002033840137301013) (from cache, n_batches=100)
  run=x462gnea: DiagnosticMetrics(one_step_mase=0.15039539337158203, loop_closure_loss=1.9846668237732956e-06, fast_eigenvalue_fraction=0.0, trajectory_val_loss=0.0003558300086297095) (from cache, n_batches=100)

Ranking method:           best_traj_loss
Best run ID:              peygv8ks
Best loop_closure_weight: 1e-06
Best tangent_entropy_weight: 0.0
Best kl_dyn_weight:       0.0
Best traj loss:           0.000046
Criteria applied: ['C1', 'C2', 'C3']
Surviving: 9 / 10
Auto-selected run_id: peygv8ks

======================================================================
PARETO FRONTIER RUNS (8 runs)
======================================================================
  Run ID               LC Loss   Traj Val Loss
  ------------  --------------  --------------
  x462gnea            0.000002        0.000356
  71d6sw19            0.000007        0.000203
  46pa8cfq            0.000032        0.000147
  zai8ulnh            0.000344        0.000120
  4npej2do            0.000883        0.000072
  lvwmhbz9            0.006180        0.000056
  2yxz4iia            0.051613        0.000050
  peygv8ks            0.553218        0.000046 <-- selected

======================================================================
RANKING METHOD COMPARISON (over 9 survivors)
======================================================================
  Method                  Run ID               LC Loss   Traj Val Loss
  ----------------------  ------------  --------------  --------------
  best_traj_loss          peygv8ks            0.553218        0.000046 <-- active
  pareto_knee             zai8ulnh            0.000344        0.000120
  geo_rank                peygv8ks            0.553218        0.000046
  minimax_rank            4npej2do            0.000883        0.000072
  geo_log_score           peygv8ks            0.553218        0.000046
  minimax_log_score       4npej2do            0.000883        0.000072
======================================================================

Loading run peygv8ks from JacobianODE/Lorenz_INDpartial_N25_D1_NormTrue_T3__JacobianODE ...
Train dataset shape: torch.Size([25322, 25, 25])
Validation dataset shape: torch.Size([8057, 25, 25])
Test dataset shape: torch.Size([3453, 25, 25])
Train trajectories dataset shape: torch.Size([22, 1176, 25])
Validation trajectories dataset shape: torch.Size([7, 1176, 25])
Test trajectories dataset shape: torch.Size([3, 1176, 25])
Loading checkpoint epoch=161-step=32400.ckpt...
Computing reconstruction ...
Computing latent utilization ...
Entropy-based utilization: 0.949
Null subspace mean RMS: 2.734887e-03
Computing Lyapunov exponents for KY dimension (full-length, chunk-batched) ...
Mean KY dim (predicted): 1.851 ± 0.427
Computing prediction windows ...
Windows: 348 — nMSE min=0.0000, median=0.0000, mean=0.0000, max=0.0030
Computing long trajectory prediction ...
Computing encoder/decoder Jacobians ...
encoder_jacobian: (128, 25, 25)
decoder_jacobian: (128, 25, 25)
Computing amplification loss ...
Amplification loss — True state: 0.000047
Amplification loss — Latent:     0.000046
