No run_id provided — selecting best run from group 'wmtask_latent_additive_mse_p30__lc_sweep' ...
Found 9 total runs in JacobianODE/WMTask_identity_encoder_verification (group=wmtask_latent_additive_mse_p30__lc_sweep)
All runs (state, loop_closure_weight, tangent_entropy_weight, kl_dyn_weight):
  n6coaszl: state=finished, lc=1e-06, te=0.0, kl_dyn=0.0
  yxzzbn02: state=finished, lc=0.0, te=0.0, kl_dyn=0.0
  6h58juon: state=finished, lc=0.0001, te=0.0, kl_dyn=0.0
  i73jwojr: state=finished, lc=1e-05, te=0.0, kl_dyn=0.0
  rc2plb97: state=finished, lc=0.001, te=0.0, kl_dyn=0.0
  4zyzn3td: state=finished, lc=0.01, te=0.0, kl_dyn=0.0
  156twv3g: state=finished, lc=1.0, te=0.0, kl_dyn=0.0
  vy4hsmqr: state=finished, lc=10.0, te=0.0, kl_dyn=0.0
  emn4wvjc: state=finished, lc=0.1, te=0.0, kl_dyn=0.0

slurm_timeout_min not found in any run config — falling back to 180 min
  Including n6coaszl (lc=1e-06): use_all_runs=True (state=finished)
  Including yxzzbn02 (lc=0.0): use_all_runs=True (state=finished)
  Including 6h58juon (lc=0.0001): use_all_runs=True (state=finished)
  Including i73jwojr (lc=1e-05): use_all_runs=True (state=finished)
  Including rc2plb97 (lc=0.001): use_all_runs=True (state=finished)
  Including 4zyzn3td (lc=0.01): use_all_runs=True (state=finished)
  Including 156twv3g (lc=1.0): use_all_runs=True (state=finished)
  Including vy4hsmqr (lc=10.0): use_all_runs=True (state=finished)
  Including emn4wvjc (lc=0.1): use_all_runs=True (state=finished)
Found 9 effectively-done sweep runs:
  loop_closure_weight=0.0, tangent_entropy_weight=0.0, kl_dyn_weight=0.0 -> run_id=yxzzbn02
  loop_closure_weight=1e-06, tangent_entropy_weight=0.0, kl_dyn_weight=0.0 -> run_id=n6coaszl
  loop_closure_weight=1e-05, tangent_entropy_weight=0.0, kl_dyn_weight=0.0 -> run_id=i73jwojr
  loop_closure_weight=0.0001, tangent_entropy_weight=0.0, kl_dyn_weight=0.0 -> run_id=6h58juon
  loop_closure_weight=0.001, tangent_entropy_weight=0.0, kl_dyn_weight=0.0 -> run_id=rc2plb97
  loop_closure_weight=0.01, tangent_entropy_weight=0.0, kl_dyn_weight=0.0 -> run_id=4zyzn3td
  loop_closure_weight=0.1, tangent_entropy_weight=0.0, kl_dyn_weight=0.0 -> run_id=emn4wvjc
  loop_closure_weight=1.0, tangent_entropy_weight=0.0, kl_dyn_weight=0.0 -> run_id=156twv3g
  loop_closure_weight=10.0, tangent_entropy_weight=0.0, kl_dyn_weight=0.0 -> run_id=vy4hsmqr
loaded wmtask RNN model checkpoint 41
Loading cached wmtask hiddens from /orcd/data/ekmiller/001/eisenaj/ControlJacobians/WMTaskModels/WMSelectionTask__cue_time_0.1__response_time_0.25__enforce_fixation_False/BiologicalRNN__cue_time_0.1__learning_rate_0.0005__max_epochs_42__N1_64__N2_64__tau_0.05__dt_0.02__eig_lower_bound_0.1__init_mode_random/_jacobianode_cache/hiddens__all__epoch41__trials4096__seed42.pt
n_dims=128, n_latent=128, n_dyn=128, dt=0.0200
  run=yxzzbn02: DiagnosticMetrics(one_step_mase=0.581122100353241, loop_closure_loss=18.287961959838867, fast_eigenvalue_fraction=0.0, trajectory_val_loss=0.01122894324362278) (from cache, n_batches=100)
  run=n6coaszl: DiagnosticMetrics(one_step_mase=0.5804667472839355, loop_closure_loss=12.041496276855469, fast_eigenvalue_fraction=0.0, trajectory_val_loss=0.011111286468803883) (from cache, n_batches=100)
  run=i73jwojr: DiagnosticMetrics(one_step_mase=0.5815854668617249, loop_closure_loss=3.8329050540924072, fast_eigenvalue_fraction=0.0, trajectory_val_loss=0.010461259633302689) (from cache, n_batches=100)
  run=6h58juon: DiagnosticMetrics(one_step_mase=0.5908204913139343, loop_closure_loss=0.7821398973464966, fast_eigenvalue_fraction=0.0, trajectory_val_loss=0.01419132575392723) (from cache, n_batches=100)
  run=rc2plb97: DiagnosticMetrics(one_step_mase=0.6379468441009521, loop_closure_loss=0.27774956822395325, fast_eigenvalue_fraction=0.0, trajectory_val_loss=0.023202715441584587) (from cache, n_batches=100)
  run=4zyzn3td: DiagnosticMetrics(one_step_mase=0.6536867618560791, loop_closure_loss=0.012131458148360252, fast_eigenvalue_fraction=0.0, trajectory_val_loss=0.0433589443564415) (from cache, n_batches=100)
  run=emn4wvjc: DiagnosticMetrics(one_step_mase=0.668180525302887, loop_closure_loss=0.0005838210927322507, fast_eigenvalue_fraction=0.0, trajectory_val_loss=0.06912791728973389) (from cache, n_batches=100)
  run=156twv3g: DiagnosticMetrics(one_step_mase=0.6654379963874817, loop_closure_loss=8.462152618449181e-05, fast_eigenvalue_fraction=0.0, trajectory_val_loss=0.0697537511587143) (from cache, n_batches=100)
  run=vy4hsmqr: DiagnosticMetrics(one_step_mase=0.6729975342750549, loop_closure_loss=1.0539747563598212e-05, fast_eigenvalue_fraction=0.0, trajectory_val_loss=0.08814359456300735) (from cache, n_batches=100)

Ranking method:           best_traj_loss
Best run ID:              i73jwojr
Best loop_closure_weight: 1e-05
Best tangent_entropy_weight: 0.0
Best kl_dyn_weight:       0.0
Best traj loss:           0.010461
Criteria applied: ['C1', 'C2', 'C3']
Surviving: 7 / 9
Auto-selected run_id: i73jwojr

======================================================================
PARETO FRONTIER RUNS (7 runs)
======================================================================
  Run ID               LC Loss   Traj Val Loss
  ------------  --------------  --------------
  vy4hsmqr            0.000011        0.088144
  156twv3g            0.000085        0.069754
  emn4wvjc            0.000584        0.069128
  4zyzn3td            0.012131        0.043359
  rc2plb97            0.277750        0.023203
  6h58juon            0.782140        0.014191
  i73jwojr            3.832905        0.010461 <-- selected

======================================================================
RANKING METHOD COMPARISON (over 7 survivors)
======================================================================
  Method                  Run ID               LC Loss   Traj Val Loss
  ----------------------  ------------  --------------  --------------
  best_traj_loss          i73jwojr            3.832905        0.010461 <-- active
  pareto_knee             emn4wvjc            0.000584        0.069128
  geo_rank                i73jwojr            3.832905        0.010461
  minimax_rank            4zyzn3td            0.012131        0.043359
  geo_log_score           i73jwojr            3.832905        0.010461
  minimax_log_score       4zyzn3td            0.012131        0.043359
======================================================================

Loading run i73jwojr from JacobianODE/WMTask_identity_encoder_verification ...
loaded wmtask RNN model checkpoint 41
Loading cached wmtask hiddens from /orcd/data/ekmiller/001/eisenaj/ControlJacobians/WMTaskModels/WMSelectionTask__cue_time_0.1__response_time_0.25__enforce_fixation_False/BiologicalRNN__cue_time_0.1__learning_rate_0.0005__max_epochs_42__N1_64__N2_64__tau_0.05__dt_0.02__eig_lower_bound_0.1__init_mode_random/_jacobianode_cache/hiddens__all__epoch41__trials4096__seed42.pt
Train dataset shape: torch.Size([11468, 45, 128])
Validation dataset shape: torch.Size([3280, 45, 128])
Test dataset shape: torch.Size([1636, 45, 128])
Train trajectories dataset shape: torch.Size([2867, 49, 128])
Validation trajectories dataset shape: torch.Size([820, 49, 128])
Test trajectories dataset shape: torch.Size([409, 49, 128])
Loading checkpoint epoch=8-step=1125.ckpt...
Computing reconstruction ...
Computing latent utilization ...
Entropy-based utilization: 0.915
Computing Lyapunov exponents for KY dimension (full-length, chunk-batched) ...
Mean KY dim (predicted): 0.005 ± 0.071
Computing prediction windows ...
Windows: 3 — nMSE min=0.0185, median=0.0238, mean=0.0259, max=0.0353
Computing long trajectory prediction ...
Computing encoder/decoder Jacobians ...
encoder_jacobian: (128, 128, 128)
decoder_jacobian: (128, 128, 128)
Computing amplification loss ...
Amplification loss — True state: 0.004748
Amplification loss — Latent:     0.004855


--- backfill 2026-04-16T04:40:39Z sections=['reconstruction', 'latent_utilization', 'kaplan_yorke', 'prediction_detail', 'long_trajectory', 'encoder_decoder_jacobians', 'amplification'] ---
No run_id provided — selecting best run from group 'wmtask_latent_additive_mse_p30__lc_sweep' ...
Found 9 total runs in JacobianODE/WMTask_identity_encoder_verification (group=wmtask_latent_additive_mse_p30__lc_sweep)
All runs (state, loop_closure_weight, tangent_entropy_weight, kl_dyn_weight):
  n6coaszl: state=finished, lc=1e-06, te=0.0, kl_dyn=0.0
  yxzzbn02: state=finished, lc=0.0, te=0.0, kl_dyn=0.0
  6h58juon: state=finished, lc=0.0001, te=0.0, kl_dyn=0.0
  i73jwojr: state=finished, lc=1e-05, te=0.0, kl_dyn=0.0
  rc2plb97: state=finished, lc=0.001, te=0.0, kl_dyn=0.0
  4zyzn3td: state=finished, lc=0.01, te=0.0, kl_dyn=0.0
  156twv3g: state=finished, lc=1.0, te=0.0, kl_dyn=0.0
  vy4hsmqr: state=finished, lc=10.0, te=0.0, kl_dyn=0.0
  emn4wvjc: state=finished, lc=0.1, te=0.0, kl_dyn=0.0

slurm_timeout_min not found in any run config — falling back to 180 min
  Including n6coaszl (lc=1e-06): use_all_runs=True (state=finished)
  Including yxzzbn02 (lc=0.0): use_all_runs=True (state=finished)
  Including 6h58juon (lc=0.0001): use_all_runs=True (state=finished)
  Including i73jwojr (lc=1e-05): use_all_runs=True (state=finished)
  Including rc2plb97 (lc=0.001): use_all_runs=True (state=finished)
  Including 4zyzn3td (lc=0.01): use_all_runs=True (state=finished)
  Including 156twv3g (lc=1.0): use_all_runs=True (state=finished)
  Including vy4hsmqr (lc=10.0): use_all_runs=True (state=finished)
  Including emn4wvjc (lc=0.1): use_all_runs=True (state=finished)
Found 9 effectively-done sweep runs:
  loop_closure_weight=0.0, tangent_entropy_weight=0.0, kl_dyn_weight=0.0 -> run_id=yxzzbn02
  loop_closure_weight=1e-06, tangent_entropy_weight=0.0, kl_dyn_weight=0.0 -> run_id=n6coaszl
  loop_closure_weight=1e-05, tangent_entropy_weight=0.0, kl_dyn_weight=0.0 -> run_id=i73jwojr
  loop_closure_weight=0.0001, tangent_entropy_weight=0.0, kl_dyn_weight=0.0 -> run_id=6h58juon
  loop_closure_weight=0.001, tangent_entropy_weight=0.0, kl_dyn_weight=0.0 -> run_id=rc2plb97
  loop_closure_weight=0.01, tangent_entropy_weight=0.0, kl_dyn_weight=0.0 -> run_id=4zyzn3td
  loop_closure_weight=0.1, tangent_entropy_weight=0.0, kl_dyn_weight=0.0 -> run_id=emn4wvjc
  loop_closure_weight=1.0, tangent_entropy_weight=0.0, kl_dyn_weight=0.0 -> run_id=156twv3g
  loop_closure_weight=10.0, tangent_entropy_weight=0.0, kl_dyn_weight=0.0 -> run_id=vy4hsmqr
loaded wmtask RNN model checkpoint 41
Loading cached wmtask hiddens from /orcd/data/ekmiller/001/eisenaj/ControlJacobians/WMTaskModels/WMSelectionTask__cue_time_0.1__response_time_0.25__enforce_fixation_False/BiologicalRNN__cue_time_0.1__learning_rate_0.0005__max_epochs_42__N1_64__N2_64__tau_0.05__dt_0.02__eig_lower_bound_0.1__init_mode_random/_jacobianode_cache/hiddens__all__epoch41__trials4096__seed42.pt
n_dims=128, n_latent=128, n_dyn=128, dt=0.0200
  run=yxzzbn02: DiagnosticMetrics(one_step_mase=0.581122100353241, loop_closure_loss=18.287961959838867, fast_eigenvalue_fraction=0.0, trajectory_val_loss=0.01122894324362278) (from cache, n_batches=100)
  run=n6coaszl: DiagnosticMetrics(one_step_mase=0.5804667472839355, loop_closure_loss=12.041496276855469, fast_eigenvalue_fraction=0.0, trajectory_val_loss=0.011111286468803883) (from cache, n_batches=100)
  run=i73jwojr: DiagnosticMetrics(one_step_mase=0.5815854668617249, loop_closure_loss=3.8329050540924072, fast_eigenvalue_fraction=0.0, trajectory_val_loss=0.010461259633302689) (from cache, n_batches=100)
  run=6h58juon: DiagnosticMetrics(one_step_mase=0.5908204913139343, loop_closure_loss=0.7821398973464966, fast_eigenvalue_fraction=0.0, trajectory_val_loss=0.01419132575392723) (from cache, n_batches=100)
  run=rc2plb97: DiagnosticMetrics(one_step_mase=0.6379468441009521, loop_closure_loss=0.27774956822395325, fast_eigenvalue_fraction=0.0, trajectory_val_loss=0.023202715441584587) (from cache, n_batches=100)
  run=4zyzn3td: DiagnosticMetrics(one_step_mase=0.6536867618560791, loop_closure_loss=0.012131458148360252, fast_eigenvalue_fraction=0.0, trajectory_val_loss=0.0433589443564415) (from cache, n_batches=100)
  run=emn4wvjc: DiagnosticMetrics(one_step_mase=0.668180525302887, loop_closure_loss=0.0005838210927322507, fast_eigenvalue_fraction=0.0, trajectory_val_loss=0.06912791728973389) (from cache, n_batches=100)
  run=156twv3g: DiagnosticMetrics(one_step_mase=0.6654379963874817, loop_closure_loss=8.462152618449181e-05, fast_eigenvalue_fraction=0.0, trajectory_val_loss=0.0697537511587143) (from cache, n_batches=100)
  run=vy4hsmqr: DiagnosticMetrics(one_step_mase=0.6729975342750549, loop_closure_loss=1.0539747563598212e-05, fast_eigenvalue_fraction=0.0, trajectory_val_loss=0.08814359456300735) (from cache, n_batches=100)

Ranking method:           best_traj_loss
Best run ID:              i73jwojr
Best loop_closure_weight: 1e-05
Best tangent_entropy_weight: 0.0
Best kl_dyn_weight:       0.0
Best traj loss:           0.010461
Criteria applied: ['C1', 'C2', 'C3']
Surviving: 7 / 9
Auto-selected run_id: i73jwojr

======================================================================
PARETO FRONTIER RUNS (7 runs)
======================================================================
  Run ID               LC Loss   Traj Val Loss
  ------------  --------------  --------------
  vy4hsmqr            0.000011        0.088144
  156twv3g            0.000085        0.069754
  emn4wvjc            0.000584        0.069128
  4zyzn3td            0.012131        0.043359
  rc2plb97            0.277750        0.023203
  6h58juon            0.782140        0.014191
  i73jwojr            3.832905        0.010461 <-- selected

======================================================================
RANKING METHOD COMPARISON (over 7 survivors)
======================================================================
  Method                  Run ID               LC Loss   Traj Val Loss
  ----------------------  ------------  --------------  --------------
  best_traj_loss          i73jwojr            3.832905        0.010461 <-- active
  pareto_knee             emn4wvjc            0.000584        0.069128
  geo_rank                i73jwojr            3.832905        0.010461
  minimax_rank            4zyzn3td            0.012131        0.043359
  geo_log_score           i73jwojr            3.832905        0.010461
  minimax_log_score       4zyzn3td            0.012131        0.043359
======================================================================

Loading run i73jwojr from JacobianODE/WMTask_identity_encoder_verification ...
loaded wmtask RNN model checkpoint 41
Loading cached wmtask hiddens from /orcd/data/ekmiller/001/eisenaj/ControlJacobians/WMTaskModels/WMSelectionTask__cue_time_0.1__response_time_0.25__enforce_fixation_False/BiologicalRNN__cue_time_0.1__learning_rate_0.0005__max_epochs_42__N1_64__N2_64__tau_0.05__dt_0.02__eig_lower_bound_0.1__init_mode_random/_jacobianode_cache/hiddens__all__epoch41__trials4096__seed42.pt
Train dataset shape: torch.Size([11468, 45, 128])
Validation dataset shape: torch.Size([3280, 45, 128])
Test dataset shape: torch.Size([1636, 45, 128])
Train trajectories dataset shape: torch.Size([2867, 49, 128])
Validation trajectories dataset shape: torch.Size([820, 49, 128])
Test trajectories dataset shape: torch.Size([409, 49, 128])
Loading checkpoint epoch=8-step=1125.ckpt...
Computing reconstruction ...
Computing latent utilization ...
Entropy-based utilization: 0.915
Computing Lyapunov exponents for KY dimension (full-length, chunk-batched) ...
Mean KY dim (predicted): 0.005 ± 0.071
Computing prediction windows ...
Windows: 3 — nMSE min=0.0185, median=0.0238, mean=0.0259, max=0.0353
Computing long trajectory prediction ...
Computing encoder/decoder Jacobians ...
encoder_jacobian: (128, 128, 128)
decoder_jacobian: (128, 128, 128)
Computing amplification loss ...
Amplification loss — True state: 0.004748
Amplification loss — Latent:     0.004855
