No run_id provided — selecting best run from group 'lorenz_partial_100d_7lat_additive_mse__klnull_sweep_v2' ...
Found 6 total runs in JacobianODE/Lorenz_INDpartial_N100_D1_NormTrue_T7__JacobianODE (group=lorenz_partial_100d_7lat_additive_mse__klnull_sweep_v2)
All runs (state, loop_closure_weight, tangent_entropy_weight, kl_dyn_weight):
  jhg9x3lq: state=finished, lc=0.001, te=0.0, kl_dyn=0.0
  kuhiqael: state=finished, lc=0.001, te=0.0, kl_dyn=0.0
  88th62np: state=finished, lc=0.001, te=0.0, kl_dyn=0.0
  nklisi77: state=finished, lc=0.001, te=0.0, kl_dyn=0.0
  gx6lmk6g: state=finished, lc=0.001, te=0.0, kl_dyn=0.0
  6y24w9yt: state=finished, lc=0.001, te=0.0, kl_dyn=0.0

slurm_timeout_min not found in any run config — falling back to 180 min
  Including jhg9x3lq (lc=0.001): use_all_runs=True (state=finished)
  Including kuhiqael (lc=0.001): use_all_runs=True (state=finished)
  Including 88th62np (lc=0.001): use_all_runs=True (state=finished)
  Including nklisi77 (lc=0.001): use_all_runs=True (state=finished)
  Including gx6lmk6g (lc=0.001): use_all_runs=True (state=finished)
  Including 6y24w9yt (lc=0.001): use_all_runs=True (state=finished)
Found 6 effectively-done sweep runs:
  loop_closure_weight=0.001, tangent_entropy_weight=0.0, kl_dyn_weight=0.0 -> run_id=6y24w9yt
  loop_closure_weight=0.001, tangent_entropy_weight=0.0, kl_dyn_weight=0.0 -> run_id=88th62np
  loop_closure_weight=0.001, tangent_entropy_weight=0.0, kl_dyn_weight=0.0 -> run_id=gx6lmk6g
  loop_closure_weight=0.001, tangent_entropy_weight=0.0, kl_dyn_weight=0.0 -> run_id=jhg9x3lq
  loop_closure_weight=0.001, tangent_entropy_weight=0.0, kl_dyn_weight=0.0 -> run_id=kuhiqael
  loop_closure_weight=0.001, tangent_entropy_weight=0.0, kl_dyn_weight=0.0 -> run_id=nklisi77
n_dims=100, n_latent=100, n_dyn=7, dt=0.0150
  run=6y24w9yt: DiagnosticMetrics(one_step_mase=0.0217712614685297, loop_closure_loss=0.0010781779419630766, fast_eigenvalue_fraction=0.0, trajectory_val_loss=3.1880242659099167e-06) (from W&B history)
  run=88th62np: DiagnosticMetrics(one_step_mase=0.01953170634806156, loop_closure_loss=0.0010061676148325205, fast_eigenvalue_fraction=0.0, trajectory_val_loss=1.9812912341876654e-06) (from W&B history)
  run=gx6lmk6g: DiagnosticMetrics(one_step_mase=0.018431490287184715, loop_closure_loss=0.001141534186899662, fast_eigenvalue_fraction=0.0, trajectory_val_loss=2.8873889732494717e-06) (from W&B history)
  run=jhg9x3lq: DiagnosticMetrics(one_step_mase=0.01906902901828289, loop_closure_loss=0.0010725540341809392, fast_eigenvalue_fraction=0.0, trajectory_val_loss=1.8616602801557747e-06) (from W&B history)
  run=kuhiqael: DiagnosticMetrics(one_step_mase=0.03152746707201004, loop_closure_loss=0.001629306934773922, fast_eigenvalue_fraction=0.0, trajectory_val_loss=4.002294190286193e-06) (from W&B history)
  run=nklisi77: DiagnosticMetrics(one_step_mase=0.01955581083893776, loop_closure_loss=0.001203253399580717, fast_eigenvalue_fraction=0.0, trajectory_val_loss=3.2548061881243484e-06) (from W&B history)

Ranking method:           best_traj_loss
Best run ID:              jhg9x3lq
Best loop_closure_weight: 0.001
Best tangent_entropy_weight: 0.0
Best kl_dyn_weight:       0.0
Best traj loss:           0.000002
Criteria applied: ['C1', 'C2', 'C3']
Surviving: 6 / 6
Auto-selected run_id: jhg9x3lq

======================================================================
PARETO FRONTIER RUNS (2 runs)
======================================================================
  Run ID               LC Loss   Traj Val Loss
  ------------  --------------  --------------
  88th62np            0.001006        0.000002
  jhg9x3lq            0.001073        0.000002 <-- selected

======================================================================
RANKING METHOD COMPARISON (over 6 survivors)
======================================================================
  Method                  Run ID               LC Loss   Traj Val Loss
  ----------------------  ------------  --------------  --------------
  best_traj_loss          jhg9x3lq            0.001073        0.000002 <-- active
  pareto_knee             88th62np            0.001006        0.000002
  geo_rank                88th62np            0.001006        0.000002
  minimax_rank            88th62np            0.001006        0.000002
  geo_log_score           88th62np            0.001006        0.000002
  minimax_log_score       88th62np            0.001006        0.000002
======================================================================

Loading run jhg9x3lq from JacobianODE/Lorenz_INDpartial_N100_D1_NormTrue_T7__JacobianODE ...
Train dataset shape: torch.Size([23672, 25, 100])
Validation dataset shape: torch.Size([7532, 25, 100])
Test dataset shape: torch.Size([3228, 25, 100])
Train trajectories dataset shape: torch.Size([22, 1101, 100])
Validation trajectories dataset shape: torch.Size([7, 1101, 100])
Test trajectories dataset shape: torch.Size([3, 1101, 100])
Loading checkpoint epoch=198-step=39800.ckpt...
Computing reconstruction ...
Computing MASE ...
Teacher-forced MASE: 0.0194
Free-running MASE:   0.0244
Computing latent utilization ...
Entropy-based utilization: 0.888
Null subspace mean RMS: 9.550717e-01
Computing Lyapunov exponents ...
  Computing full-trajectory Lyapunov (3 test trajs, T=1101) ...
Predicted Lyapunov exponents (batch+burn-in, 128 windowed trajs):
  λ_1 = +0.5159 ± 0.6785
  λ_2 = -0.5155 ± 0.3068
  λ_3 = -2.4080 ± 0.2719
  λ_4 = -2.9829 ± 0.2272
  λ_5 = -3.5357 ± 0.2471
  λ_6 = -4.5047 ± 0.2960
  λ_7 = -6.3818 ± 0.4127
Predicted Lyapunov exponents (full-length, 3 test trajs):
  λ_1 = +0.3009 ± 0.0503
  λ_2 = +0.0134 ± 0.0262
  λ_3 = -2.6481 ± 0.0260
  λ_4 = -3.1583 ± 0.0200
  λ_5 = -4.0222 ± 0.0390
  λ_6 = -4.4452 ± 0.0240
  λ_7 = -6.3321 ± 0.0457
Empirical Lyapunov exponents (mean ± std):
  λ_1 = +0.2716 ± 0.0605
  λ_2 = -0.1016 ± 0.0797
  λ_3 = -13.8370 ± 0.0514
Mean KY dim (predicted): 2.119 ± 0.008
Mean KY dim (empirical): 2.012 ± 0.003
Mean KY dim (burn-in):   1.332 ± 1.005
Computing prediction windows ...
Windows: 324 — nMSE min=0.0000, median=0.0000, mean=0.0000, max=0.0005
Computing long trajectory prediction ...
Computing encoder/decoder Jacobians ...
encoder_jacobian: (128, 100, 100)
decoder_jacobian: (128, 100, 100)
Computing amplification loss ...
Amplification loss — True state: 0.000055
Amplification loss — Latent:     0.000049
