No run_id provided — selecting best run from group 'lorenz_partial_additive_encoderonly_nd75_init15_pcainit_autodim__kl_sweep_obsnoise001' ...
Found 24 total runs in JacobianODE/Lorenz_INDpartial_NDInitSweep_autodim_D1_NormTrue__JacobianODE (group=lorenz_partial_additive_encoderonly_nd75_init15_pcainit_autodim__kl_sweep_obsnoise001)
All runs (state, loop_closure_weight, tangent_entropy_weight, kl_dyn_weight):
  27186ol7: state=finished, lc=0.0, te=0.0, kl_dyn=0.0
  4ap9r1kz: state=finished, lc=0.0, te=0.0, kl_dyn=0.0
  qznhfxfy: state=finished, lc=0.0, te=0.0, kl_dyn=0.0
  r8vva785: state=finished, lc=0.0, te=0.0, kl_dyn=0.0
  hgy3ujb9: state=finished, lc=0.0, te=0.0, kl_dyn=0.0
  cjfiyh0f: state=finished, lc=0.0, te=0.0, kl_dyn=0.0
  e31w0cua: state=finished, lc=0.0, te=0.0, kl_dyn=0.0
  atja9o1s: state=finished, lc=0.0, te=0.0, kl_dyn=0.0
  z8glgmy1: state=finished, lc=0.0, te=0.0, kl_dyn=0.0
  gl4zjkyi: state=finished, lc=0.0, te=0.0, kl_dyn=0.0
  gf33rdwr: state=finished, lc=0.0, te=0.0, kl_dyn=0.0
  8zj4cex3: state=finished, lc=0.0, te=0.0, kl_dyn=0.0
  4bxmlexd: state=finished, lc=0.0, te=0.0, kl_dyn=0.0
  rd79ubau: state=finished, lc=0.0, te=0.0, kl_dyn=0.0
  5xvgafig: state=finished, lc=0.0, te=0.0, kl_dyn=0.0001
  pjofmq14: state=finished, lc=0.0, te=0.0, kl_dyn=0.0001
  n3hdxweu: state=finished, lc=0.0, te=0.0, kl_dyn=0.001
  dvurm0a3: state=finished, lc=0.0, te=0.0, kl_dyn=0.001
  k08enmzr: state=finished, lc=0.0, te=0.0, kl_dyn=0.01
  m9fg93nr: state=finished, lc=0.0, te=0.0, kl_dyn=0.1
  sumx80s7: state=finished, lc=0.0, te=0.0, kl_dyn=0.01
  eex1qkao: state=finished, lc=0.0, te=0.0, kl_dyn=0.1
  d7fb7pd9: state=finished, lc=0.0, te=0.0, kl_dyn=1.0
  4m066r9j: state=finished, lc=0.0, te=0.0, kl_dyn=1.0

slurm_timeout_min not found in any run config — falling back to 180 min
  Including 27186ol7 (lc=0.0): use_all_runs=True (state=finished)
  Including 4ap9r1kz (lc=0.0): use_all_runs=True (state=finished)
  Including qznhfxfy (lc=0.0): use_all_runs=True (state=finished)
  Including r8vva785 (lc=0.0): use_all_runs=True (state=finished)
  Including hgy3ujb9 (lc=0.0): use_all_runs=True (state=finished)
  Including cjfiyh0f (lc=0.0): use_all_runs=True (state=finished)
  Including e31w0cua (lc=0.0): use_all_runs=True (state=finished)
  Including atja9o1s (lc=0.0): use_all_runs=True (state=finished)
  Including z8glgmy1 (lc=0.0): use_all_runs=True (state=finished)
  Including gl4zjkyi (lc=0.0): use_all_runs=True (state=finished)
  Including gf33rdwr (lc=0.0): use_all_runs=True (state=finished)
  Including 8zj4cex3 (lc=0.0): use_all_runs=True (state=finished)
  Including 4bxmlexd (lc=0.0): use_all_runs=True (state=finished)
  Including rd79ubau (lc=0.0): use_all_runs=True (state=finished)
  Including 5xvgafig (lc=0.0): use_all_runs=True (state=finished)
  Including pjofmq14 (lc=0.0): use_all_runs=True (state=finished)
  Including n3hdxweu (lc=0.0): use_all_runs=True (state=finished)
  Including dvurm0a3 (lc=0.0): use_all_runs=True (state=finished)
  Including k08enmzr (lc=0.0): use_all_runs=True (state=finished)
  Including m9fg93nr (lc=0.0): use_all_runs=True (state=finished)
  Including sumx80s7 (lc=0.0): use_all_runs=True (state=finished)
  Including eex1qkao (lc=0.0): use_all_runs=True (state=finished)
  Including d7fb7pd9 (lc=0.0): use_all_runs=True (state=finished)
  Including 4m066r9j (lc=0.0): use_all_runs=True (state=finished)
Found 24 effectively-done sweep runs:
  loop_closure_weight=0.0, tangent_entropy_weight=0.0, kl_dyn_weight=0.0 -> run_id=27186ol7
  loop_closure_weight=0.0, tangent_entropy_weight=0.0, kl_dyn_weight=0.0 -> run_id=4ap9r1kz
  loop_closure_weight=0.0, tangent_entropy_weight=0.0, kl_dyn_weight=0.0 -> run_id=4bxmlexd
  loop_closure_weight=0.0, tangent_entropy_weight=0.0, kl_dyn_weight=0.0 -> run_id=8zj4cex3
  loop_closure_weight=0.0, tangent_entropy_weight=0.0, kl_dyn_weight=0.0 -> run_id=atja9o1s
  loop_closure_weight=0.0, tangent_entropy_weight=0.0, kl_dyn_weight=0.0 -> run_id=cjfiyh0f
  loop_closure_weight=0.0, tangent_entropy_weight=0.0, kl_dyn_weight=0.0 -> run_id=e31w0cua
  loop_closure_weight=0.0, tangent_entropy_weight=0.0, kl_dyn_weight=0.0 -> run_id=gf33rdwr
  loop_closure_weight=0.0, tangent_entropy_weight=0.0, kl_dyn_weight=0.0 -> run_id=gl4zjkyi
  loop_closure_weight=0.0, tangent_entropy_weight=0.0, kl_dyn_weight=0.0 -> run_id=hgy3ujb9
  loop_closure_weight=0.0, tangent_entropy_weight=0.0, kl_dyn_weight=0.0 -> run_id=qznhfxfy
  loop_closure_weight=0.0, tangent_entropy_weight=0.0, kl_dyn_weight=0.0 -> run_id=r8vva785
  loop_closure_weight=0.0, tangent_entropy_weight=0.0, kl_dyn_weight=0.0 -> run_id=rd79ubau
  loop_closure_weight=0.0, tangent_entropy_weight=0.0, kl_dyn_weight=0.0 -> run_id=z8glgmy1
  loop_closure_weight=0.0, tangent_entropy_weight=0.0, kl_dyn_weight=0.0001 -> run_id=5xvgafig
  loop_closure_weight=0.0, tangent_entropy_weight=0.0, kl_dyn_weight=0.0001 -> run_id=pjofmq14
  loop_closure_weight=0.0, tangent_entropy_weight=0.0, kl_dyn_weight=0.001 -> run_id=dvurm0a3
  loop_closure_weight=0.0, tangent_entropy_weight=0.0, kl_dyn_weight=0.001 -> run_id=n3hdxweu
  loop_closure_weight=0.0, tangent_entropy_weight=0.0, kl_dyn_weight=0.01 -> run_id=k08enmzr
  loop_closure_weight=0.0, tangent_entropy_weight=0.0, kl_dyn_weight=0.01 -> run_id=sumx80s7
  loop_closure_weight=0.0, tangent_entropy_weight=0.0, kl_dyn_weight=0.1 -> run_id=eex1qkao
  loop_closure_weight=0.0, tangent_entropy_weight=0.0, kl_dyn_weight=0.1 -> run_id=m9fg93nr
  loop_closure_weight=0.0, tangent_entropy_weight=0.0, kl_dyn_weight=1.0 -> run_id=4m066r9j
  loop_closure_weight=0.0, tangent_entropy_weight=0.0, kl_dyn_weight=1.0 -> run_id=d7fb7pd9
n_dims=75, n_latent=75, n_dyn=6, dt=0.0150
  run=27186ol7: DiagnosticMetrics(one_step_mase=0.0, loop_closure_loss=None, fast_eigenvalue_fraction=0.0, trajectory_val_loss=0.00015343824634328485) (from W&B history)
  run=4ap9r1kz: DiagnosticMetrics(one_step_mase=0.0, loop_closure_loss=None, fast_eigenvalue_fraction=0.0, trajectory_val_loss=0.00015343824634328485) (from W&B history)
  run=4bxmlexd: DiagnosticMetrics(one_step_mase=0.0, loop_closure_loss=None, fast_eigenvalue_fraction=0.0, trajectory_val_loss=0.00015343824634328485) (from W&B history)
  run=8zj4cex3: DiagnosticMetrics(one_step_mase=0.0, loop_closure_loss=None, fast_eigenvalue_fraction=0.0, trajectory_val_loss=0.00015293722390197217) (from W&B history)
  run=atja9o1s: DiagnosticMetrics(one_step_mase=0.0, loop_closure_loss=None, fast_eigenvalue_fraction=0.0, trajectory_val_loss=0.00015343824634328485) (from W&B history)
  run=cjfiyh0f: DiagnosticMetrics(one_step_mase=0.0, loop_closure_loss=None, fast_eigenvalue_fraction=0.0, trajectory_val_loss=0.00015343824634328485) (from W&B history)
  run=e31w0cua: DiagnosticMetrics(one_step_mase=0.0, loop_closure_loss=None, fast_eigenvalue_fraction=0.0, trajectory_val_loss=0.00015343824634328485) (from W&B history)
  run=gf33rdwr: DiagnosticMetrics(one_step_mase=0.0, loop_closure_loss=None, fast_eigenvalue_fraction=0.0, trajectory_val_loss=0.00015343824634328485) (from W&B history)
  run=gl4zjkyi: DiagnosticMetrics(one_step_mase=0.0, loop_closure_loss=None, fast_eigenvalue_fraction=0.0, trajectory_val_loss=0.00015343824634328485) (from W&B history)
  run=hgy3ujb9: DiagnosticMetrics(one_step_mase=0.0, loop_closure_loss=None, fast_eigenvalue_fraction=0.0, trajectory_val_loss=0.00015343824634328485) (from W&B history)
  run=qznhfxfy: DiagnosticMetrics(one_step_mase=0.0, loop_closure_loss=None, fast_eigenvalue_fraction=0.0, trajectory_val_loss=0.00015343824634328485) (from W&B history)
  run=r8vva785: DiagnosticMetrics(one_step_mase=0.0, loop_closure_loss=None, fast_eigenvalue_fraction=0.0, trajectory_val_loss=0.00015343824634328485) (from W&B history)
  run=rd79ubau: DiagnosticMetrics(one_step_mase=0.0, loop_closure_loss=None, fast_eigenvalue_fraction=0.0, trajectory_val_loss=0.00015343824634328485) (from W&B history)
  run=z8glgmy1: DiagnosticMetrics(one_step_mase=0.0, loop_closure_loss=None, fast_eigenvalue_fraction=0.0, trajectory_val_loss=0.00015343824634328485) (from W&B history)
  run=5xvgafig: DiagnosticMetrics(one_step_mase=0.0, loop_closure_loss=None, fast_eigenvalue_fraction=0.0, trajectory_val_loss=0.0001555817580083385) (from W&B history)
  run=pjofmq14: DiagnosticMetrics(one_step_mase=0.0, loop_closure_loss=None, fast_eigenvalue_fraction=0.0, trajectory_val_loss=0.00015557317237835377) (from W&B history)
  run=dvurm0a3: DiagnosticMetrics(one_step_mase=0.0, loop_closure_loss=None, fast_eigenvalue_fraction=0.0, trajectory_val_loss=0.00018123922927770764) (from W&B history)
  run=n3hdxweu: DiagnosticMetrics(one_step_mase=0.0, loop_closure_loss=None, fast_eigenvalue_fraction=0.0, trajectory_val_loss=0.00018133275443688035) (from W&B history)
  run=k08enmzr: DiagnosticMetrics(one_step_mase=0.0, loop_closure_loss=None, fast_eigenvalue_fraction=0.0, trajectory_val_loss=0.00037603743840008974) (from W&B history)
  run=sumx80s7: DiagnosticMetrics(one_step_mase=0.0, loop_closure_loss=None, fast_eigenvalue_fraction=0.0, trajectory_val_loss=0.00037508353125303984) (from W&B history)
  run=eex1qkao: DiagnosticMetrics(one_step_mase=0.0, loop_closure_loss=None, fast_eigenvalue_fraction=0.0, trajectory_val_loss=0.002109712455421686) (from W&B history)
  run=m9fg93nr: DiagnosticMetrics(one_step_mase=0.0, loop_closure_loss=None, fast_eigenvalue_fraction=0.0, trajectory_val_loss=0.002018133644014597) (from W&B history)
  run=4m066r9j: DiagnosticMetrics(one_step_mase=0.0, loop_closure_loss=None, fast_eigenvalue_fraction=0.0, trajectory_val_loss=0.007696689572185278) (from W&B history)
  run=d7fb7pd9: DiagnosticMetrics(one_step_mase=0.0, loop_closure_loss=None, fast_eigenvalue_fraction=0.0, trajectory_val_loss=0.005285168997943401) (from W&B history)

Ranking method:           best_traj_loss
Best run ID:              8zj4cex3
Best loop_closure_weight: 0.0
Best tangent_entropy_weight: 0.0
Best kl_dyn_weight:       0.0
Best traj loss:           0.000153
Criteria applied: ['C1', 'C2', 'C3']
Surviving: 24 / 24
Auto-selected run_id: 8zj4cex3

======================================================================
PARETO FRONTIER RUNS (0 runs)
======================================================================
  Run ID               LC Loss   Traj Val Loss
  ------------  --------------  --------------

======================================================================
RANKING METHOD COMPARISON (over 24 survivors)
======================================================================
  Method                  Run ID               LC Loss   Traj Val Loss
  ----------------------  ------------  --------------  --------------
  best_traj_loss          8zj4cex3                 nan        0.000153 <-- active
  pareto_knee             8zj4cex3                 nan        0.000153
  geo_rank                8zj4cex3                 nan        0.000153
  minimax_rank            8zj4cex3                 nan        0.000153
  geo_log_score           8zj4cex3                 nan        0.000153
  minimax_log_score       8zj4cex3                 nan        0.000153
======================================================================

Loading run 8zj4cex3 from JacobianODE/Lorenz_INDpartial_NDInitSweep_autodim_D1_NormTrue__JacobianODE ...
Train dataset shape: torch.Size([23782, 45, 75])
Validation dataset shape: torch.Size([7567, 45, 75])
Test dataset shape: torch.Size([3243, 45, 75])
Train trajectories dataset shape: torch.Size([22, 1126, 75])
Validation trajectories dataset shape: torch.Size([7, 1126, 75])
Test trajectories dataset shape: torch.Size([3, 1126, 75])
Loading checkpoint epoch=27-step=5600.ckpt...
encoder_only_mode=True → skipping dynamics-only sections: ['kaplan_yorke', 'long_trajectory', 'lyapunov', 'mase', 'prediction_detail', 'prediction_windows', 'sweep_overview']
Computing reconstruction ...
Computing latent utilization ...
Entropy-based utilization: 0.632
Null subspace mean RMS: 1.232347e-02
Computing encoder/decoder Jacobians ...
encoder_jacobian: (128, 75, 75)
decoder_jacobian: (128, 75, 75)
Computing amplification loss ...
Amplification loss — True state: 0.000216
Amplification loss — Latent:     0.000185
Computing tangent space spectrum ...
