No run_id provided — selecting best run from group 'wmtask_vanilla_mse_p30__lc_sweep' ...
Found 9 total runs in JacobianODE/WMTask_identity_encoder_verification (group=wmtask_vanilla_mse_p30__lc_sweep)
All runs (state, loop_closure_weight, tangent_entropy_weight, kl_dyn_weight):
  bi75wfwx: state=finished, lc=1e-05, te=0.0, kl_dyn=0.0
  pip3w5po: state=finished, lc=1e-06, te=0.0, kl_dyn=0.0
  qmnkekyw: state=finished, lc=0.001, te=0.0, kl_dyn=0.0
  2hr7hinr: state=finished, lc=0.0001, te=0.0, kl_dyn=0.0
  sz71qa7f: state=finished, lc=0.0, te=0.0, kl_dyn=0.0
  ts7skc4p: state=finished, lc=0.01, te=0.0, kl_dyn=0.0
  u50fuuhw: state=finished, lc=0.1, te=0.0, kl_dyn=0.0
  qv94xedn: state=finished, lc=10.0, te=0.0, kl_dyn=0.0
  q262vz3h: state=finished, lc=1.0, te=0.0, kl_dyn=0.0

slurm_timeout_min not found in any run config — falling back to 180 min
  Including bi75wfwx (lc=1e-05): use_all_runs=True (state=finished)
  Including pip3w5po (lc=1e-06): use_all_runs=True (state=finished)
  Including qmnkekyw (lc=0.001): use_all_runs=True (state=finished)
  Including 2hr7hinr (lc=0.0001): use_all_runs=True (state=finished)
  Including sz71qa7f (lc=0.0): use_all_runs=True (state=finished)
  Including ts7skc4p (lc=0.01): use_all_runs=True (state=finished)
  Including u50fuuhw (lc=0.1): use_all_runs=True (state=finished)
  Including qv94xedn (lc=10.0): use_all_runs=True (state=finished)
  Including q262vz3h (lc=1.0): use_all_runs=True (state=finished)
Found 9 effectively-done sweep runs:
  loop_closure_weight=0.0, tangent_entropy_weight=0.0, kl_dyn_weight=0.0 -> run_id=sz71qa7f
  loop_closure_weight=1e-06, tangent_entropy_weight=0.0, kl_dyn_weight=0.0 -> run_id=pip3w5po
  loop_closure_weight=1e-05, tangent_entropy_weight=0.0, kl_dyn_weight=0.0 -> run_id=bi75wfwx
  loop_closure_weight=0.0001, tangent_entropy_weight=0.0, kl_dyn_weight=0.0 -> run_id=2hr7hinr
  loop_closure_weight=0.001, tangent_entropy_weight=0.0, kl_dyn_weight=0.0 -> run_id=qmnkekyw
  loop_closure_weight=0.01, tangent_entropy_weight=0.0, kl_dyn_weight=0.0 -> run_id=ts7skc4p
  loop_closure_weight=0.1, tangent_entropy_weight=0.0, kl_dyn_weight=0.0 -> run_id=u50fuuhw
  loop_closure_weight=1.0, tangent_entropy_weight=0.0, kl_dyn_weight=0.0 -> run_id=q262vz3h
  loop_closure_weight=10.0, tangent_entropy_weight=0.0, kl_dyn_weight=0.0 -> run_id=qv94xedn
loaded wmtask RNN model checkpoint 41
Loading cached wmtask hiddens from /orcd/data/ekmiller/001/eisenaj/ControlJacobians/WMTaskModels/WMSelectionTask__cue_time_0.1__response_time_0.25__enforce_fixation_False/BiologicalRNN__cue_time_0.1__learning_rate_0.0005__max_epochs_42__N1_64__N2_64__tau_0.05__dt_0.02__eig_lower_bound_0.1__init_mode_random/_jacobianode_cache/hiddens__all__epoch41__trials4096__seed42.pt
n_dims=128, n_latent=128, n_dyn=128, dt=0.0200
  run=sz71qa7f: DiagnosticMetrics(one_step_mase=0.6844165328323053, loop_closure_loss=18.120271701812744, fast_eigenvalue_fraction=0.0, trajectory_val_loss=0.011727497121319175) (from cache, n_batches=100)
  run=pip3w5po: DiagnosticMetrics(one_step_mase=0.681515368213096, loop_closure_loss=9.73012459754944, fast_eigenvalue_fraction=0.0, trajectory_val_loss=0.011551732989028096) (from cache, n_batches=100)
  run=bi75wfwx: DiagnosticMetrics(one_step_mase=0.6874574285755295, loop_closure_loss=2.6257142925262453, fast_eigenvalue_fraction=0.0, trajectory_val_loss=0.011588245639577508) (from cache, n_batches=100)
  run=2hr7hinr: DiagnosticMetrics(one_step_mase=0.6915608878728287, loop_closure_loss=0.4594007861614227, fast_eigenvalue_fraction=0.0, trajectory_val_loss=0.01565369514748454) (from cache, n_batches=100)
  run=qmnkekyw: DiagnosticMetrics(one_step_mase=0.7066406174201296, loop_closure_loss=0.03726228641346097, fast_eigenvalue_fraction=0.0, trajectory_val_loss=0.028356711845844984) (from cache, n_batches=100)
  run=ts7skc4p: DiagnosticMetrics(one_step_mase=0.7493715774184894, loop_closure_loss=0.008650007690303028, fast_eigenvalue_fraction=0.0, trajectory_val_loss=0.04797304790467024) (from cache, n_batches=100)
  run=u50fuuhw: DiagnosticMetrics(one_step_mase=0.7544417033415456, loop_closure_loss=0.004364576127845794, fast_eigenvalue_fraction=0.0, trajectory_val_loss=0.02444327048957348) (from cache, n_batches=100)
  run=q262vz3h: DiagnosticMetrics(one_step_mase=0.7845038681018176, loop_closure_loss=2.7043010832130676e-05, fast_eigenvalue_fraction=0.0, trajectory_val_loss=0.10830366358160973) (from cache, n_batches=100)
  run=qv94xedn: DiagnosticMetrics(one_step_mase=0.821387500397981, loop_closure_loss=1.271294682737789e-05, fast_eigenvalue_fraction=0.0, trajectory_val_loss=0.1368080557882786) (from cache, n_batches=100)

Ranking method:           best_traj_loss
Best run ID:              pip3w5po
Best loop_closure_weight: 1e-06
Best tangent_entropy_weight: 0.0
Best kl_dyn_weight:       0.0
Best traj loss:           0.011552
Criteria applied: ['C1', 'C2', 'C3']
Surviving: 8 / 9
Auto-selected run_id: pip3w5po

======================================================================
PARETO FRONTIER RUNS (6 runs)
======================================================================
  Run ID               LC Loss   Traj Val Loss
  ------------  --------------  --------------
  qv94xedn            0.000013        0.136808
  q262vz3h            0.000027        0.108304
  u50fuuhw            0.004365        0.024443
  2hr7hinr            0.459401        0.015654
  bi75wfwx            2.625714        0.011588
  pip3w5po            9.730125        0.011552 <-- selected

======================================================================
RANKING METHOD COMPARISON (over 8 survivors)
======================================================================
  Method                  Run ID               LC Loss   Traj Val Loss
  ----------------------  ------------  --------------  --------------
  best_traj_loss          pip3w5po            9.730125        0.011552 <-- active
  pareto_knee             bi75wfwx            2.625714        0.011588
  geo_rank                pip3w5po            9.730125        0.011552
  minimax_rank            u50fuuhw            0.004365        0.024443
  geo_log_score           pip3w5po            9.730125        0.011552
  minimax_log_score       u50fuuhw            0.004365        0.024443
======================================================================

Loading run pip3w5po from JacobianODE/WMTask_identity_encoder_verification ...
loaded wmtask RNN model checkpoint 41
Loading cached wmtask hiddens from /orcd/data/ekmiller/001/eisenaj/ControlJacobians/WMTaskModels/WMSelectionTask__cue_time_0.1__response_time_0.25__enforce_fixation_False/BiologicalRNN__cue_time_0.1__learning_rate_0.0005__max_epochs_42__N1_64__N2_64__tau_0.05__dt_0.02__eig_lower_bound_0.1__init_mode_random/_jacobianode_cache/hiddens__all__epoch41__trials4096__seed42.pt
Train dataset shape: torch.Size([11468, 45, 128])
Validation dataset shape: torch.Size([3280, 45, 128])
Test dataset shape: torch.Size([1636, 45, 128])
Train trajectories dataset shape: torch.Size([2867, 49, 128])
Validation trajectories dataset shape: torch.Size([820, 49, 128])
Test trajectories dataset shape: torch.Size([409, 49, 128])
Loading checkpoint epoch=8-step=1125.ckpt...
Skipping 'reconstruction': requires a latent encoder/decoder model.
Skipping 'latent_utilization': requires a latent encoder model.
Computing Lyapunov exponents for KY dimension (full-length, chunk-batched) ...
Mean KY dim (predicted): 0.237 ± 0.468
  Computing Z_flat for PCA (latent_utilization was skipped) ...
Computing prediction windows ...
Windows: 3 — nMSE min=0.0195, median=0.0263, mean=0.0297, max=0.0434
Computing long trajectory prediction ...
Skipping 'encoder_decoder_jacobians': requires a latent encoder/decoder model.
Computing amplification loss ...
Amplification loss — True state: 0.004748
Amplification loss — Latent:     0.004748


--- backfill 2026-04-16T04:46:14Z sections=['reconstruction', 'latent_utilization', 'kaplan_yorke', 'prediction_detail', 'long_trajectory', 'encoder_decoder_jacobians', 'amplification'] ---
No run_id provided — selecting best run from group 'wmtask_vanilla_mse_p30__lc_sweep' ...
Found 9 total runs in JacobianODE/WMTask_identity_encoder_verification (group=wmtask_vanilla_mse_p30__lc_sweep)
All runs (state, loop_closure_weight, tangent_entropy_weight, kl_dyn_weight):
  bi75wfwx: state=finished, lc=1e-05, te=0.0, kl_dyn=0.0
  pip3w5po: state=finished, lc=1e-06, te=0.0, kl_dyn=0.0
  qmnkekyw: state=finished, lc=0.001, te=0.0, kl_dyn=0.0
  2hr7hinr: state=finished, lc=0.0001, te=0.0, kl_dyn=0.0
  sz71qa7f: state=finished, lc=0.0, te=0.0, kl_dyn=0.0
  ts7skc4p: state=finished, lc=0.01, te=0.0, kl_dyn=0.0
  u50fuuhw: state=finished, lc=0.1, te=0.0, kl_dyn=0.0
  qv94xedn: state=finished, lc=10.0, te=0.0, kl_dyn=0.0
  q262vz3h: state=finished, lc=1.0, te=0.0, kl_dyn=0.0

slurm_timeout_min not found in any run config — falling back to 180 min
  Including bi75wfwx (lc=1e-05): use_all_runs=True (state=finished)
  Including pip3w5po (lc=1e-06): use_all_runs=True (state=finished)
  Including qmnkekyw (lc=0.001): use_all_runs=True (state=finished)
  Including 2hr7hinr (lc=0.0001): use_all_runs=True (state=finished)
  Including sz71qa7f (lc=0.0): use_all_runs=True (state=finished)
  Including ts7skc4p (lc=0.01): use_all_runs=True (state=finished)
  Including u50fuuhw (lc=0.1): use_all_runs=True (state=finished)
  Including qv94xedn (lc=10.0): use_all_runs=True (state=finished)
  Including q262vz3h (lc=1.0): use_all_runs=True (state=finished)
Found 9 effectively-done sweep runs:
  loop_closure_weight=0.0, tangent_entropy_weight=0.0, kl_dyn_weight=0.0 -> run_id=sz71qa7f
  loop_closure_weight=1e-06, tangent_entropy_weight=0.0, kl_dyn_weight=0.0 -> run_id=pip3w5po
  loop_closure_weight=1e-05, tangent_entropy_weight=0.0, kl_dyn_weight=0.0 -> run_id=bi75wfwx
  loop_closure_weight=0.0001, tangent_entropy_weight=0.0, kl_dyn_weight=0.0 -> run_id=2hr7hinr
  loop_closure_weight=0.001, tangent_entropy_weight=0.0, kl_dyn_weight=0.0 -> run_id=qmnkekyw
  loop_closure_weight=0.01, tangent_entropy_weight=0.0, kl_dyn_weight=0.0 -> run_id=ts7skc4p
  loop_closure_weight=0.1, tangent_entropy_weight=0.0, kl_dyn_weight=0.0 -> run_id=u50fuuhw
  loop_closure_weight=1.0, tangent_entropy_weight=0.0, kl_dyn_weight=0.0 -> run_id=q262vz3h
  loop_closure_weight=10.0, tangent_entropy_weight=0.0, kl_dyn_weight=0.0 -> run_id=qv94xedn
loaded wmtask RNN model checkpoint 41
Loading cached wmtask hiddens from /orcd/data/ekmiller/001/eisenaj/ControlJacobians/WMTaskModels/WMSelectionTask__cue_time_0.1__response_time_0.25__enforce_fixation_False/BiologicalRNN__cue_time_0.1__learning_rate_0.0005__max_epochs_42__N1_64__N2_64__tau_0.05__dt_0.02__eig_lower_bound_0.1__init_mode_random/_jacobianode_cache/hiddens__all__epoch41__trials4096__seed42.pt
n_dims=128, n_latent=128, n_dyn=128, dt=0.0200
  run=sz71qa7f: DiagnosticMetrics(one_step_mase=0.6844165328323053, loop_closure_loss=18.120271701812744, fast_eigenvalue_fraction=0.0, trajectory_val_loss=0.011727497121319175) (from cache, n_batches=100)
  run=pip3w5po: DiagnosticMetrics(one_step_mase=0.681515368213096, loop_closure_loss=9.73012459754944, fast_eigenvalue_fraction=0.0, trajectory_val_loss=0.011551732989028096) (from cache, n_batches=100)
  run=bi75wfwx: DiagnosticMetrics(one_step_mase=0.6874574285755295, loop_closure_loss=2.6257142925262453, fast_eigenvalue_fraction=0.0, trajectory_val_loss=0.011588245639577508) (from cache, n_batches=100)
  run=2hr7hinr: DiagnosticMetrics(one_step_mase=0.6915608878728287, loop_closure_loss=0.4594007861614227, fast_eigenvalue_fraction=0.0, trajectory_val_loss=0.01565369514748454) (from cache, n_batches=100)
  run=qmnkekyw: DiagnosticMetrics(one_step_mase=0.7066406174201296, loop_closure_loss=0.03726228641346097, fast_eigenvalue_fraction=0.0, trajectory_val_loss=0.028356711845844984) (from cache, n_batches=100)
  run=ts7skc4p: DiagnosticMetrics(one_step_mase=0.7493715774184894, loop_closure_loss=0.008650007690303028, fast_eigenvalue_fraction=0.0, trajectory_val_loss=0.04797304790467024) (from cache, n_batches=100)
  run=u50fuuhw: DiagnosticMetrics(one_step_mase=0.7544417033415456, loop_closure_loss=0.004364576127845794, fast_eigenvalue_fraction=0.0, trajectory_val_loss=0.02444327048957348) (from cache, n_batches=100)
  run=q262vz3h: DiagnosticMetrics(one_step_mase=0.7845038681018176, loop_closure_loss=2.7043010832130676e-05, fast_eigenvalue_fraction=0.0, trajectory_val_loss=0.10830366358160973) (from cache, n_batches=100)
  run=qv94xedn: DiagnosticMetrics(one_step_mase=0.821387500397981, loop_closure_loss=1.271294682737789e-05, fast_eigenvalue_fraction=0.0, trajectory_val_loss=0.1368080557882786) (from cache, n_batches=100)

Ranking method:           best_traj_loss
Best run ID:              pip3w5po
Best loop_closure_weight: 1e-06
Best tangent_entropy_weight: 0.0
Best kl_dyn_weight:       0.0
Best traj loss:           0.011552
Criteria applied: ['C1', 'C2', 'C3']
Surviving: 8 / 9
Auto-selected run_id: pip3w5po

======================================================================
PARETO FRONTIER RUNS (6 runs)
======================================================================
  Run ID               LC Loss   Traj Val Loss
  ------------  --------------  --------------
  qv94xedn            0.000013        0.136808
  q262vz3h            0.000027        0.108304
  u50fuuhw            0.004365        0.024443
  2hr7hinr            0.459401        0.015654
  bi75wfwx            2.625714        0.011588
  pip3w5po            9.730125        0.011552 <-- selected

======================================================================
RANKING METHOD COMPARISON (over 8 survivors)
======================================================================
  Method                  Run ID               LC Loss   Traj Val Loss
  ----------------------  ------------  --------------  --------------
  best_traj_loss          pip3w5po            9.730125        0.011552 <-- active
  pareto_knee             bi75wfwx            2.625714        0.011588
  geo_rank                pip3w5po            9.730125        0.011552
  minimax_rank            u50fuuhw            0.004365        0.024443
  geo_log_score           pip3w5po            9.730125        0.011552
  minimax_log_score       u50fuuhw            0.004365        0.024443
======================================================================

Loading run pip3w5po from JacobianODE/WMTask_identity_encoder_verification ...
loaded wmtask RNN model checkpoint 41
Loading cached wmtask hiddens from /orcd/data/ekmiller/001/eisenaj/ControlJacobians/WMTaskModels/WMSelectionTask__cue_time_0.1__response_time_0.25__enforce_fixation_False/BiologicalRNN__cue_time_0.1__learning_rate_0.0005__max_epochs_42__N1_64__N2_64__tau_0.05__dt_0.02__eig_lower_bound_0.1__init_mode_random/_jacobianode_cache/hiddens__all__epoch41__trials4096__seed42.pt
Train dataset shape: torch.Size([11468, 45, 128])
Validation dataset shape: torch.Size([3280, 45, 128])
Test dataset shape: torch.Size([1636, 45, 128])
Train trajectories dataset shape: torch.Size([2867, 49, 128])
Validation trajectories dataset shape: torch.Size([820, 49, 128])
Test trajectories dataset shape: torch.Size([409, 49, 128])
Loading checkpoint epoch=8-step=1125.ckpt...
Skipping 'reconstruction': requires a latent encoder/decoder model.
Skipping 'latent_utilization': requires a latent encoder model.
Computing Lyapunov exponents for KY dimension (full-length, chunk-batched) ...
Mean KY dim (predicted): 0.237 ± 0.468
  Computing Z_flat for PCA (latent_utilization was skipped) ...
Computing prediction windows ...
Windows: 3 — nMSE min=0.0195, median=0.0263, mean=0.0297, max=0.0434
Computing long trajectory prediction ...
Skipping 'encoder_decoder_jacobians': requires a latent encoder/decoder model.
Computing amplification loss ...
Amplification loss — True state: 0.004748
Amplification loss — Latent:     0.004748
