No run_id provided — selecting best run from group 'lorenz_partial_additive_mse_uniform_p30_obsnoise005__ndelays_initsteps_autodim' ...
Found 40 total runs in JacobianODE/Lorenz_INDpartial_NDInitSweep_autodim_D1_NormTrue__JacobianODE (group=lorenz_partial_additive_mse_uniform_p30_obsnoise005__ndelays_initsteps_autodim)
All runs (state, loop_closure_weight, tangent_entropy_weight, kl_dyn_weight):
  rozlkci9: state=finished, lc=0.0, te=0.0, kl_dyn=0.0
  eyfqgemc: state=finished, lc=0.0, te=0.0, kl_dyn=0.0
  l42rqc1g: state=finished, lc=0.0, te=0.0, kl_dyn=0.0
  hic5ynzw: state=finished, lc=0.0, te=0.0, kl_dyn=0.0
  rgca51q1: state=finished, lc=0.0, te=0.0, kl_dyn=0.0
  f28hxmys: state=finished, lc=0.0, te=0.0, kl_dyn=0.0
  hfdqbrv7: state=finished, lc=0.0, te=0.0, kl_dyn=0.0
  2j7828zs: state=finished, lc=0.0, te=0.0, kl_dyn=0.0
  nk3skmmt: state=finished, lc=0.0, te=0.0, kl_dyn=0.0
  pkvfywg7: state=finished, lc=0.0, te=0.0, kl_dyn=0.0
  d2lge3mo: state=finished, lc=0.0, te=0.0, kl_dyn=0.0
  jrl0ag78: state=finished, lc=0.0, te=0.0, kl_dyn=0.0
  xtnby7wy: state=finished, lc=0.0, te=0.0, kl_dyn=0.0
  dker8liz: state=finished, lc=0.0, te=0.0, kl_dyn=0.0
  5v9i6q23: state=finished, lc=0.0, te=0.0, kl_dyn=0.0
  83orklvd: state=finished, lc=0.0, te=0.0, kl_dyn=0.0
  0mjak7ms: state=finished, lc=0.0, te=0.0, kl_dyn=0.0
  xuaha797: state=finished, lc=0.0, te=0.0, kl_dyn=0.0
  wzugs4fw: state=finished, lc=0.0, te=0.0, kl_dyn=0.0
  p39d9tv2: state=finished, lc=0.0, te=0.0, kl_dyn=0.0
  7zq2aqdi: state=finished, lc=0.0, te=0.0, kl_dyn=0.0
  a1zj5wu5: state=finished, lc=0.0, te=0.0, kl_dyn=0.0
  sf1xnomu: state=finished, lc=0.0, te=0.0, kl_dyn=0.0
  0a09lst3: state=finished, lc=0.0, te=0.0, kl_dyn=0.0
  eg3lkacf: state=finished, lc=0.0, te=0.0, kl_dyn=0.0
  u4w79mcv: state=finished, lc=0.0, te=0.0, kl_dyn=0.0
  2u7zk7zi: state=finished, lc=0.0, te=0.0, kl_dyn=0.0
  yqvtgzvo: state=finished, lc=0.0, te=0.0, kl_dyn=0.0
  0lo9zq7p: state=finished, lc=0.0, te=0.0, kl_dyn=0.0
  e184khr0: state=finished, lc=0.0, te=0.0, kl_dyn=0.0
  xxxpg7ig: state=finished, lc=0.0, te=0.0, kl_dyn=0.0
  ig9dt81j: state=finished, lc=0.0, te=0.0, kl_dyn=0.0
  wr926lfr: state=finished, lc=0.0, te=0.0, kl_dyn=0.0
  wtc9e67p: state=finished, lc=0.0, te=0.0, kl_dyn=0.0
  yb09b19p: state=finished, lc=0.0, te=0.0, kl_dyn=0.0
  eav4ihmf: state=finished, lc=0.0, te=0.0, kl_dyn=0.0
  4txbacgu: state=finished, lc=0.0, te=0.0, kl_dyn=0.0
  k8rmk1zv: state=finished, lc=0.0, te=0.0, kl_dyn=0.0
  w9fvt1b0: state=finished, lc=0.0, te=0.0, kl_dyn=0.0
  wetuozcn: state=finished, lc=0.0, te=0.0, kl_dyn=0.0

slurm_timeout_min not found in any run config — falling back to 180 min
  Including rozlkci9 (lc=0.0): use_all_runs=True (state=finished)
  Including eyfqgemc (lc=0.0): use_all_runs=True (state=finished)
  Including l42rqc1g (lc=0.0): use_all_runs=True (state=finished)
  Including hic5ynzw (lc=0.0): use_all_runs=True (state=finished)
  Including rgca51q1 (lc=0.0): use_all_runs=True (state=finished)
  Including f28hxmys (lc=0.0): use_all_runs=True (state=finished)
  Including hfdqbrv7 (lc=0.0): use_all_runs=True (state=finished)
  Including 2j7828zs (lc=0.0): use_all_runs=True (state=finished)
  Including nk3skmmt (lc=0.0): use_all_runs=True (state=finished)
  Including pkvfywg7 (lc=0.0): use_all_runs=True (state=finished)
  Including d2lge3mo (lc=0.0): use_all_runs=True (state=finished)
  Including jrl0ag78 (lc=0.0): use_all_runs=True (state=finished)
  Including xtnby7wy (lc=0.0): use_all_runs=True (state=finished)
  Including dker8liz (lc=0.0): use_all_runs=True (state=finished)
  Including 5v9i6q23 (lc=0.0): use_all_runs=True (state=finished)
  Including 83orklvd (lc=0.0): use_all_runs=True (state=finished)
  Including 0mjak7ms (lc=0.0): use_all_runs=True (state=finished)
  Including xuaha797 (lc=0.0): use_all_runs=True (state=finished)
  Including wzugs4fw (lc=0.0): use_all_runs=True (state=finished)
  Including p39d9tv2 (lc=0.0): use_all_runs=True (state=finished)
  Including 7zq2aqdi (lc=0.0): use_all_runs=True (state=finished)
  Including a1zj5wu5 (lc=0.0): use_all_runs=True (state=finished)
  Including sf1xnomu (lc=0.0): use_all_runs=True (state=finished)
  Including 0a09lst3 (lc=0.0): use_all_runs=True (state=finished)
  Including eg3lkacf (lc=0.0): use_all_runs=True (state=finished)
  Including u4w79mcv (lc=0.0): use_all_runs=True (state=finished)
  Including 2u7zk7zi (lc=0.0): use_all_runs=True (state=finished)
  Including yqvtgzvo (lc=0.0): use_all_runs=True (state=finished)
  Including 0lo9zq7p (lc=0.0): use_all_runs=True (state=finished)
  Including e184khr0 (lc=0.0): use_all_runs=True (state=finished)
  Including xxxpg7ig (lc=0.0): use_all_runs=True (state=finished)
  Including ig9dt81j (lc=0.0): use_all_runs=True (state=finished)
  Including wr926lfr (lc=0.0): use_all_runs=True (state=finished)
  Including wtc9e67p (lc=0.0): use_all_runs=True (state=finished)
  Including yb09b19p (lc=0.0): use_all_runs=True (state=finished)
  Including eav4ihmf (lc=0.0): use_all_runs=True (state=finished)
  Including 4txbacgu (lc=0.0): use_all_runs=True (state=finished)
  Including k8rmk1zv (lc=0.0): use_all_runs=True (state=finished)
  Including w9fvt1b0 (lc=0.0): use_all_runs=True (state=finished)
  Including wetuozcn (lc=0.0): use_all_runs=True (state=finished)
Found 40 effectively-done sweep runs:
  loop_closure_weight=0.0, tangent_entropy_weight=0.0, kl_dyn_weight=0.0 -> run_id=0a09lst3
  loop_closure_weight=0.0, tangent_entropy_weight=0.0, kl_dyn_weight=0.0 -> run_id=0lo9zq7p
  loop_closure_weight=0.0, tangent_entropy_weight=0.0, kl_dyn_weight=0.0 -> run_id=0mjak7ms
  loop_closure_weight=0.0, tangent_entropy_weight=0.0, kl_dyn_weight=0.0 -> run_id=2j7828zs
  loop_closure_weight=0.0, tangent_entropy_weight=0.0, kl_dyn_weight=0.0 -> run_id=2u7zk7zi
  loop_closure_weight=0.0, tangent_entropy_weight=0.0, kl_dyn_weight=0.0 -> run_id=4txbacgu
  loop_closure_weight=0.0, tangent_entropy_weight=0.0, kl_dyn_weight=0.0 -> run_id=5v9i6q23
  loop_closure_weight=0.0, tangent_entropy_weight=0.0, kl_dyn_weight=0.0 -> run_id=7zq2aqdi
  loop_closure_weight=0.0, tangent_entropy_weight=0.0, kl_dyn_weight=0.0 -> run_id=83orklvd
  loop_closure_weight=0.0, tangent_entropy_weight=0.0, kl_dyn_weight=0.0 -> run_id=a1zj5wu5
  loop_closure_weight=0.0, tangent_entropy_weight=0.0, kl_dyn_weight=0.0 -> run_id=d2lge3mo
  loop_closure_weight=0.0, tangent_entropy_weight=0.0, kl_dyn_weight=0.0 -> run_id=dker8liz
  loop_closure_weight=0.0, tangent_entropy_weight=0.0, kl_dyn_weight=0.0 -> run_id=e184khr0
  loop_closure_weight=0.0, tangent_entropy_weight=0.0, kl_dyn_weight=0.0 -> run_id=eav4ihmf
  loop_closure_weight=0.0, tangent_entropy_weight=0.0, kl_dyn_weight=0.0 -> run_id=eg3lkacf
  loop_closure_weight=0.0, tangent_entropy_weight=0.0, kl_dyn_weight=0.0 -> run_id=eyfqgemc
  loop_closure_weight=0.0, tangent_entropy_weight=0.0, kl_dyn_weight=0.0 -> run_id=f28hxmys
  loop_closure_weight=0.0, tangent_entropy_weight=0.0, kl_dyn_weight=0.0 -> run_id=hfdqbrv7
  loop_closure_weight=0.0, tangent_entropy_weight=0.0, kl_dyn_weight=0.0 -> run_id=hic5ynzw
  loop_closure_weight=0.0, tangent_entropy_weight=0.0, kl_dyn_weight=0.0 -> run_id=ig9dt81j
  loop_closure_weight=0.0, tangent_entropy_weight=0.0, kl_dyn_weight=0.0 -> run_id=jrl0ag78
  loop_closure_weight=0.0, tangent_entropy_weight=0.0, kl_dyn_weight=0.0 -> run_id=k8rmk1zv
  loop_closure_weight=0.0, tangent_entropy_weight=0.0, kl_dyn_weight=0.0 -> run_id=l42rqc1g
  loop_closure_weight=0.0, tangent_entropy_weight=0.0, kl_dyn_weight=0.0 -> run_id=nk3skmmt
  loop_closure_weight=0.0, tangent_entropy_weight=0.0, kl_dyn_weight=0.0 -> run_id=p39d9tv2
  loop_closure_weight=0.0, tangent_entropy_weight=0.0, kl_dyn_weight=0.0 -> run_id=pkvfywg7
  loop_closure_weight=0.0, tangent_entropy_weight=0.0, kl_dyn_weight=0.0 -> run_id=rgca51q1
  loop_closure_weight=0.0, tangent_entropy_weight=0.0, kl_dyn_weight=0.0 -> run_id=rozlkci9
  loop_closure_weight=0.0, tangent_entropy_weight=0.0, kl_dyn_weight=0.0 -> run_id=sf1xnomu
  loop_closure_weight=0.0, tangent_entropy_weight=0.0, kl_dyn_weight=0.0 -> run_id=u4w79mcv
  loop_closure_weight=0.0, tangent_entropy_weight=0.0, kl_dyn_weight=0.0 -> run_id=w9fvt1b0
  loop_closure_weight=0.0, tangent_entropy_weight=0.0, kl_dyn_weight=0.0 -> run_id=wetuozcn
  loop_closure_weight=0.0, tangent_entropy_weight=0.0, kl_dyn_weight=0.0 -> run_id=wr926lfr
  loop_closure_weight=0.0, tangent_entropy_weight=0.0, kl_dyn_weight=0.0 -> run_id=wtc9e67p
  loop_closure_weight=0.0, tangent_entropy_weight=0.0, kl_dyn_weight=0.0 -> run_id=wzugs4fw
  loop_closure_weight=0.0, tangent_entropy_weight=0.0, kl_dyn_weight=0.0 -> run_id=xtnby7wy
  loop_closure_weight=0.0, tangent_entropy_weight=0.0, kl_dyn_weight=0.0 -> run_id=xuaha797
  loop_closure_weight=0.0, tangent_entropy_weight=0.0, kl_dyn_weight=0.0 -> run_id=xxxpg7ig
  loop_closure_weight=0.0, tangent_entropy_weight=0.0, kl_dyn_weight=0.0 -> run_id=yb09b19p
  loop_closure_weight=0.0, tangent_entropy_weight=0.0, kl_dyn_weight=0.0 -> run_id=yqvtgzvo
n_dims=65, n_latent=65, n_dyn=11, dt=0.0150
  run=0a09lst3: DiagnosticMetrics(one_step_mase=0.6632716059684753, loop_closure_loss=8.940694808959961, fast_eigenvalue_fraction=0.3590908944606781, trajectory_val_loss=0.006803846452385187) (from cache, n_batches=100)
  run=0lo9zq7p: DiagnosticMetrics(one_step_mase=0.701469361782074, loop_closure_loss=113.39947509765625, fast_eigenvalue_fraction=0.3515625, trajectory_val_loss=0.016283756121993065) (from cache, n_batches=100)
  run=0mjak7ms: DiagnosticMetrics(one_step_mase=0.6686431765556335, loop_closure_loss=3.9462268352508545, fast_eigenvalue_fraction=0.0, trajectory_val_loss=0.005233293399214745) (from cache, n_batches=100)
  run=2j7828zs: DiagnosticMetrics(one_step_mase=0.6311016082763672, loop_closure_loss=0.41077128052711487, fast_eigenvalue_fraction=0.0, trajectory_val_loss=0.009950894862413406) (from cache, n_batches=100)
  run=2u7zk7zi: DiagnosticMetrics(one_step_mase=0.6781697273254395, loop_closure_loss=49.83299255371094, fast_eigenvalue_fraction=0.4394117593765259, trajectory_val_loss=0.007462161593139172) (from cache, n_batches=100)
  run=4txbacgu: DiagnosticMetrics(one_step_mase=0.6721568703651428, loop_closure_loss=24.404052734375, fast_eigenvalue_fraction=0.4737499952316284, trajectory_val_loss=0.006834620609879494) (from cache, n_batches=100)
  run=5v9i6q23: DiagnosticMetrics(one_step_mase=0.6550254225730896, loop_closure_loss=4.001349925994873, fast_eigenvalue_fraction=0.2857142984867096, trajectory_val_loss=0.00552090210840106) (from cache, n_batches=100)
  run=7zq2aqdi: DiagnosticMetrics(one_step_mase=0.6530018448829651, loop_closure_loss=3.0140292644500732, fast_eigenvalue_fraction=0.4000000059604645, trajectory_val_loss=0.007025620434433222) (from cache, n_batches=100)
  run=83orklvd: DiagnosticMetrics(one_step_mase=0.6578584909439087, loop_closure_loss=3.8364126682281494, fast_eigenvalue_fraction=0.2857142984867096, trajectory_val_loss=0.006659208331257105) (from cache, n_batches=100)
  run=a1zj5wu5: DiagnosticMetrics(one_step_mase=0.6603388786315918, loop_closure_loss=7.3412275314331055, fast_eigenvalue_fraction=0.35681816935539246, trajectory_val_loss=0.00683616753667593) (from cache, n_batches=100)
  run=d2lge3mo: DiagnosticMetrics(one_step_mase=0.6636115312576294, loop_closure_loss=2.8115551471710205, fast_eigenvalue_fraction=0.0, trajectory_val_loss=0.006234963424503803) (from cache, n_batches=100)
  run=dker8liz: DiagnosticMetrics(one_step_mase=0.6329793930053711, loop_closure_loss=0.4466928541660309, fast_eigenvalue_fraction=0.3333333432674408, trajectory_val_loss=0.006396517623215914) (from cache, n_batches=100)
  run=e184khr0: DiagnosticMetrics(one_step_mase=0.8905954360961914, loop_closure_loss=131.02194213867188, fast_eigenvalue_fraction=0.37533333897590637, trajectory_val_loss=0.02283286117017269) (from cache, n_batches=100)
  run=eav4ihmf: DiagnosticMetrics(one_step_mase=0.6565994024276733, loop_closure_loss=5.649764537811279, fast_eigenvalue_fraction=0.45884615182876587, trajectory_val_loss=0.005848906468600035) (from cache, n_batches=100)
  run=eg3lkacf: DiagnosticMetrics(one_step_mase=0.6622716188430786, loop_closure_loss=8.09695053100586, fast_eigenvalue_fraction=0.426111102104187, trajectory_val_loss=0.006018174812197685) (from cache, n_batches=100)
  run=eyfqgemc: DiagnosticMetrics(one_step_mase=0.7904332280158997, loop_closure_loss=5.152933120727539, fast_eigenvalue_fraction=0.0, trajectory_val_loss=0.08754920959472656) (from cache, n_batches=100)
  run=f28hxmys: DiagnosticMetrics(one_step_mase=0.637054979801178, loop_closure_loss=0.11162088066339493, fast_eigenvalue_fraction=0.0, trajectory_val_loss=0.012742096558213234) (from cache, n_batches=100)
  run=hfdqbrv7: DiagnosticMetrics(one_step_mase=0.6354407668113708, loop_closure_loss=1.2997634410858154, fast_eigenvalue_fraction=0.5, trajectory_val_loss=0.011395318433642387) (from cache, n_batches=100)
  run=hic5ynzw: DiagnosticMetrics(one_step_mase=1.0403393507003784, loop_closure_loss=0.9549960494041443, fast_eigenvalue_fraction=0.3333333432674408, trajectory_val_loss=0.1392793208360672) (from cache, n_batches=100)
  run=ig9dt81j: DiagnosticMetrics(one_step_mase=0.6593676805496216, loop_closure_loss=26.471942901611328, fast_eigenvalue_fraction=0.4612500071525574, trajectory_val_loss=0.00611862912774086) (from cache, n_batches=100)
  run=jrl0ag78: DiagnosticMetrics(one_step_mase=0.6300713419914246, loop_closure_loss=0.15801428258419037, fast_eigenvalue_fraction=0.0, trajectory_val_loss=0.007230171002447605) (from cache, n_batches=100)
  run=k8rmk1zv: DiagnosticMetrics(one_step_mase=0.6671136021614075, loop_closure_loss=18.022789001464844, fast_eigenvalue_fraction=0.5199999809265137, trajectory_val_loss=0.005795257166028023) (from cache, n_batches=100)
  run=l42rqc1g: DiagnosticMetrics(one_step_mase=1.0393056869506836, loop_closure_loss=0.8822500705718994, fast_eigenvalue_fraction=0.0, trajectory_val_loss=0.2338985800743103) (from cache, n_batches=100)
  run=nk3skmmt: DiagnosticMetrics(one_step_mase=0.6604945063591003, loop_closure_loss=1.005651831626892, fast_eigenvalue_fraction=0.5, trajectory_val_loss=0.007970093749463558) (from cache, n_batches=100)
  run=p39d9tv2: DiagnosticMetrics(one_step_mase=0.6554281115531921, loop_closure_loss=8.439270973205566, fast_eigenvalue_fraction=0.48875001072883606, trajectory_val_loss=0.007179839536547661) (from cache, n_batches=100)
  run=pkvfywg7: DiagnosticMetrics(one_step_mase=0.6597757935523987, loop_closure_loss=7.643290996551514, fast_eigenvalue_fraction=0.0, trajectory_val_loss=0.00659464905038476) (from cache, n_batches=100)
  run=rgca51q1: DiagnosticMetrics(one_step_mase=1.364698052406311, loop_closure_loss=4.962955474853516, fast_eigenvalue_fraction=0.2775000035762787, trajectory_val_loss=0.1578359156847) (from cache, n_batches=100)
  run=rozlkci9: DiagnosticMetrics(one_step_mase=0.8035351037979126, loop_closure_loss=2.2053279876708984, fast_eigenvalue_fraction=0.0, trajectory_val_loss=0.12071456760168076) (from cache, n_batches=100)
  run=sf1xnomu: DiagnosticMetrics(one_step_mase=0.6514770984649658, loop_closure_loss=3.3254430294036865, fast_eigenvalue_fraction=0.3955000042915344, trajectory_val_loss=0.005956427659839392) (from cache, n_batches=100)
  run=u4w79mcv: DiagnosticMetrics(one_step_mase=0.6675496101379395, loop_closure_loss=4.979036808013916, fast_eigenvalue_fraction=0.4444444477558136, trajectory_val_loss=0.00705954572185874) (from cache, n_batches=100)
  run=w9fvt1b0: DiagnosticMetrics(one_step_mase=0.7279269099235535, loop_closure_loss=50.45429229736328, fast_eigenvalue_fraction=0.4596153795719147, trajectory_val_loss=0.015756847336888313) (from cache, n_batches=100)
  run=wetuozcn: DiagnosticMetrics(one_step_mase=0.6544393301010132, loop_closure_loss=8.43765640258789, fast_eigenvalue_fraction=0.47058823704719543, trajectory_val_loss=0.00632119458168745) (from cache, n_batches=100)
  run=wr926lfr: DiagnosticMetrics(one_step_mase=0.669662356376648, loop_closure_loss=41.5259895324707, fast_eigenvalue_fraction=0.4032142758369446, trajectory_val_loss=0.006917516700923443) (from cache, n_batches=100)
  run=wtc9e67p: DiagnosticMetrics(one_step_mase=0.6741722822189331, loop_closure_loss=10.227995872497559, fast_eigenvalue_fraction=0.5454545617103577, trajectory_val_loss=0.01007596030831337) (from cache, n_batches=100)
  run=wzugs4fw: DiagnosticMetrics(one_step_mase=0.6574952006340027, loop_closure_loss=8.164962768554688, fast_eigenvalue_fraction=0.4662500023841858, trajectory_val_loss=0.0060982177965343) (from cache, n_batches=100)
  run=xtnby7wy: DiagnosticMetrics(one_step_mase=0.6645694971084595, loop_closure_loss=4.25631046295166, fast_eigenvalue_fraction=0.14166666567325592, trajectory_val_loss=0.008257216773927212) (from cache, n_batches=100)
  run=xuaha797: DiagnosticMetrics(one_step_mase=0.6823915839195251, loop_closure_loss=9.171093940734863, fast_eigenvalue_fraction=0.20642857253551483, trajectory_val_loss=0.006212009582668543) (from cache, n_batches=100)
  run=xxxpg7ig: DiagnosticMetrics(one_step_mase=0.7937853336334229, loop_closure_loss=74.19416809082031, fast_eigenvalue_fraction=0.3736666738986969, trajectory_val_loss=0.007398287765681744) (from cache, n_batches=100)
  run=yb09b19p: DiagnosticMetrics(one_step_mase=0.6659087538719177, loop_closure_loss=57.04132843017578, fast_eigenvalue_fraction=0.4032142758369446, trajectory_val_loss=0.0059127602726221085) (from cache, n_batches=100)
  run=yqvtgzvo: DiagnosticMetrics(one_step_mase=0.6741759777069092, loop_closure_loss=117.17025756835938, fast_eigenvalue_fraction=0.3515625, trajectory_val_loss=0.00838957168161869) (from cache, n_batches=100)

Ranking method:           best_traj_loss
Best run ID:              d2lge3mo
Best loop_closure_weight: 0.0
Best tangent_entropy_weight: 0.0
Best kl_dyn_weight:       0.0
Best traj loss:           0.006235
Criteria applied: ['C1', 'C2', 'C3']
Surviving: 5 / 40
Auto-selected run_id: d2lge3mo

======================================================================
PARETO FRONTIER RUNS (6 runs)
======================================================================
  Run ID               LC Loss   Traj Val Loss
  ------------  --------------  --------------
  f28hxmys            0.111621        0.012742
  jrl0ag78            0.158014        0.007230
  dker8liz            0.446693        0.006397
  d2lge3mo            2.811555        0.006235 <-- selected
  sf1xnomu            3.325443        0.005956
  0mjak7ms            3.946227        0.005233

======================================================================
RANKING METHOD COMPARISON (over 5 survivors)
======================================================================
  Method                  Run ID               LC Loss   Traj Val Loss
  ----------------------  ------------  --------------  --------------
  best_traj_loss          d2lge3mo            2.811555        0.006235 <-- active
  pareto_knee             jrl0ag78            0.158014        0.007230
  geo_rank                f28hxmys            0.111621        0.012742
  minimax_rank            jrl0ag78            0.158014        0.007230
  geo_log_score           d2lge3mo            2.811555        0.006235
  minimax_log_score       jrl0ag78            0.158014        0.007230
======================================================================

Loading run d2lge3mo from JacobianODE/Lorenz_INDpartial_NDInitSweep_autodim_D1_NormTrue__JacobianODE ...
Train dataset shape: torch.Size([24442, 60, 30])
Validation dataset shape: torch.Size([7777, 60, 30])
Test dataset shape: torch.Size([3333, 60, 30])
Train trajectories dataset shape: torch.Size([22, 1171, 30])
Validation trajectories dataset shape: torch.Size([7, 1171, 30])
Test trajectories dataset shape: torch.Size([3, 1171, 30])
Loading checkpoint epoch=104-step=21000.ckpt...
Computing reconstruction ...
Computing MASE ...
Teacher-forced MASE: 0.6720
Free-running MASE:   0.7278
Computing latent utilization ...
Entropy-based utilization: 0.966
Null subspace mean RMS: 1.097060e-01
Computing Lyapunov exponents ...
  Computing full-trajectory Lyapunov (3 test trajs, T=1171) ...
Predicted Lyapunov exponents (batch+burn-in, 128 windowed trajs):
  λ_1 = +nan ± nan
  λ_2 = +nan ± nan
  λ_3 = +nan ± nan
  λ_4 = +nan ± nan
  λ_5 = +nan ± nan
Predicted Lyapunov exponents (full-length, 3 test trajs):
  λ_1 = +0.3498 ± 0.1020
  λ_2 = -0.0676 ± 0.1431
  λ_3 = -13.6955 ± 0.0610
  λ_4 = -44.9268 ± 0.0479
  λ_5 = -44.9821 ± 0.0668
Empirical Lyapunov exponents (mean ± std):
  λ_1 = +0.4677 ± 0.0259
  λ_2 = -0.2173 ± 0.0549
  λ_3 = -13.9174 ± 0.0513
Mean KY dim (predicted): 2.021 ± 0.002
Mean KY dim (empirical): 2.018 ± 0.003
Mean KY dim (burn-in):   1.841 ± 0.424
Computing prediction windows ...
Windows: 114 — nMSE min=0.0244, median=0.0408, mean=0.0432, max=0.1120
Computing long-trajectory free-running rollouts ...
Computing encoder/decoder Jacobians ...
encoder_jacobian: (128, 30, 30)
decoder_jacobian: (128, 30, 30)
Computing amplification loss ...
Amplification loss — True state: 0.003467
Amplification loss — Latent:     0.006189
