No run_id provided — selecting best run from group 'lorenz_partial_25d_additive_mse_uniform_p30_obsnoise005_nd30_seed5' ...
Found 1 total runs in JacobianODE/Lorenz_INDpartial_NDsweep_D1_NormTrue__JacobianODE (group=lorenz_partial_25d_additive_mse_uniform_p30_obsnoise005_nd30_seed5)
All runs (state, loop_closure_weight, tangent_entropy_weight, kl_dyn_weight):
  m45rx05h: state=finished, lc=0.0, te=0.0, kl_dyn=0.0

slurm_timeout_min not found in any run config — falling back to 180 min
  Including m45rx05h (lc=0.0): use_all_runs=True (state=finished)
Found 1 effectively-done sweep runs:
  loop_closure_weight=0.0, tangent_entropy_weight=0.0, kl_dyn_weight=0.0 -> run_id=m45rx05h
n_dims=30, n_latent=30, n_dyn=3, dt=0.0150
  run=m45rx05h: DiagnosticMetrics(one_step_mase=0.6527441143989563, loop_closure_loss=0.8714377880096436, fast_eigenvalue_fraction=0.0, trajectory_val_loss=0.007361209020018578) (from cache, n_batches=100)

Ranking method:           best_traj_loss
Best run ID:              m45rx05h
Best loop_closure_weight: 0.0
Best tangent_entropy_weight: 0.0
Best kl_dyn_weight:       0.0
Best traj loss:           0.007361
Criteria applied: ['C1', 'C2', 'C3']
Surviving: 1 / 1
Auto-selected run_id: m45rx05h

======================================================================
PARETO FRONTIER RUNS (1 runs)
======================================================================
  Run ID               LC Loss   Traj Val Loss
  ------------  --------------  --------------
  m45rx05h            0.871438        0.007361 <-- selected

======================================================================
RANKING METHOD COMPARISON (over 1 survivors)
======================================================================
  Method                  Run ID               LC Loss   Traj Val Loss
  ----------------------  ------------  --------------  --------------
  best_traj_loss          m45rx05h            0.871438        0.007361 <-- active
  pareto_knee             m45rx05h            0.871438        0.007361
  geo_rank                m45rx05h            0.871438        0.007361
  minimax_rank            m45rx05h            0.871438        0.007361
  geo_log_score           m45rx05h            0.871438        0.007361
  minimax_log_score       m45rx05h            0.871438        0.007361
======================================================================

Loading run m45rx05h from JacobianODE/Lorenz_INDpartial_NDsweep_D1_NormTrue__JacobianODE ...
Train dataset shape: torch.Size([24772, 45, 30])
Validation dataset shape: torch.Size([7882, 45, 30])
Test dataset shape: torch.Size([3378, 45, 30])
Train trajectories dataset shape: torch.Size([22, 1171, 30])
Validation trajectories dataset shape: torch.Size([7, 1171, 30])
Test trajectories dataset shape: torch.Size([3, 1171, 30])
Loading checkpoint epoch=100-step=20200.ckpt...
Computing reconstruction ...
Computing MASE ...
Teacher-forced MASE: 0.6564
Free-running MASE:   0.7331
Computing latent utilization ...
Entropy-based utilization: 0.861
Null subspace mean RMS: 1.171922e-01
Computing Lyapunov exponents ...
  Computing full-trajectory Lyapunov (3 test trajs, T=1171) ...
Predicted Lyapunov exponents (batch+burn-in, 128 windowed trajs):
  λ_1 = +nan ± nan
  λ_2 = +nan ± nan
  λ_3 = +nan ± nan
Predicted Lyapunov exponents (full-length, 3 test trajs):
  λ_1 = +0.2162 ± 0.0930
  λ_2 = -0.0322 ± 0.1325
  λ_3 = -12.6464 ± 0.0693
Empirical Lyapunov exponents (mean ± std):
  λ_1 = +0.4677 ± 0.0259
  λ_2 = -0.2173 ± 0.0549
  λ_3 = -13.9174 ± 0.0513
Mean KY dim (predicted): 2.015 ± 0.003
Mean KY dim (empirical): 2.018 ± 0.003
Mean KY dim (burn-in):   1.953 ± 0.234
Computing prediction windows ...
Windows: 114 — nMSE min=0.0200, median=0.0350, mean=0.0362, max=0.1051
Computing long-trajectory free-running rollouts ...
Computing encoder/decoder Jacobians ...
encoder_jacobian: (128, 30, 30)
decoder_jacobian: (128, 30, 30)
Computing amplification loss ...
Amplification loss — True state: 0.003467
Amplification loss — Latent:     0.006501
