No run_id provided — selecting best run from group 'lorenz_partial_25d_additive_mse_uniform_p30__recon100_obcslow' ...
Found 1 total runs in JacobianODE/Lorenz_INDpartial_N25_D1_NormTrue_T3__JacobianODE (group=lorenz_partial_25d_additive_mse_uniform_p30__recon100_obcslow)
All runs (state, loop_closure_weight, tangent_entropy_weight, kl_dyn_weight):
  m4zejlel: state=finished, lc=1e-05, te=0.0, kl_dyn=0.0

slurm_timeout_min not found in any run config — falling back to 180 min
  Including m4zejlel (lc=1e-05): use_all_runs=True (state=finished)
Found 1 effectively-done sweep runs:
  loop_closure_weight=1e-05, tangent_entropy_weight=0.0, kl_dyn_weight=0.0 -> run_id=m4zejlel
n_dims=25, n_latent=25, n_dyn=3, dt=0.0150
  run=m4zejlel: DiagnosticMetrics(one_step_mase=0.027904605492949486, loop_closure_loss=0.2311270534992218, fast_eigenvalue_fraction=0.0, trajectory_val_loss=4.304070898797363e-05) (from cache, n_batches=100)

Ranking method:           best_traj_loss
Best run ID:              m4zejlel
Best loop_closure_weight: 1e-05
Best tangent_entropy_weight: 0.0
Best kl_dyn_weight:       0.0
Best traj loss:           0.000043
Criteria applied: ['C1', 'C2', 'C3']
Surviving: 1 / 1
Auto-selected run_id: m4zejlel

======================================================================
PARETO FRONTIER RUNS (1 runs)
======================================================================
  Run ID               LC Loss   Traj Val Loss
  ------------  --------------  --------------
  m4zejlel            0.231127        0.000043 <-- selected

======================================================================
RANKING METHOD COMPARISON (over 1 survivors)
======================================================================
  Method                  Run ID               LC Loss   Traj Val Loss
  ----------------------  ------------  --------------  --------------
  best_traj_loss          m4zejlel            0.231127        0.000043 <-- active
  pareto_knee             m4zejlel            0.231127        0.000043
  geo_rank                m4zejlel            0.231127        0.000043
  minimax_rank            m4zejlel            0.231127        0.000043
  geo_log_score           m4zejlel            0.231127        0.000043
  minimax_log_score       m4zejlel            0.231127        0.000043
======================================================================

Loading run m4zejlel from JacobianODE/Lorenz_INDpartial_N25_D1_NormTrue_T3__JacobianODE ...
Train dataset shape: torch.Size([24882, 45, 25])
Validation dataset shape: torch.Size([7917, 45, 25])
Test dataset shape: torch.Size([3393, 45, 25])
Train trajectories dataset shape: torch.Size([22, 1176, 25])
Validation trajectories dataset shape: torch.Size([7, 1176, 25])
Test trajectories dataset shape: torch.Size([3, 1176, 25])
Loading checkpoint epoch=167-step=33600.ckpt...
Computing reconstruction ...
Computing MASE ...
Teacher-forced MASE: 0.0279
Free-running MASE:   0.0690
Computing latent utilization ...
Entropy-based utilization: 0.959
Null subspace mean RMS: 1.678522e-03
Computing Lyapunov exponents ...
  Computing full-trajectory Lyapunov (3 test trajs, T=1176) ...
Predicted Lyapunov exponents (batch+burn-in, 128 windowed trajs):
  λ_1 = +0.4138 ± 0.4405
  λ_2 = -0.4478 ± 0.6770
  λ_3 = -9.5907 ± 1.0342
Predicted Lyapunov exponents (full-length, 3 test trajs):
  λ_1 = +0.2157 ± 0.0278
  λ_2 = -0.1437 ± 0.0483
  λ_3 = -9.8416 ± 0.0173
Empirical Lyapunov exponents (mean ± std):
  λ_1 = +0.2716 ± 0.0605
  λ_2 = -0.1016 ± 0.0797
  λ_3 = -13.8370 ± 0.0514
Mean KY dim (predicted): 2.007 ± 0.003
Mean KY dim (empirical): 2.012 ± 0.003
Mean KY dim (burn-in):   1.942 ± 0.142
Computing prediction windows ...
Windows: 114 — nMSE min=0.0000, median=0.0000, mean=0.0002, max=0.0081
Computing long trajectory prediction ...
Computing encoder/decoder Jacobians ...
encoder_jacobian: (128, 25, 25)
decoder_jacobian: (128, 25, 25)
Computing amplification loss ...
Amplification loss — True state: 0.000047
Amplification loss — Latent:     0.000044
