No run_id provided — selecting best run from group 'wmtask_direct_sum_additive_p20_perareapcaautodim_cayley_partialobs16_splitmode_nearid_tf__ndelays_sweep' ...
Found 6 total runs in JacobianODE/WMTask_identity_encoder_verification (group=wmtask_direct_sum_additive_p20_perareapcaautodim_cayley_partialobs16_splitmode_nearid_tf__ndelays_sweep)
All runs (state, loop_closure_weight, tangent_entropy_weight, kl_dyn_weight):
  wxe7sas1: state=finished, lc=0.0, te=0.0, kl_dyn=0.0
  d4keeqjj: state=finished, lc=0.0, te=0.0, kl_dyn=0.0
  1mi9tvq3: state=finished, lc=0.0, te=0.0, kl_dyn=0.0
  6leje1og: state=finished, lc=0.0, te=0.0, kl_dyn=0.0
  szp2jnl3: state=finished, lc=0.0, te=0.0, kl_dyn=0.0
  po289iaq: state=finished, lc=0.0, te=0.0, kl_dyn=0.0

slurm_timeout_min not found in any run config — falling back to 180 min
  Including wxe7sas1 (lc=0.0): use_all_runs=True (state=finished)
  Including d4keeqjj (lc=0.0): use_all_runs=True (state=finished)
  Including 1mi9tvq3 (lc=0.0): use_all_runs=True (state=finished)
  Including 6leje1og (lc=0.0): use_all_runs=True (state=finished)
  Including szp2jnl3 (lc=0.0): use_all_runs=True (state=finished)
  Including po289iaq (lc=0.0): use_all_runs=True (state=finished)
Found 6 effectively-done sweep runs:
  loop_closure_weight=0.0, tangent_entropy_weight=0.0, kl_dyn_weight=0.0 -> run_id=1mi9tvq3
  loop_closure_weight=0.0, tangent_entropy_weight=0.0, kl_dyn_weight=0.0 -> run_id=6leje1og
  loop_closure_weight=0.0, tangent_entropy_weight=0.0, kl_dyn_weight=0.0 -> run_id=d4keeqjj
  loop_closure_weight=0.0, tangent_entropy_weight=0.0, kl_dyn_weight=0.0 -> run_id=po289iaq
  loop_closure_weight=0.0, tangent_entropy_weight=0.0, kl_dyn_weight=0.0 -> run_id=szp2jnl3
  loop_closure_weight=0.0, tangent_entropy_weight=0.0, kl_dyn_weight=0.0 -> run_id=wxe7sas1
loaded wmtask RNN model checkpoint 41
Loading cached wmtask hiddens from /orcd/data/ekmiller/001/eisenaj/ControlJacobians/WMTaskModels/WMSelectionTask__cue_time_0.1__response_time_0.25__enforce_fixation_False/BiologicalRNN__cue_time_0.1__learning_rate_0.0005__max_epochs_42__N1_64__N2_64__tau_0.05__dt_0.02__eig_lower_bound_0.1__init_mode_random/_jacobianode_cache/hiddens__all__epoch41__trials4096__seed42.pt
n_dims=32, n_latent=32, n_dyn=21, dt=0.0200
  run=1mi9tvq3: DiagnosticMetrics(one_step_mase=0.6037386655807495, loop_closure_loss=46.490692138671875, fast_eigenvalue_fraction=0.0, trajectory_val_loss=0.0048845368437469006) (from W&B history)
  run=6leje1og: DiagnosticMetrics(one_step_mase=0.5177955627441406, loop_closure_loss=91.04327392578125, fast_eigenvalue_fraction=0.0, trajectory_val_loss=0.00346737471409142) (from W&B history)
  run=d4keeqjj: DiagnosticMetrics(one_step_mase=0.6029083132743835, loop_closure_loss=116.82996368408203, fast_eigenvalue_fraction=0.0, trajectory_val_loss=0.0038676063995808363) (from W&B history)
  run=po289iaq: DiagnosticMetrics(one_step_mase=0.5329155325889587, loop_closure_loss=95.22949981689453, fast_eigenvalue_fraction=0.0, trajectory_val_loss=0.0033825025893747807) (from W&B history)
  run=szp2jnl3: DiagnosticMetrics(one_step_mase=0.48567140102386475, loop_closure_loss=66.32778930664062, fast_eigenvalue_fraction=0.0, trajectory_val_loss=0.003728272393345833) (from W&B history)
  run=wxe7sas1: DiagnosticMetrics(one_step_mase=0.5608658194541931, loop_closure_loss=100.53578186035156, fast_eigenvalue_fraction=0.0, trajectory_val_loss=0.003391801379621029) (from W&B history)

Ranking method:           best_traj_loss
Best run ID:              po289iaq
Best loop_closure_weight: 0.0
Best tangent_entropy_weight: 0.0
Best kl_dyn_weight:       0.0
Best traj loss:           0.003383
Criteria applied: ['C1', 'C3']
Surviving: 6 / 6
Auto-selected run_id: po289iaq

======================================================================
PARETO FRONTIER RUNS (4 runs)
======================================================================
  Run ID               LC Loss   Traj Val Loss
  ------------  --------------  --------------
  1mi9tvq3           46.490692        0.004885
  szp2jnl3           66.327789        0.003728
  6leje1og           91.043274        0.003467
  po289iaq           95.229500        0.003383 <-- selected

======================================================================
RANKING METHOD COMPARISON (over 6 survivors)
======================================================================
  Method                  Run ID               LC Loss   Traj Val Loss
  ----------------------  ------------  --------------  --------------
  best_traj_loss          po289iaq           95.229500        0.003383 <-- active
  pareto_knee             szp2jnl3           66.327789        0.003728
  geo_rank                po289iaq           95.229500        0.003383
  minimax_rank            6leje1og           91.043274        0.003467
  geo_log_score           1mi9tvq3           46.490692        0.004885
  minimax_log_score       szp2jnl3           66.327789        0.003728
======================================================================

Loading run po289iaq from JacobianODE/WMTask_identity_encoder_verification ...
loaded wmtask RNN model checkpoint 41
Loading cached wmtask hiddens from /orcd/data/ekmiller/001/eisenaj/ControlJacobians/WMTaskModels/WMSelectionTask__cue_time_0.1__response_time_0.25__enforce_fixation_False/BiologicalRNN__cue_time_0.1__learning_rate_0.0005__max_epochs_42__N1_64__N2_64__tau_0.05__dt_0.02__eig_lower_bound_0.1__init_mode_random/_jacobianode_cache/hiddens__all__epoch41__trials4096__seed42.pt
Loading checkpoint epoch=38-step=4875.ckpt...
Train dataset shape: torch.Size([17202, 35, 288])
Validation dataset shape: torch.Size([4920, 35, 288])
Test dataset shape: torch.Size([2454, 35, 288])
Train trajectories dataset shape: torch.Size([2867, 41, 288])
Validation trajectories dataset shape: torch.Size([820, 41, 288])
Test trajectories dataset shape: torch.Size([409, 41, 288])
Loading checkpoint epoch=38-step=4875.ckpt...
Computing reconstruction ...
Computing MASE ...
Teacher-forced MASE: 0.5356
Free-running MASE:   0.5943
Computing latent utilization ...
Entropy-based utilization: 0.889
Null subspace mean RMS: 6.336765e-02
Computing Lyapunov exponents ...
  Computing full-trajectory Lyapunov (409 test trajs, T=41) ...
Predicted Lyapunov exponents (batch+burn-in, 128 windowed trajs):
  λ_1 = -0.0865 ± 0.2627
  λ_2 = -0.5829 ± 0.4024
  λ_3 = -1.0363 ± 0.4391
  λ_4 = -1.2589 ± 0.4746
  λ_5 = -1.6332 ± 0.4053
  λ_6 = -2.0552 ± 0.5369
  λ_7 = -2.4625 ± 0.4648
  λ_8 = -2.8528 ± 0.5254
  λ_9 = -3.1633 ± 0.5110
  λ_10 = -3.2768 ± 0.5103
  λ_11 = -3.4063 ± 0.5356
  λ_12 = -3.4826 ± 0.5373
  λ_13 = -3.5418 ± 0.5481
  λ_14 = -3.5905 ± 0.5513
  λ_15 = -3.6704 ± 0.5609
  λ_16 = -3.7542 ± 0.5966
  λ_17 = -3.8488 ± 0.6201
  λ_18 = -3.9322 ± 0.6335
  λ_19 = -4.0250 ± 0.6296
  λ_20 = -4.1240 ± 0.6333
  λ_21 = -4.2339 ± 0.6524
  λ_22 = -4.3899 ± 0.6970
  λ_23 = -4.5527 ± 0.7132
  λ_24 = -4.8574 ± 0.7992
  λ_25 = -5.0969 ± 0.8010
  λ_26 = -5.3074 ± 0.8671
  λ_27 = -5.8574 ± 0.9680
  λ_28 = -6.4686 ± 0.9348
  λ_29 = -7.1844 ± 1.1894
  λ_30 = -7.3833 ± 1.1543
Predicted Lyapunov exponents (full-length, 409 test trajs):
  λ_1 = -0.1976 ± 0.4230
  λ_2 = -1.2127 ± 0.4786
  λ_3 = -1.6231 ± 0.4435
  λ_4 = -1.9722 ± 0.4738
  λ_5 = -2.6045 ± 0.4516
  λ_6 = -2.9213 ± 0.3978
  λ_7 = -3.3134 ± 0.3895
  λ_8 = -3.7497 ± 0.4177
  λ_9 = -4.4601 ± 0.3383
  λ_10 = -4.6917 ± 0.2864
  λ_11 = -4.8454 ± 0.2985
  λ_12 = -4.9802 ± 0.2686
  λ_13 = -5.0708 ± 0.2812
  λ_14 = -5.1841 ± 0.2863
  λ_15 = -5.2743 ± 0.2948
  λ_16 = -5.3352 ± 0.3102
  λ_17 = -5.4000 ± 0.3229
  λ_18 = -5.4739 ± 0.3333
  λ_19 = -5.5450 ± 0.3306
  λ_20 = -5.6088 ± 0.3249
  λ_21 = -5.7081 ± 0.3290
  λ_22 = -5.8041 ± 0.3516
  λ_23 = -5.9059 ± 0.3826
  λ_24 = -6.0359 ± 0.4405
  λ_25 = -6.2169 ± 0.4941
  λ_26 = -6.3966 ± 0.5515
  λ_27 = -6.5658 ± 0.5229
  λ_28 = -6.8105 ± 0.5018
  λ_29 = -7.0783 ± 0.5729
  λ_30 = -7.3287 ± 0.6092
Empirical Lyapunov exponents (mean ± std):
  λ_1 = -0.6836 ± 0.4470
  λ_2 = -1.2860 ± 0.4717
  λ_3 = -1.8796 ± 0.4983
  λ_4 = -2.5140 ± 0.3383
  λ_5 = -2.9329 ± 0.4143
  λ_6 = -3.2778 ± 0.5212
  λ_7 = -3.7948 ± 0.4446
  λ_8 = -4.2351 ± 0.4668
  λ_9 = -4.6672 ± 0.4583
  λ_10 = -5.0458 ± 0.4531
  λ_11 = -5.3534 ± 0.4185
  λ_12 = -5.7506 ± 0.4346
  λ_13 = -6.2355 ± 0.3491
  λ_14 = -6.7043 ± 0.5036
  λ_15 = -7.0414 ± 0.4554
  λ_16 = -7.3719 ± 0.4648
  λ_17 = -7.6725 ± 0.4415
  λ_18 = -7.9667 ± 0.4130
  λ_19 = -8.2155 ± 0.4290
  λ_20 = -8.4474 ± 0.4083
  λ_21 = -8.6400 ± 0.3667
  λ_22 = -8.8546 ± 0.3395
  λ_23 = -9.0471 ± 0.3366
  λ_24 = -9.3642 ± 0.2863
  λ_25 = -9.5403 ± 0.3009
  λ_26 = -9.7473 ± 0.3189
  λ_27 = -9.9780 ± 0.3514
  λ_28 = -10.2177 ± 0.4331
  λ_29 = -10.4760 ± 0.4197
  λ_30 = -10.6968 ± 0.4504
  λ_31 = -11.0538 ± 0.5425
  λ_32 = -11.3182 ± 0.5459
  λ_33 = -11.7806 ± 0.6071
  λ_34 = -12.3300 ± 0.5244
  λ_35 = -12.6464 ± 0.5369
  λ_36 = -13.0198 ± 0.6314
  λ_37 = -13.3795 ± 0.7073
  λ_38 = -13.7502 ± 0.7660
  λ_39 = -14.0682 ± 0.7579
  λ_40 = -14.3279 ± 0.7619
  λ_41 = -14.6206 ± 0.8778
  λ_42 = -15.0213 ± 0.8116
  λ_43 = -15.3487 ± 0.8488
  λ_44 = -15.7679 ± 0.8512
  λ_45 = -16.3535 ± 0.8105
  λ_46 = -17.2371 ± 0.8420
  λ_47 = -18.0172 ± 0.6551
  λ_48 = -18.7348 ± 0.4352
  λ_49 = -19.1920 ± 0.4388
  λ_50 = -19.6032 ± 0.3862
  λ_51 = -19.9849 ± 0.4171
  λ_52 = -20.2854 ± 0.3677
  λ_53 = -20.7129 ± 0.4088
  λ_54 = -21.2293 ± 0.4493
  λ_55 = -22.1518 ± 0.3711
  λ_56 = -22.5100 ± 0.3571
  λ_57 = -22.8264 ± 0.3133
  λ_58 = -23.1069 ± 0.3495
  λ_59 = -23.3589 ± 0.3337
  λ_60 = -23.6276 ± 0.2926
  λ_61 = -23.8603 ± 0.3155
  λ_62 = -24.0618 ± 0.3005
  λ_63 = -24.2152 ± 0.3129
  λ_64 = -24.3396 ± 0.3136
  λ_65 = -24.4895 ± 0.3210
  λ_66 = -24.6115 ± 0.3197
  λ_67 = -24.7359 ± 0.3269
  λ_68 = -24.8561 ± 0.3392
  λ_69 = -24.9753 ± 0.3426
  λ_70 = -25.1117 ± 0.3497
  λ_71 = -25.2226 ± 0.3734
  λ_72 = -25.3357 ± 0.4009
  λ_73 = -25.4353 ± 0.4172
  λ_74 = -25.5439 ± 0.4046
  λ_75 = -25.6332 ± 0.4116
  λ_76 = -25.7832 ± 0.4585
  λ_77 = -25.9142 ± 0.4799
  λ_78 = -26.0449 ± 0.4990
  λ_79 = -26.1810 ± 0.5037
  λ_80 = -26.3617 ± 0.4899
  λ_81 = -26.5171 ± 0.4864
  λ_82 = -26.6628 ± 0.4753
  λ_83 = -26.8617 ± 0.4795
  λ_84 = -27.0282 ± 0.5036
  λ_85 = -27.2607 ± 0.4846
  λ_86 = -27.4529 ± 0.4854
  λ_87 = -27.5733 ± 0.4725
  λ_88 = -27.7187 ± 0.4967
  λ_89 = -27.8617 ± 0.5003
  λ_90 = -27.9895 ± 0.4903
  λ_91 = -28.1274 ± 0.4923
  λ_92 = -28.2824 ± 0.4913
  λ_93 = -28.4072 ± 0.4914
  λ_94 = -28.5255 ± 0.4695
  λ_95 = -28.6477 ± 0.4521
  λ_96 = -28.7842 ± 0.4453
  λ_97 = -28.9001 ± 0.4403
  λ_98 = -29.0308 ± 0.4330
  λ_99 = -29.1511 ± 0.4295
  λ_100 = -29.2954 ± 0.4247
  λ_101 = -29.4503 ± 0.4217
  λ_102 = -29.5753 ± 0.4321
  λ_103 = -29.6956 ± 0.4539
  λ_104 = -29.8547 ± 0.4485
  λ_105 = -29.9992 ± 0.4490
  λ_106 = -30.1172 ± 0.4378
  λ_107 = -30.2615 ± 0.4426
  λ_108 = -30.4062 ± 0.3980
  λ_109 = -30.5554 ± 0.4003
  λ_110 = -30.7032 ± 0.3985
  λ_111 = -30.8743 ± 0.4228
  λ_112 = -31.0109 ± 0.4336
  λ_113 = -31.1492 ± 0.4292
  λ_114 = -31.3023 ± 0.3981
  λ_115 = -31.4396 ± 0.4097
  λ_116 = -31.5685 ± 0.3902
  λ_117 = -31.7302 ± 0.3526
  λ_118 = -31.8705 ± 0.3050
  λ_119 = -31.9948 ± 0.3040
  λ_120 = -32.0998 ± 0.2813
  λ_121 = -32.2401 ± 0.2718
  λ_122 = -32.3221 ± 0.2617
  λ_123 = -32.4282 ± 0.2531
  λ_124 = -32.5858 ± 0.2272
  λ_125 = -32.8296 ± 0.2629
  λ_126 = -33.0206 ± 0.2244
  λ_127 = -33.2132 ± 0.2160
  λ_128 = -33.4614 ± 0.3541
Mean KY dim (predicted): 0.497 ± 0.633
Mean KY dim (empirical): 0.042 ± 0.210
Mean KY dim (burn-in):   0.688 ± 1.009
Computing prediction windows ...
Windows: 3 — nMSE min=0.0161, median=0.0183, mean=0.0212, max=0.0291
Computing long-trajectory free-running rollouts ...
Computing encoder/decoder Jacobians ...
encoder_jacobian: (128, 288, 288)
decoder_jacobian: (128, 288, 288)
Computing amplification loss ...
Amplification loss — True state: 0.005491
Amplification loss — Latent:     0.005613
Computing tangent space spectrum ...
