No run_id provided — selecting best run from group 'wmtask_latent_additive_mse_p30_permidentity_replication_v2' ...
Found 1 total runs in JacobianODE/WMTask_identity_encoder_verification (group=wmtask_latent_additive_mse_p30_permidentity_replication_v2)
All runs (state, loop_closure_weight, tangent_entropy_weight, kl_dyn_weight):
  03nt7ko5: state=finished, lc=1e-05, te=0.0, kl_dyn=0.0

slurm_timeout_min not found in any run config — falling back to 180 min
  Including 03nt7ko5 (lc=1e-05): use_all_runs=True (state=finished)
Found 1 effectively-done sweep runs:
  loop_closure_weight=1e-05, tangent_entropy_weight=0.0, kl_dyn_weight=0.0 -> run_id=03nt7ko5
loaded wmtask RNN model checkpoint 41
Loading cached wmtask hiddens from /orcd/data/ekmiller/001/eisenaj/ControlJacobians/WMTaskModels/WMSelectionTask__cue_time_0.1__response_time_0.25__enforce_fixation_False/BiologicalRNN__cue_time_0.1__learning_rate_0.0005__max_epochs_42__N1_64__N2_64__tau_0.05__dt_0.02__eig_lower_bound_0.1__init_mode_random/_jacobianode_cache/hiddens__all__epoch41__trials4096__seed42.pt
n_dims=128, n_latent=128, n_dyn=128, dt=0.0200
  run=03nt7ko5: DiagnosticMetrics(one_step_mase=0.5895928144454956, loop_closure_loss=9.915694236755371, fast_eigenvalue_fraction=0.0, trajectory_val_loss=0.004464560654014349) (from W&B history)

Ranking method:           best_traj_loss
Best run ID:              03nt7ko5
Best loop_closure_weight: 1e-05
Best tangent_entropy_weight: 0.0
Best kl_dyn_weight:       0.0
Best traj loss:           0.004465
Criteria applied: ['C1', 'C2', 'C3']
Surviving: 1 / 1
Auto-selected run_id: 03nt7ko5

======================================================================
PARETO FRONTIER RUNS (1 runs)
======================================================================
  Run ID               LC Loss   Traj Val Loss
  ------------  --------------  --------------
  03nt7ko5            9.915694        0.004465 <-- selected

======================================================================
RANKING METHOD COMPARISON (over 1 survivors)
======================================================================
  Method                  Run ID               LC Loss   Traj Val Loss
  ----------------------  ------------  --------------  --------------
  best_traj_loss          03nt7ko5            9.915694        0.004465 <-- active
  pareto_knee             03nt7ko5            9.915694        0.004465
  geo_rank                03nt7ko5            9.915694        0.004465
  minimax_rank            03nt7ko5            9.915694        0.004465
  geo_log_score           03nt7ko5            9.915694        0.004465
  minimax_log_score       03nt7ko5            9.915694        0.004465
======================================================================

Loading run 03nt7ko5 from JacobianODE/WMTask_identity_encoder_verification ...
loaded wmtask RNN model checkpoint 41
Loading cached wmtask hiddens from /orcd/data/ekmiller/001/eisenaj/ControlJacobians/WMTaskModels/WMSelectionTask__cue_time_0.1__response_time_0.25__enforce_fixation_False/BiologicalRNN__cue_time_0.1__learning_rate_0.0005__max_epochs_42__N1_64__N2_64__tau_0.05__dt_0.02__eig_lower_bound_0.1__init_mode_random/_jacobianode_cache/hiddens__all__epoch41__trials4096__seed42.pt
Loading checkpoint epoch=34-step=4375.ckpt...
Train dataset shape: torch.Size([11468, 45, 128])
Validation dataset shape: torch.Size([3280, 45, 128])
Test dataset shape: torch.Size([1636, 45, 128])
Train trajectories dataset shape: torch.Size([2867, 49, 128])
Validation trajectories dataset shape: torch.Size([820, 49, 128])
Test trajectories dataset shape: torch.Size([409, 49, 128])
Loading checkpoint epoch=34-step=4375.ckpt...
Computing reconstruction ...
Computing MASE ...
Teacher-forced MASE: 0.6959
Free-running MASE:   0.7222
Computing latent utilization ...
Entropy-based utilization: 0.901
Computing Lyapunov exponents ...
  Computing full-trajectory Lyapunov (409 test trajs, T=49) ...
Predicted Lyapunov exponents (batch+burn-in, 128 windowed trajs):
  λ_1 = -0.3469 ± 0.2678
  λ_2 = -1.0146 ± 0.6187
  λ_3 = -1.4580 ± 0.5465
  λ_4 = -1.8217 ± 0.5898
  λ_5 = -2.3100 ± 0.8199
  λ_6 = -2.7156 ± 0.9094
  λ_7 = -3.4509 ± 0.6412
  λ_8 = -3.6334 ± 0.6283
  λ_9 = -4.8289 ± 0.4686
  λ_10 = -5.0641 ± 0.6187
  λ_11 = -5.4745 ± 0.6376
  λ_12 = -5.6338 ± 0.6589
  λ_13 = -5.8685 ± 0.7151
  λ_14 = -6.1399 ± 0.6651
  λ_15 = -6.2943 ± 0.6591
  λ_16 = -6.3609 ± 0.6780
  λ_17 = -6.4360 ± 0.7047
  λ_18 = -6.5279 ± 0.7195
  λ_19 = -6.6398 ± 0.7162
  λ_20 = -6.7389 ± 0.7445
  λ_21 = -6.8154 ± 0.7533
  λ_22 = -6.8698 ± 0.7499
  λ_23 = -6.9097 ± 0.7429
  λ_24 = -6.9634 ± 0.7364
  λ_25 = -7.0376 ± 0.7372
  λ_26 = -7.1328 ± 0.7645
  λ_27 = -7.1956 ± 0.7599
  λ_28 = -7.2532 ± 0.7585
  λ_29 = -7.2987 ± 0.7516
  λ_30 = -7.3437 ± 0.7550
  λ_31 = -7.4012 ± 0.7664
  λ_32 = -7.5559 ± 0.8120
  λ_33 = -7.6276 ± 0.8062
  λ_34 = -7.6779 ± 0.8085
  λ_35 = -7.7244 ± 0.8136
  λ_36 = -7.7722 ± 0.8241
  λ_37 = -7.8328 ± 0.8292
  λ_38 = -7.8934 ± 0.8478
  λ_39 = -7.9680 ± 0.8438
  λ_40 = -8.0386 ± 0.8375
  λ_41 = -8.1081 ± 0.8387
  λ_42 = -8.1709 ± 0.8419
  λ_43 = -8.2211 ± 0.8580
  λ_44 = -8.2662 ± 0.8579
  λ_45 = -8.3072 ± 0.8595
  λ_46 = -8.3637 ± 0.8507
  λ_47 = -8.4317 ± 0.8533
  λ_48 = -8.5069 ± 0.8692
  λ_49 = -8.5803 ± 0.9032
  λ_50 = -8.7369 ± 0.9010
  λ_51 = -8.8047 ± 0.9057
  λ_52 = -8.8639 ± 0.9153
  λ_53 = -8.9270 ± 0.9162
  λ_54 = -8.9840 ± 0.9159
  λ_55 = -9.0338 ± 0.9126
  λ_56 = -9.0974 ± 0.9392
  λ_57 = -9.1445 ± 0.9471
  λ_58 = -9.1863 ± 0.9531
  λ_59 = -9.2399 ± 0.9636
  λ_60 = -9.2959 ± 0.9716
  λ_61 = -9.3500 ± 0.9800
  λ_62 = -9.4256 ± 0.9908
  λ_63 = -9.4876 ± 0.9982
  λ_64 = -9.5594 ± 0.9870
  λ_65 = -9.6275 ± 0.9944
  λ_66 = -9.6857 ± 1.0078
  λ_67 = -9.7484 ± 1.0133
  λ_68 = -9.7918 ± 1.0163
  λ_69 = -9.8337 ± 1.0203
  λ_70 = -9.8746 ± 1.0257
  λ_71 = -9.9176 ± 1.0277
  λ_72 = -9.9805 ± 1.0255
  λ_73 = -10.0417 ± 1.0336
  λ_74 = -10.1101 ± 1.0439
  λ_75 = -10.1954 ± 1.0562
  λ_76 = -10.3022 ± 1.0709
  λ_77 = -10.4007 ± 1.0847
  λ_78 = -10.4984 ± 1.1060
  λ_79 = -10.6280 ± 1.1508
  λ_80 = -10.6993 ± 1.1656
  λ_81 = -10.7714 ± 1.1634
  λ_82 = -10.8527 ± 1.1678
  λ_83 = -10.9474 ± 1.1716
  λ_84 = -11.0156 ± 1.1773
  λ_85 = -11.0796 ± 1.1897
  λ_86 = -11.1565 ± 1.2106
  λ_87 = -11.2639 ± 1.1859
  λ_88 = -11.3605 ± 1.2026
  λ_89 = -11.4467 ± 1.2015
  λ_90 = -11.5344 ± 1.2109
  λ_91 = -11.6054 ± 1.2075
  λ_92 = -11.6871 ± 1.2604
  λ_93 = -11.8426 ± 1.2382
  λ_94 = -11.9475 ± 1.2486
  λ_95 = -12.0352 ± 1.2453
  λ_96 = -12.1446 ± 1.2639
  λ_97 = -12.2857 ± 1.3048
  λ_98 = -12.4420 ± 1.3369
  λ_99 = -12.7821 ± 1.3085
  λ_100 = -12.9797 ± 1.3715
  λ_101 = -13.1242 ± 1.3615
  λ_102 = -13.2619 ± 1.3912
  λ_103 = -13.3506 ± 1.3897
  λ_104 = -13.4270 ± 1.3898
  λ_105 = -13.5744 ± 1.4458
  λ_106 = -13.7750 ± 1.4748
  λ_107 = -14.0156 ± 1.5028
  λ_108 = -14.1568 ± 1.4896
  λ_109 = -14.2887 ± 1.5177
  λ_110 = -14.4627 ± 1.4789
  λ_111 = -14.5907 ± 1.5218
  λ_112 = -14.6758 ± 1.5386
  λ_113 = -14.7799 ± 1.5265
  λ_114 = -14.9119 ± 1.4882
  λ_115 = -15.1334 ± 1.5105
  λ_116 = -15.3360 ± 1.5876
  λ_117 = -15.4703 ± 1.6099
  λ_118 = -15.5969 ± 1.6058
  λ_119 = -15.7791 ± 1.6943
  λ_120 = -15.9350 ± 1.6832
  λ_121 = -16.1740 ± 1.6473
  λ_122 = -16.6801 ± 1.7287
  λ_123 = -16.8609 ± 1.7169
  λ_124 = -17.1116 ± 1.7663
  λ_125 = -17.3793 ± 1.8064
  λ_126 = -17.7391 ± 1.8447
  λ_127 = -18.0380 ± 1.8985
  λ_128 = -20.5724 ± 2.0054
Predicted Lyapunov exponents (full-length, 409 test trajs):
  λ_1 = -2.1892 ± 0.4895
  λ_2 = -3.1256 ± 0.5302
  λ_3 = -3.9055 ± 0.5673
  λ_4 = -4.8146 ± 0.5413
  λ_5 = -5.3092 ± 0.3787
  λ_6 = -5.7143 ± 0.3220
  λ_7 = -6.0094 ± 0.3148
  λ_8 = -6.3934 ± 0.3784
  λ_9 = -6.7509 ± 0.4361
  λ_10 = -7.2981 ± 0.4399
  λ_11 = -7.6270 ± 0.3894
  λ_12 = -7.8786 ± 0.3655
  λ_13 = -8.0895 ± 0.3262
  λ_14 = -8.3031 ± 0.3267
  λ_15 = -8.4502 ± 0.3301
  λ_16 = -8.5734 ± 0.3189
  λ_17 = -8.7436 ± 0.3106
  λ_18 = -8.9011 ± 0.2647
  λ_19 = -9.0282 ± 0.2912
  λ_20 = -9.1711 ± 0.2852
  λ_21 = -9.2874 ± 0.2939
  λ_22 = -9.4028 ± 0.3085
  λ_23 = -9.6249 ± 0.3091
  λ_24 = -9.8402 ± 0.3241
  λ_25 = -10.0053 ± 0.3207
  λ_26 = -10.1560 ± 0.3120
  λ_27 = -10.2737 ± 0.3008
  λ_28 = -10.3765 ± 0.3189
  λ_29 = -10.5029 ± 0.3166
  λ_30 = -10.6461 ± 0.3104
  λ_31 = -10.7704 ± 0.3525
  λ_32 = -10.9325 ± 0.3666
  λ_33 = -11.0549 ± 0.3700
  λ_34 = -11.1495 ± 0.3447
  λ_35 = -11.2141 ± 0.3365
  λ_36 = -11.2856 ± 0.3442
  λ_37 = -11.3493 ± 0.3491
  λ_38 = -11.3945 ± 0.3513
  λ_39 = -11.4332 ± 0.3577
  λ_40 = -11.4741 ± 0.3584
  λ_41 = -11.5262 ± 0.3587
  λ_42 = -11.5740 ± 0.3648
  λ_43 = -11.6151 ± 0.3705
  λ_44 = -11.6561 ± 0.3756
  λ_45 = -11.7050 ± 0.3773
  λ_46 = -11.7445 ± 0.3792
  λ_47 = -11.7859 ± 0.3764
  λ_48 = -11.8357 ± 0.3782
  λ_49 = -11.8714 ± 0.3808
  λ_50 = -11.9110 ± 0.3798
  λ_51 = -11.9636 ± 0.3899
  λ_52 = -12.0087 ± 0.3987
  λ_53 = -12.0549 ± 0.4103
  λ_54 = -12.1085 ± 0.4220
  λ_55 = -12.1558 ± 0.4259
  λ_56 = -12.2088 ± 0.4245
  λ_57 = -12.2586 ± 0.4315
  λ_58 = -12.3089 ± 0.4263
  λ_59 = -12.3553 ± 0.4285
  λ_60 = -12.4027 ± 0.4300
  λ_61 = -12.4462 ± 0.4328
  λ_62 = -12.4897 ± 0.4282
  λ_63 = -12.5510 ± 0.4090
  λ_64 = -12.5939 ± 0.4067
  λ_65 = -12.6493 ± 0.4041
  λ_66 = -12.6976 ± 0.4068
  λ_67 = -12.7454 ± 0.4052
  λ_68 = -12.7910 ± 0.4099
  λ_69 = -12.8354 ± 0.4184
  λ_70 = -12.8792 ± 0.4304
  λ_71 = -12.9391 ± 0.4494
  λ_72 = -12.9873 ± 0.4528
  λ_73 = -13.0427 ± 0.4628
  λ_74 = -13.0811 ± 0.4655
  λ_75 = -13.1287 ± 0.4712
  λ_76 = -13.1744 ± 0.4762
  λ_77 = -13.2173 ± 0.4766
  λ_78 = -13.2809 ± 0.4884
  λ_79 = -13.3350 ± 0.4837
  λ_80 = -13.4107 ± 0.4812
  λ_81 = -13.4851 ± 0.4976
  λ_82 = -13.5485 ± 0.4935
  λ_83 = -13.6042 ± 0.4898
  λ_84 = -13.6589 ± 0.4924
  λ_85 = -13.7235 ± 0.5017
  λ_86 = -13.7847 ± 0.5133
  λ_87 = -13.8362 ± 0.5227
  λ_88 = -13.8943 ± 0.5331
  λ_89 = -13.9471 ± 0.5453
  λ_90 = -14.0040 ± 0.5459
  λ_91 = -14.0622 ± 0.5468
  λ_92 = -14.1290 ± 0.5567
  λ_93 = -14.2199 ± 0.5656
  λ_94 = -14.2954 ± 0.5819
  λ_95 = -14.3709 ± 0.6064
  λ_96 = -14.4624 ± 0.5984
  λ_97 = -14.5895 ± 0.6042
  λ_98 = -14.7726 ± 0.6184
  λ_99 = -14.9617 ± 0.6019
  λ_100 = -15.1211 ± 0.5988
  λ_101 = -15.2884 ± 0.6236
  λ_102 = -15.4375 ± 0.6558
  λ_103 = -15.5638 ± 0.7022
  λ_104 = -15.6672 ± 0.6710
  λ_105 = -15.7748 ± 0.6882
  λ_106 = -15.9040 ± 0.6821
  λ_107 = -16.1689 ± 0.6781
  λ_108 = -16.3456 ± 0.7036
  λ_109 = -16.5408 ± 0.7135
  λ_110 = -16.6781 ± 0.7403
  λ_111 = -16.8210 ± 0.7132
  λ_112 = -16.9966 ± 0.7373
  λ_113 = -17.1255 ± 0.7125
  λ_114 = -17.2966 ± 0.7161
  λ_115 = -17.4806 ± 0.7343
  λ_116 = -17.6283 ± 0.7398
  λ_117 = -17.7272 ± 0.7510
  λ_118 = -17.8192 ± 0.7517
  λ_119 = -17.9313 ± 0.7332
  λ_120 = -18.0720 ± 0.7379
  λ_121 = -18.2582 ± 0.7347
  λ_122 = -18.4813 ± 0.7270
  λ_123 = -18.8975 ± 0.7865
  λ_124 = -19.2158 ± 0.8289
  λ_125 = -19.5305 ± 0.8510
  λ_126 = -19.8686 ± 0.9115
  λ_127 = -20.3194 ± 1.0892
  λ_128 = -22.3388 ± 0.8359
Empirical Lyapunov exponents (mean ± std):
  λ_1 = -0.6836 ± 0.4470
  λ_2 = -1.2860 ± 0.4717
  λ_3 = -1.8796 ± 0.4983
  λ_4 = -2.5140 ± 0.3383
  λ_5 = -2.9329 ± 0.4143
  λ_6 = -3.2778 ± 0.5212
  λ_7 = -3.7948 ± 0.4446
  λ_8 = -4.2351 ± 0.4668
  λ_9 = -4.6672 ± 0.4583
  λ_10 = -5.0458 ± 0.4531
  λ_11 = -5.3534 ± 0.4185
  λ_12 = -5.7506 ± 0.4346
  λ_13 = -6.2355 ± 0.3491
  λ_14 = -6.7043 ± 0.5036
  λ_15 = -7.0414 ± 0.4554
  λ_16 = -7.3719 ± 0.4648
  λ_17 = -7.6725 ± 0.4415
  λ_18 = -7.9667 ± 0.4130
  λ_19 = -8.2155 ± 0.4290
  λ_20 = -8.4474 ± 0.4083
  λ_21 = -8.6400 ± 0.3667
  λ_22 = -8.8546 ± 0.3395
  λ_23 = -9.0471 ± 0.3366
  λ_24 = -9.3642 ± 0.2863
  λ_25 = -9.5403 ± 0.3009
  λ_26 = -9.7473 ± 0.3189
  λ_27 = -9.9780 ± 0.3514
  λ_28 = -10.2177 ± 0.4331
  λ_29 = -10.4760 ± 0.4197
  λ_30 = -10.6968 ± 0.4504
  λ_31 = -11.0538 ± 0.5425
  λ_32 = -11.3182 ± 0.5459
  λ_33 = -11.7806 ± 0.6071
  λ_34 = -12.3300 ± 0.5244
  λ_35 = -12.6464 ± 0.5369
  λ_36 = -13.0198 ± 0.6314
  λ_37 = -13.3795 ± 0.7073
  λ_38 = -13.7502 ± 0.7660
  λ_39 = -14.0682 ± 0.7579
  λ_40 = -14.3279 ± 0.7619
  λ_41 = -14.6206 ± 0.8778
  λ_42 = -15.0213 ± 0.8116
  λ_43 = -15.3487 ± 0.8488
  λ_44 = -15.7679 ± 0.8512
  λ_45 = -16.3535 ± 0.8105
  λ_46 = -17.2371 ± 0.8420
  λ_47 = -18.0172 ± 0.6551
  λ_48 = -18.7348 ± 0.4352
  λ_49 = -19.1920 ± 0.4388
  λ_50 = -19.6032 ± 0.3862
  λ_51 = -19.9849 ± 0.4171
  λ_52 = -20.2854 ± 0.3677
  λ_53 = -20.7129 ± 0.4088
  λ_54 = -21.2293 ± 0.4493
  λ_55 = -22.1518 ± 0.3711
  λ_56 = -22.5100 ± 0.3571
  λ_57 = -22.8264 ± 0.3133
  λ_58 = -23.1069 ± 0.3495
  λ_59 = -23.3589 ± 0.3337
  λ_60 = -23.6276 ± 0.2926
  λ_61 = -23.8603 ± 0.3155
  λ_62 = -24.0618 ± 0.3005
  λ_63 = -24.2152 ± 0.3129
  λ_64 = -24.3396 ± 0.3136
  λ_65 = -24.4895 ± 0.3210
  λ_66 = -24.6115 ± 0.3197
  λ_67 = -24.7359 ± 0.3269
  λ_68 = -24.8561 ± 0.3392
  λ_69 = -24.9753 ± 0.3426
  λ_70 = -25.1117 ± 0.3497
  λ_71 = -25.2226 ± 0.3734
  λ_72 = -25.3357 ± 0.4009
  λ_73 = -25.4353 ± 0.4172
  λ_74 = -25.5439 ± 0.4046
  λ_75 = -25.6332 ± 0.4116
  λ_76 = -25.7832 ± 0.4585
  λ_77 = -25.9142 ± 0.4799
  λ_78 = -26.0449 ± 0.4990
  λ_79 = -26.1810 ± 0.5037
  λ_80 = -26.3617 ± 0.4899
  λ_81 = -26.5171 ± 0.4864
  λ_82 = -26.6628 ± 0.4753
  λ_83 = -26.8617 ± 0.4795
  λ_84 = -27.0282 ± 0.5036
  λ_85 = -27.2607 ± 0.4846
  λ_86 = -27.4529 ± 0.4854
  λ_87 = -27.5733 ± 0.4725
  λ_88 = -27.7187 ± 0.4967
  λ_89 = -27.8617 ± 0.5003
  λ_90 = -27.9895 ± 0.4903
  λ_91 = -28.1274 ± 0.4923
  λ_92 = -28.2824 ± 0.4913
  λ_93 = -28.4072 ± 0.4914
  λ_94 = -28.5255 ± 0.4695
  λ_95 = -28.6477 ± 0.4521
  λ_96 = -28.7842 ± 0.4453
  λ_97 = -28.9001 ± 0.4403
  λ_98 = -29.0308 ± 0.4330
  λ_99 = -29.1511 ± 0.4295
  λ_100 = -29.2954 ± 0.4247
  λ_101 = -29.4503 ± 0.4217
  λ_102 = -29.5753 ± 0.4321
  λ_103 = -29.6956 ± 0.4539
  λ_104 = -29.8547 ± 0.4485
  λ_105 = -29.9992 ± 0.4490
  λ_106 = -30.1172 ± 0.4378
  λ_107 = -30.2615 ± 0.4426
  λ_108 = -30.4062 ± 0.3980
  λ_109 = -30.5554 ± 0.4003
  λ_110 = -30.7032 ± 0.3985
  λ_111 = -30.8743 ± 0.4228
  λ_112 = -31.0109 ± 0.4336
  λ_113 = -31.1492 ± 0.4292
  λ_114 = -31.3023 ± 0.3981
  λ_115 = -31.4396 ± 0.4097
  λ_116 = -31.5685 ± 0.3902
  λ_117 = -31.7302 ± 0.3526
  λ_118 = -31.8705 ± 0.3050
  λ_119 = -31.9948 ± 0.3040
  λ_120 = -32.0998 ± 0.2813
  λ_121 = -32.2401 ± 0.2718
  λ_122 = -32.3221 ± 0.2617
  λ_123 = -32.4282 ± 0.2531
  λ_124 = -32.5858 ± 0.2272
  λ_125 = -32.8296 ± 0.2629
  λ_126 = -33.0206 ± 0.2244
  λ_127 = -33.2132 ± 0.2160
  λ_128 = -33.4614 ± 0.3541
Mean KY dim (predicted): 0.000 ± 0.000
Mean KY dim (empirical): 0.042 ± 0.210
Mean KY dim (burn-in):   0.175 ± 0.580
Computing prediction windows ...
Windows: 3 — nMSE min=0.0134, median=0.0156, mean=0.0157, max=0.0180
Computing long-trajectory free-running rollouts ...
Computing encoder/decoder Jacobians ...
encoder_jacobian: (128, 128, 128)
decoder_jacobian: (128, 128, 128)
Computing amplification loss ...
Amplification loss — True state: 0.004748
Amplification loss — Latent:     0.005064
Computing tangent space spectrum ...
