No run_id provided — selecting best run from group 'wmtask_pobs16_cayley_top3nd_lcobs_20260501T163325Z__stage_a' ...
Found 63 total runs in JacobianODE/WMTask_identity_encoder_verification (group=wmtask_pobs16_cayley_top3nd_lcobs_20260501T163325Z__stage_a)
All runs (state, loop_closure_weight, tangent_entropy_weight, kl_dyn_weight):
  6xj8unxn: state=finished, lc=1e-05, te=0.0, kl_dyn=0.0
  0ho1fdfl: state=finished, lc=1e-06, te=0.0, kl_dyn=0.0
  c0l5z6js: state=finished, lc=1e-05, te=0.0, kl_dyn=0.0
  j6hfdv62: state=finished, lc=1e-05, te=0.0, kl_dyn=0.0
  sdbgo14u: state=finished, lc=0.0001, te=0.0, kl_dyn=0.0
  5e3ccjdm: state=finished, lc=0.01, te=0.0, kl_dyn=0.0
  btx0w8i9: state=finished, lc=0.001, te=0.0, kl_dyn=0.0
  gni2c7jl: state=finished, lc=0.01, te=0.0, kl_dyn=0.0
  suug5st3: state=finished, lc=0.001, te=0.0, kl_dyn=0.0
  0466mjau: state=finished, lc=0.001, te=0.0, kl_dyn=0.0
  l7ueb8ba: state=finished, lc=0.0001, te=0.0, kl_dyn=0.0
  o545g2iv: state=finished, lc=0.0001, te=0.0, kl_dyn=0.0
  q0jmylvz: state=finished, lc=0.0, te=0.0, kl_dyn=0.0
  br4viwom: state=finished, lc=1e-06, te=0.0, kl_dyn=0.0
  hlh44rm2: state=finished, lc=0.01, te=0.0, kl_dyn=0.0
  kpgk7dqz: state=finished, lc=0.1, te=0.0, kl_dyn=0.0
  q74d2ng0: state=finished, lc=0.1, te=0.0, kl_dyn=0.0
  z835gjck: state=finished, lc=0.0, te=0.0, kl_dyn=0.0
  tuaro7pk: state=finished, lc=0.0, te=0.0, kl_dyn=0.0
  tu62lwgg: state=finished, lc=0.0, te=0.0, kl_dyn=0.0
  c7bg93f4: state=finished, lc=0.0, te=0.0, kl_dyn=0.0
  njj0qxoy: state=finished, lc=1e-06, te=0.0, kl_dyn=0.0
  xou2gqzv: state=finished, lc=0.0, te=0.0, kl_dyn=0.0
  xokzamqd: state=finished, lc=1e-06, te=0.0, kl_dyn=0.0
  apc1we3r: state=finished, lc=1e-05, te=0.0, kl_dyn=0.0
  c6lm8tr6: state=finished, lc=1e-06, te=0.0, kl_dyn=0.0
  mjktymlo: state=finished, lc=1e-05, te=0.0, kl_dyn=0.0
  verg4bdv: state=finished, lc=0.1, te=0.0, kl_dyn=0.0
  74xd579x: state=finished, lc=1e-06, te=0.0, kl_dyn=0.0
  8c000ukh: state=finished, lc=0.001, te=0.0, kl_dyn=0.0
  cfv47fdz: state=finished, lc=0.01, te=0.0, kl_dyn=0.0
  lzse0ops: state=finished, lc=0.001, te=0.0, kl_dyn=0.0
  mdy005lb: state=finished, lc=0.01, te=0.0, kl_dyn=0.0
  1nvs3bip: state=finished, lc=0.001, te=0.0, kl_dyn=0.0
  5zhk6ipc: state=finished, lc=0.0001, te=0.0, kl_dyn=0.0
  2uw5e5jt: state=finished, lc=0.0001, te=0.0, kl_dyn=0.0
  gxvevsqd: state=finished, lc=1e-05, te=0.0, kl_dyn=0.0
  ngc6nzsg: state=finished, lc=0.0001, te=0.0, kl_dyn=0.0
  gli5rn6y: state=finished, lc=0.01, te=0.0, kl_dyn=0.0
  6qenv8nt: state=finished, lc=0.1, te=0.0, kl_dyn=0.0
  laedrw7p: state=finished, lc=0.1, te=0.0, kl_dyn=0.0
  4jga3x95: state=finished, lc=0.0, te=0.0, kl_dyn=0.0
  88bmjg9w: state=finished, lc=0.0, te=0.0, kl_dyn=0.0
  0a2z8yqt: state=finished, lc=0.0, te=0.0, kl_dyn=0.0
  s0j09iuz: state=finished, lc=1e-06, te=0.0, kl_dyn=0.0
  t5sr2g5q: state=finished, lc=1e-06, te=0.0, kl_dyn=0.0
  18gcoewr: state=finished, lc=1e-06, te=0.0, kl_dyn=0.0
  e5tuz3yz: state=finished, lc=0.1, te=0.0, kl_dyn=0.0
  5ezzhlt6: state=finished, lc=1e-05, te=0.0, kl_dyn=0.0
  p93vu5qm: state=finished, lc=1e-05, te=0.0, kl_dyn=0.0
  ooy2tcdy: state=finished, lc=1e-05, te=0.0, kl_dyn=0.0
  tv7x3l20: state=finished, lc=0.0001, te=0.0, kl_dyn=0.0
  4455h4hv: state=finished, lc=0.0001, te=0.0, kl_dyn=0.0
  0p1nl4rg: state=finished, lc=0.0001, te=0.0, kl_dyn=0.0
  ywy9bwfr: state=finished, lc=0.001, te=0.0, kl_dyn=0.0
  xa3zlonn: state=finished, lc=0.001, te=0.0, kl_dyn=0.0
  07azfg4r: state=finished, lc=0.001, te=0.0, kl_dyn=0.0
  pt6095ve: state=finished, lc=0.01, te=0.0, kl_dyn=0.0
  1x1ginp4: state=finished, lc=0.01, te=0.0, kl_dyn=0.0
  askor2yb: state=finished, lc=0.01, te=0.0, kl_dyn=0.0
  bx6robph: state=finished, lc=0.1, te=0.0, kl_dyn=0.0
  98d3ija4: state=finished, lc=0.1, te=0.0, kl_dyn=0.0
  m1vsxrn2: state=finished, lc=0.1, te=0.0, kl_dyn=0.0

slurm_timeout_min not found in any run config — falling back to 180 min
  Including 6xj8unxn (lc=1e-05): use_all_runs=True (state=finished)
  Including 0ho1fdfl (lc=1e-06): use_all_runs=True (state=finished)
  Including c0l5z6js (lc=1e-05): use_all_runs=True (state=finished)
  Including j6hfdv62 (lc=1e-05): use_all_runs=True (state=finished)
  Including sdbgo14u (lc=0.0001): use_all_runs=True (state=finished)
  Including 5e3ccjdm (lc=0.01): use_all_runs=True (state=finished)
  Including btx0w8i9 (lc=0.001): use_all_runs=True (state=finished)
  Including gni2c7jl (lc=0.01): use_all_runs=True (state=finished)
  Including suug5st3 (lc=0.001): use_all_runs=True (state=finished)
  Including 0466mjau (lc=0.001): use_all_runs=True (state=finished)
  Including l7ueb8ba (lc=0.0001): use_all_runs=True (state=finished)
  Including o545g2iv (lc=0.0001): use_all_runs=True (state=finished)
  Including q0jmylvz (lc=0.0): use_all_runs=True (state=finished)
  Including br4viwom (lc=1e-06): use_all_runs=True (state=finished)
  Including hlh44rm2 (lc=0.01): use_all_runs=True (state=finished)
  Including kpgk7dqz (lc=0.1): use_all_runs=True (state=finished)
  Including q74d2ng0 (lc=0.1): use_all_runs=True (state=finished)
  Including z835gjck (lc=0.0): use_all_runs=True (state=finished)
  Including tuaro7pk (lc=0.0): use_all_runs=True (state=finished)
  Including tu62lwgg (lc=0.0): use_all_runs=True (state=finished)
  Including c7bg93f4 (lc=0.0): use_all_runs=True (state=finished)
  Including njj0qxoy (lc=1e-06): use_all_runs=True (state=finished)
  Including xou2gqzv (lc=0.0): use_all_runs=True (state=finished)
  Including xokzamqd (lc=1e-06): use_all_runs=True (state=finished)
  Including apc1we3r (lc=1e-05): use_all_runs=True (state=finished)
  Including c6lm8tr6 (lc=1e-06): use_all_runs=True (state=finished)
  Including mjktymlo (lc=1e-05): use_all_runs=True (state=finished)
  Including verg4bdv (lc=0.1): use_all_runs=True (state=finished)
  Including 74xd579x (lc=1e-06): use_all_runs=True (state=finished)
  Including 8c000ukh (lc=0.001): use_all_runs=True (state=finished)
  Including cfv47fdz (lc=0.01): use_all_runs=True (state=finished)
  Including lzse0ops (lc=0.001): use_all_runs=True (state=finished)
  Including mdy005lb (lc=0.01): use_all_runs=True (state=finished)
  Including 1nvs3bip (lc=0.001): use_all_runs=True (state=finished)
  Including 5zhk6ipc (lc=0.0001): use_all_runs=True (state=finished)
  Including 2uw5e5jt (lc=0.0001): use_all_runs=True (state=finished)
  Including gxvevsqd (lc=1e-05): use_all_runs=True (state=finished)
  Including ngc6nzsg (lc=0.0001): use_all_runs=True (state=finished)
  Including gli5rn6y (lc=0.01): use_all_runs=True (state=finished)
  Including 6qenv8nt (lc=0.1): use_all_runs=True (state=finished)
  Including laedrw7p (lc=0.1): use_all_runs=True (state=finished)
  Including 4jga3x95 (lc=0.0): use_all_runs=True (state=finished)
  Including 88bmjg9w (lc=0.0): use_all_runs=True (state=finished)
  Including 0a2z8yqt (lc=0.0): use_all_runs=True (state=finished)
  Including s0j09iuz (lc=1e-06): use_all_runs=True (state=finished)
  Including t5sr2g5q (lc=1e-06): use_all_runs=True (state=finished)
  Including 18gcoewr (lc=1e-06): use_all_runs=True (state=finished)
  Including e5tuz3yz (lc=0.1): use_all_runs=True (state=finished)
  Including 5ezzhlt6 (lc=1e-05): use_all_runs=True (state=finished)
  Including p93vu5qm (lc=1e-05): use_all_runs=True (state=finished)
  Including ooy2tcdy (lc=1e-05): use_all_runs=True (state=finished)
  Including tv7x3l20 (lc=0.0001): use_all_runs=True (state=finished)
  Including 4455h4hv (lc=0.0001): use_all_runs=True (state=finished)
  Including 0p1nl4rg (lc=0.0001): use_all_runs=True (state=finished)
  Including ywy9bwfr (lc=0.001): use_all_runs=True (state=finished)
  Including xa3zlonn (lc=0.001): use_all_runs=True (state=finished)
  Including 07azfg4r (lc=0.001): use_all_runs=True (state=finished)
  Including pt6095ve (lc=0.01): use_all_runs=True (state=finished)
  Including 1x1ginp4 (lc=0.01): use_all_runs=True (state=finished)
  Including askor2yb (lc=0.01): use_all_runs=True (state=finished)
  Including bx6robph (lc=0.1): use_all_runs=True (state=finished)
  Including 98d3ija4 (lc=0.1): use_all_runs=True (state=finished)
  Including m1vsxrn2 (lc=0.1): use_all_runs=True (state=finished)
Found 63 effectively-done sweep runs:
  loop_closure_weight=0.0, tangent_entropy_weight=0.0, kl_dyn_weight=0.0 -> run_id=0a2z8yqt
  loop_closure_weight=0.0, tangent_entropy_weight=0.0, kl_dyn_weight=0.0 -> run_id=4jga3x95
  loop_closure_weight=0.0, tangent_entropy_weight=0.0, kl_dyn_weight=0.0 -> run_id=88bmjg9w
  loop_closure_weight=0.0, tangent_entropy_weight=0.0, kl_dyn_weight=0.0 -> run_id=c7bg93f4
  loop_closure_weight=0.0, tangent_entropy_weight=0.0, kl_dyn_weight=0.0 -> run_id=q0jmylvz
  loop_closure_weight=0.0, tangent_entropy_weight=0.0, kl_dyn_weight=0.0 -> run_id=tu62lwgg
  loop_closure_weight=0.0, tangent_entropy_weight=0.0, kl_dyn_weight=0.0 -> run_id=tuaro7pk
  loop_closure_weight=0.0, tangent_entropy_weight=0.0, kl_dyn_weight=0.0 -> run_id=xou2gqzv
  loop_closure_weight=0.0, tangent_entropy_weight=0.0, kl_dyn_weight=0.0 -> run_id=z835gjck
  loop_closure_weight=1e-06, tangent_entropy_weight=0.0, kl_dyn_weight=0.0 -> run_id=0ho1fdfl
  loop_closure_weight=1e-06, tangent_entropy_weight=0.0, kl_dyn_weight=0.0 -> run_id=18gcoewr
  loop_closure_weight=1e-06, tangent_entropy_weight=0.0, kl_dyn_weight=0.0 -> run_id=74xd579x
  loop_closure_weight=1e-06, tangent_entropy_weight=0.0, kl_dyn_weight=0.0 -> run_id=br4viwom
  loop_closure_weight=1e-06, tangent_entropy_weight=0.0, kl_dyn_weight=0.0 -> run_id=c6lm8tr6
  loop_closure_weight=1e-06, tangent_entropy_weight=0.0, kl_dyn_weight=0.0 -> run_id=njj0qxoy
  loop_closure_weight=1e-06, tangent_entropy_weight=0.0, kl_dyn_weight=0.0 -> run_id=s0j09iuz
  loop_closure_weight=1e-06, tangent_entropy_weight=0.0, kl_dyn_weight=0.0 -> run_id=t5sr2g5q
  loop_closure_weight=1e-06, tangent_entropy_weight=0.0, kl_dyn_weight=0.0 -> run_id=xokzamqd
  loop_closure_weight=1e-05, tangent_entropy_weight=0.0, kl_dyn_weight=0.0 -> run_id=5ezzhlt6
  loop_closure_weight=1e-05, tangent_entropy_weight=0.0, kl_dyn_weight=0.0 -> run_id=6xj8unxn
  loop_closure_weight=1e-05, tangent_entropy_weight=0.0, kl_dyn_weight=0.0 -> run_id=apc1we3r
  loop_closure_weight=1e-05, tangent_entropy_weight=0.0, kl_dyn_weight=0.0 -> run_id=c0l5z6js
  loop_closure_weight=1e-05, tangent_entropy_weight=0.0, kl_dyn_weight=0.0 -> run_id=gxvevsqd
  loop_closure_weight=1e-05, tangent_entropy_weight=0.0, kl_dyn_weight=0.0 -> run_id=j6hfdv62
  loop_closure_weight=1e-05, tangent_entropy_weight=0.0, kl_dyn_weight=0.0 -> run_id=mjktymlo
  loop_closure_weight=1e-05, tangent_entropy_weight=0.0, kl_dyn_weight=0.0 -> run_id=ooy2tcdy
  loop_closure_weight=1e-05, tangent_entropy_weight=0.0, kl_dyn_weight=0.0 -> run_id=p93vu5qm
  loop_closure_weight=0.0001, tangent_entropy_weight=0.0, kl_dyn_weight=0.0 -> run_id=0p1nl4rg
  loop_closure_weight=0.0001, tangent_entropy_weight=0.0, kl_dyn_weight=0.0 -> run_id=2uw5e5jt
  loop_closure_weight=0.0001, tangent_entropy_weight=0.0, kl_dyn_weight=0.0 -> run_id=4455h4hv
  loop_closure_weight=0.0001, tangent_entropy_weight=0.0, kl_dyn_weight=0.0 -> run_id=5zhk6ipc
  loop_closure_weight=0.0001, tangent_entropy_weight=0.0, kl_dyn_weight=0.0 -> run_id=l7ueb8ba
  loop_closure_weight=0.0001, tangent_entropy_weight=0.0, kl_dyn_weight=0.0 -> run_id=ngc6nzsg
  loop_closure_weight=0.0001, tangent_entropy_weight=0.0, kl_dyn_weight=0.0 -> run_id=o545g2iv
  loop_closure_weight=0.0001, tangent_entropy_weight=0.0, kl_dyn_weight=0.0 -> run_id=sdbgo14u
  loop_closure_weight=0.0001, tangent_entropy_weight=0.0, kl_dyn_weight=0.0 -> run_id=tv7x3l20
  loop_closure_weight=0.001, tangent_entropy_weight=0.0, kl_dyn_weight=0.0 -> run_id=0466mjau
  loop_closure_weight=0.001, tangent_entropy_weight=0.0, kl_dyn_weight=0.0 -> run_id=07azfg4r
  loop_closure_weight=0.001, tangent_entropy_weight=0.0, kl_dyn_weight=0.0 -> run_id=1nvs3bip
  loop_closure_weight=0.001, tangent_entropy_weight=0.0, kl_dyn_weight=0.0 -> run_id=8c000ukh
  loop_closure_weight=0.001, tangent_entropy_weight=0.0, kl_dyn_weight=0.0 -> run_id=btx0w8i9
  loop_closure_weight=0.001, tangent_entropy_weight=0.0, kl_dyn_weight=0.0 -> run_id=lzse0ops
  loop_closure_weight=0.001, tangent_entropy_weight=0.0, kl_dyn_weight=0.0 -> run_id=suug5st3
  loop_closure_weight=0.001, tangent_entropy_weight=0.0, kl_dyn_weight=0.0 -> run_id=xa3zlonn
  loop_closure_weight=0.001, tangent_entropy_weight=0.0, kl_dyn_weight=0.0 -> run_id=ywy9bwfr
  loop_closure_weight=0.01, tangent_entropy_weight=0.0, kl_dyn_weight=0.0 -> run_id=1x1ginp4
  loop_closure_weight=0.01, tangent_entropy_weight=0.0, kl_dyn_weight=0.0 -> run_id=5e3ccjdm
  loop_closure_weight=0.01, tangent_entropy_weight=0.0, kl_dyn_weight=0.0 -> run_id=askor2yb
  loop_closure_weight=0.01, tangent_entropy_weight=0.0, kl_dyn_weight=0.0 -> run_id=cfv47fdz
  loop_closure_weight=0.01, tangent_entropy_weight=0.0, kl_dyn_weight=0.0 -> run_id=gli5rn6y
  loop_closure_weight=0.01, tangent_entropy_weight=0.0, kl_dyn_weight=0.0 -> run_id=gni2c7jl
  loop_closure_weight=0.01, tangent_entropy_weight=0.0, kl_dyn_weight=0.0 -> run_id=hlh44rm2
  loop_closure_weight=0.01, tangent_entropy_weight=0.0, kl_dyn_weight=0.0 -> run_id=mdy005lb
  loop_closure_weight=0.01, tangent_entropy_weight=0.0, kl_dyn_weight=0.0 -> run_id=pt6095ve
  loop_closure_weight=0.1, tangent_entropy_weight=0.0, kl_dyn_weight=0.0 -> run_id=6qenv8nt
  loop_closure_weight=0.1, tangent_entropy_weight=0.0, kl_dyn_weight=0.0 -> run_id=98d3ija4
  loop_closure_weight=0.1, tangent_entropy_weight=0.0, kl_dyn_weight=0.0 -> run_id=bx6robph
  loop_closure_weight=0.1, tangent_entropy_weight=0.0, kl_dyn_weight=0.0 -> run_id=e5tuz3yz
  loop_closure_weight=0.1, tangent_entropy_weight=0.0, kl_dyn_weight=0.0 -> run_id=kpgk7dqz
  loop_closure_weight=0.1, tangent_entropy_weight=0.0, kl_dyn_weight=0.0 -> run_id=laedrw7p
  loop_closure_weight=0.1, tangent_entropy_weight=0.0, kl_dyn_weight=0.0 -> run_id=m1vsxrn2
  loop_closure_weight=0.1, tangent_entropy_weight=0.0, kl_dyn_weight=0.0 -> run_id=q74d2ng0
  loop_closure_weight=0.1, tangent_entropy_weight=0.0, kl_dyn_weight=0.0 -> run_id=verg4bdv
loaded wmtask RNN model checkpoint 41
Loading cached wmtask hiddens from /orcd/data/ekmiller/001/eisenaj/ControlJacobians/WMTaskModels/WMSelectionTask__cue_time_0.1__response_time_0.25__enforce_fixation_False/BiologicalRNN__cue_time_0.1__learning_rate_0.0005__max_epochs_42__N1_64__N2_64__tau_0.05__dt_0.02__eig_lower_bound_0.1__init_mode_random/_jacobianode_cache/hiddens__all__epoch41__trials4096__seed42.pt
n_dims=384, n_latent=384, n_dyn=33, dt=0.0200
  run=0a2z8yqt: DiagnosticMetrics(one_step_mase=0.6330172419548035, loop_closure_loss=329.2437438964844, fast_eigenvalue_fraction=0.0, trajectory_val_loss=0.005116785876452923) (from W&B history)
  run=4jga3x95: DiagnosticMetrics(one_step_mase=0.5852491855621338, loop_closure_loss=102.96320343017578, fast_eigenvalue_fraction=0.0, trajectory_val_loss=0.003965441137552261) (from W&B history)
  run=88bmjg9w: DiagnosticMetrics(one_step_mase=0.6344630718231201, loop_closure_loss=299.9835510253906, fast_eigenvalue_fraction=0.0, trajectory_val_loss=0.005693552549928427) (from W&B history)
  run=c7bg93f4: DiagnosticMetrics(one_step_mase=0.5755711197853088, loop_closure_loss=152.7322540283203, fast_eigenvalue_fraction=0.0, trajectory_val_loss=0.004275590647011995) (from W&B history)
  run=q0jmylvz: DiagnosticMetrics(one_step_mase=0.5315359234809875, loop_closure_loss=90.38385009765625, fast_eigenvalue_fraction=0.0, trajectory_val_loss=0.0039036923553794622) (from W&B history)
  run=tu62lwgg: DiagnosticMetrics(one_step_mase=0.5758770704269409, loop_closure_loss=146.30435180664062, fast_eigenvalue_fraction=0.0, trajectory_val_loss=0.00452460628002882) (from W&B history)
  run=tuaro7pk: DiagnosticMetrics(one_step_mase=0.5514162182807922, loop_closure_loss=94.19698333740234, fast_eigenvalue_fraction=0.0, trajectory_val_loss=0.003919166512787342) (from W&B history)
  run=xou2gqzv: DiagnosticMetrics(one_step_mase=0.5478299260139465, loop_closure_loss=112.80621337890625, fast_eigenvalue_fraction=0.0, trajectory_val_loss=0.00406136829406023) (from W&B history)
  run=z835gjck: DiagnosticMetrics(one_step_mase=0.5493497252464294, loop_closure_loss=102.46286010742188, fast_eigenvalue_fraction=0.0, trajectory_val_loss=0.004168109502643347) (from W&B history)
  run=0ho1fdfl: DiagnosticMetrics(one_step_mase=0.5472840070724487, loop_closure_loss=51.50083923339844, fast_eigenvalue_fraction=0.0, trajectory_val_loss=0.004066553432494402) (from W&B history)
  run=18gcoewr: DiagnosticMetrics(one_step_mase=0.6343755722045898, loop_closure_loss=156.35067749023438, fast_eigenvalue_fraction=0.0, trajectory_val_loss=0.0052190301939845085) (from W&B history)
  run=74xd579x: DiagnosticMetrics(one_step_mase=0.5750492215156555, loop_closure_loss=69.9491958618164, fast_eigenvalue_fraction=0.0, trajectory_val_loss=0.004464576952159405) (from W&B history)
  run=br4viwom: DiagnosticMetrics(one_step_mase=0.5490231513977051, loop_closure_loss=44.837249755859375, fast_eigenvalue_fraction=0.0, trajectory_val_loss=0.004175766836851835) (from W&B history)
  run=c6lm8tr6: DiagnosticMetrics(one_step_mase=0.5744369029998779, loop_closure_loss=76.2228775024414, fast_eigenvalue_fraction=0.0, trajectory_val_loss=0.004231845028698444) (from W&B history)
  run=njj0qxoy: DiagnosticMetrics(one_step_mase=0.5334035158157349, loop_closure_loss=33.53413391113281, fast_eigenvalue_fraction=0.0, trajectory_val_loss=0.00391237810254097) (from W&B history)
  run=s0j09iuz: DiagnosticMetrics(one_step_mase=0.5848525166511536, loop_closure_loss=38.39768600463867, fast_eigenvalue_fraction=0.0, trajectory_val_loss=0.003950047306716442) (from W&B history)
  run=t5sr2g5q: DiagnosticMetrics(one_step_mase=0.6362789869308472, loop_closure_loss=139.1940460205078, fast_eigenvalue_fraction=0.0, trajectory_val_loss=0.005872654728591442) (from W&B history)
  run=xokzamqd: DiagnosticMetrics(one_step_mase=0.551121175289154, loop_closure_loss=35.710960388183594, fast_eigenvalue_fraction=0.0, trajectory_val_loss=0.003922893200069666) (from W&B history)
  run=5ezzhlt6: DiagnosticMetrics(one_step_mase=0.5846888422966003, loop_closure_loss=9.584275245666504, fast_eigenvalue_fraction=0.0, trajectory_val_loss=0.0039948406629264355) (from W&B history)
  run=6xj8unxn: DiagnosticMetrics(one_step_mase=0.533085823059082, loop_closure_loss=8.905949592590332, fast_eigenvalue_fraction=0.0, trajectory_val_loss=0.003951646387577057) (from W&B history)
  run=apc1we3r: DiagnosticMetrics(one_step_mase=0.5508548021316528, loop_closure_loss=9.057799339294434, fast_eigenvalue_fraction=0.0, trajectory_val_loss=0.003958774730563164) (from W&B history)
  run=c0l5z6js: DiagnosticMetrics(one_step_mase=0.5464296936988831, loop_closure_loss=13.733080863952637, fast_eigenvalue_fraction=0.0, trajectory_val_loss=0.004085885360836983) (from W&B history)
  run=gxvevsqd: DiagnosticMetrics(one_step_mase=0.5734933018684387, loop_closure_loss=20.6204776763916, fast_eigenvalue_fraction=0.0, trajectory_val_loss=0.004210564307868481) (from W&B history)
  run=j6hfdv62: DiagnosticMetrics(one_step_mase=0.5483345985412598, loop_closure_loss=12.093985557556152, fast_eigenvalue_fraction=0.0, trajectory_val_loss=0.0041794548742473125) (from W&B history)
  run=mjktymlo: DiagnosticMetrics(one_step_mase=0.5742354989051819, loop_closure_loss=19.128520965576172, fast_eigenvalue_fraction=0.0, trajectory_val_loss=0.004419343546032906) (from W&B history)
  run=ooy2tcdy: DiagnosticMetrics(one_step_mase=0.6411256194114685, loop_closure_loss=50.358158111572266, fast_eigenvalue_fraction=0.0, trajectory_val_loss=0.0052028740756213665) (from W&B history)
  run=p93vu5qm: DiagnosticMetrics(one_step_mase=0.6425208449363708, loop_closure_loss=49.685359954833984, fast_eigenvalue_fraction=0.0, trajectory_val_loss=0.005890614818781614) (from W&B history)
  run=0p1nl4rg: DiagnosticMetrics(one_step_mase=0.6606656312942505, loop_closure_loss=6.874378681182861, fast_eigenvalue_fraction=0.0, trajectory_val_loss=0.00588628277182579) (from W&B history)
  run=2uw5e5jt: DiagnosticMetrics(one_step_mase=0.5822766423225403, loop_closure_loss=3.831766128540039, fast_eigenvalue_fraction=0.0, trajectory_val_loss=0.004738280083984137) (from W&B history)
  run=4455h4hv: DiagnosticMetrics(one_step_mase=0.6703055500984192, loop_closure_loss=7.196077823638916, fast_eigenvalue_fraction=0.0, trajectory_val_loss=0.006895015016198158) (from W&B history)
  run=5zhk6ipc: DiagnosticMetrics(one_step_mase=0.5812997221946716, loop_closure_loss=4.143857955932617, fast_eigenvalue_fraction=0.0, trajectory_val_loss=0.00457596592605114) (from W&B history)
  run=l7ueb8ba: DiagnosticMetrics(one_step_mase=0.5487732291221619, loop_closure_loss=2.695894718170166, fast_eigenvalue_fraction=0.0, trajectory_val_loss=0.004324695561081171) (from W&B history)
  run=ngc6nzsg: DiagnosticMetrics(one_step_mase=0.5525179505348206, loop_closure_loss=1.601502537727356, fast_eigenvalue_fraction=0.0, trajectory_val_loss=0.004129877779632807) (from W&B history)
  run=o545g2iv: DiagnosticMetrics(one_step_mase=0.5490142107009888, loop_closure_loss=2.4404356479644775, fast_eigenvalue_fraction=0.0, trajectory_val_loss=0.004382988438010216) (from W&B history)
  run=sdbgo14u: DiagnosticMetrics(one_step_mase=0.5337847471237183, loop_closure_loss=1.5930618047714233, fast_eigenvalue_fraction=0.0, trajectory_val_loss=0.004174278117716312) (from W&B history)
  run=tv7x3l20: DiagnosticMetrics(one_step_mase=0.5861861705780029, loop_closure_loss=1.504905343055725, fast_eigenvalue_fraction=0.0, trajectory_val_loss=0.004169351886957884) (from W&B history)
  run=0466mjau: DiagnosticMetrics(one_step_mase=0.6436572074890137, loop_closure_loss=1.6721863746643066, fast_eigenvalue_fraction=0.0, trajectory_val_loss=0.007272469345480204) (from W&B history)
  run=07azfg4r: DiagnosticMetrics(one_step_mase=1.4896119832992554, loop_closure_loss=1.3920024633407593, fast_eigenvalue_fraction=0.0, trajectory_val_loss=0.08195380121469498) (from W&B history)
  run=1nvs3bip: DiagnosticMetrics(one_step_mase=0.5618314146995544, loop_closure_loss=0.2449626922607422, fast_eigenvalue_fraction=0.0, trajectory_val_loss=0.004893630743026733) (from W&B history)
  run=8c000ukh: DiagnosticMetrics(one_step_mase=1.3262057304382324, loop_closure_loss=0.87602698802948, fast_eigenvalue_fraction=0.0, trajectory_val_loss=0.07684251666069031) (from W&B history)
  run=btx0w8i9: DiagnosticMetrics(one_step_mase=0.5385993719100952, loop_closure_loss=0.2757953107357025, fast_eigenvalue_fraction=0.0, trajectory_val_loss=0.004970548674464226) (from W&B history)
  run=lzse0ops: DiagnosticMetrics(one_step_mase=1.3194234371185303, loop_closure_loss=1.060176968574524, fast_eigenvalue_fraction=0.0, trajectory_val_loss=0.07350993156433105) (from W&B history)
  run=suug5st3: DiagnosticMetrics(one_step_mase=0.7212206721305847, loop_closure_loss=2.5524933338165283, fast_eigenvalue_fraction=0.0, trajectory_val_loss=0.011648964136838913) (from W&B history)
  run=xa3zlonn: DiagnosticMetrics(one_step_mase=1.4915531873703003, loop_closure_loss=1.3822462558746338, fast_eigenvalue_fraction=0.0, trajectory_val_loss=0.08446729928255081) (from W&B history)
  run=ywy9bwfr: DiagnosticMetrics(one_step_mase=0.5966772437095642, loop_closure_loss=0.22629252076148987, fast_eigenvalue_fraction=0.0, trajectory_val_loss=0.004857053980231285) (from W&B history)
  run=1x1ginp4: DiagnosticMetrics(one_step_mase=3.041297197341919, loop_closure_loss=0.3437431752681732, fast_eigenvalue_fraction=0.0, trajectory_val_loss=0.15917114913463593) (from W&B history)
  run=5e3ccjdm: DiagnosticMetrics(one_step_mase=0.5710113048553467, loop_closure_loss=0.03371612727642059, fast_eigenvalue_fraction=0.0, trajectory_val_loss=0.007829009555280209) (from W&B history)
  run=askor2yb: DiagnosticMetrics(one_step_mase=2.263463020324707, loop_closure_loss=0.2587578296661377, fast_eigenvalue_fraction=0.0, trajectory_val_loss=0.09582176059484482) (from W&B history)
  run=cfv47fdz: DiagnosticMetrics(one_step_mase=0.5973029732704163, loop_closure_loss=0.029994651675224304, fast_eigenvalue_fraction=0.0, trajectory_val_loss=0.007304590195417404) (from W&B history)
  run=gli5rn6y: DiagnosticMetrics(one_step_mase=1.924551010131836, loop_closure_loss=0.3628310263156891, fast_eigenvalue_fraction=0.0, trajectory_val_loss=0.17414221167564392) (from W&B history)
  run=gni2c7jl: DiagnosticMetrics(one_step_mase=1.6592849493026733, loop_closure_loss=0.9441574215888977, fast_eigenvalue_fraction=0.0, trajectory_val_loss=0.08174017816781998) (from W&B history)
  run=hlh44rm2: DiagnosticMetrics(one_step_mase=1.357709527015686, loop_closure_loss=0.14331001043319702, fast_eigenvalue_fraction=0.0, trajectory_val_loss=0.11808416247367859) (from W&B history)
  run=mdy005lb: DiagnosticMetrics(one_step_mase=1.9768664836883545, loop_closure_loss=0.19814635813236237, fast_eigenvalue_fraction=0.0, trajectory_val_loss=0.1374151110649109) (from W&B history)
  run=pt6095ve: DiagnosticMetrics(one_step_mase=0.6337949633598328, loop_closure_loss=0.023672403767704964, fast_eigenvalue_fraction=0.0, trajectory_val_loss=0.006770475301891565) (from W&B history)
  run=6qenv8nt: DiagnosticMetrics(one_step_mase=1.43487548828125, loop_closure_loss=0.003183850087225437, fast_eigenvalue_fraction=0.0, trajectory_val_loss=0.10737932473421097) (from W&B history)
  run=98d3ija4: DiagnosticMetrics(one_step_mase=2.5015058517456055, loop_closure_loss=0.14707988500595093, fast_eigenvalue_fraction=0.0, trajectory_val_loss=0.10376688092947006) (from W&B history)
  run=bx6robph: DiagnosticMetrics(one_step_mase=0.6607762575149536, loop_closure_loss=0.0010919817723333836, fast_eigenvalue_fraction=0.0, trajectory_val_loss=0.008919517509639263) (from W&B history)
  run=e5tuz3yz: DiagnosticMetrics(one_step_mase=0.6337041258811951, loop_closure_loss=0.0013128214050084352, fast_eigenvalue_fraction=0.0, trajectory_val_loss=0.01054050587117672) (from W&B history)
  run=kpgk7dqz: DiagnosticMetrics(one_step_mase=0.6181643605232239, loop_closure_loss=0.0016948811244219542, fast_eigenvalue_fraction=0.0, trajectory_val_loss=0.011502704583108425) (from W&B history)
  run=laedrw7p: DiagnosticMetrics(one_step_mase=1.389385461807251, loop_closure_loss=0.0041618915274739265, fast_eigenvalue_fraction=0.0, trajectory_val_loss=0.10243747383356094) (from W&B history)
  run=m1vsxrn2: DiagnosticMetrics(one_step_mase=2.2000646591186523, loop_closure_loss=0.016146475449204445, fast_eigenvalue_fraction=0.0, trajectory_val_loss=0.1383017599582672) (from W&B history)
  run=q74d2ng0: DiagnosticMetrics(one_step_mase=1.2420856952667236, loop_closure_loss=0.017533713951706886, fast_eigenvalue_fraction=0.0, trajectory_val_loss=0.05536288768053055) (from W&B history)
  run=verg4bdv: DiagnosticMetrics(one_step_mase=1.1147586107254028, loop_closure_loss=0.008327380754053593, fast_eigenvalue_fraction=0.0, trajectory_val_loss=0.028618717566132545) (from W&B history)

Ranking method:           best_traj_loss
Best run ID:              ngc6nzsg
Best loop_closure_weight: 0.0001
Best tangent_entropy_weight: 0.0
Best kl_dyn_weight:       0.0
Best traj loss:           0.004130
Criteria applied: ['C1', 'C2', 'C3']
Surviving: 18 / 63
Auto-selected run_id: ngc6nzsg

======================================================================
PARETO FRONTIER RUNS (8 runs)
======================================================================
  Run ID               LC Loss   Traj Val Loss
  ------------  --------------  --------------
  bx6robph            0.001092        0.008920
  pt6095ve            0.023672        0.006770
  ywy9bwfr            0.226293        0.004857
  tv7x3l20            1.504905        0.004169
  ngc6nzsg            1.601503        0.004130 <-- selected
  6xj8unxn            8.905950        0.003952
  njj0qxoy           33.534134        0.003912
  q0jmylvz           90.383850        0.003904

======================================================================
RANKING METHOD COMPARISON (over 18 survivors)
======================================================================
  Method                  Run ID               LC Loss   Traj Val Loss
  ----------------------  ------------  --------------  --------------
  best_traj_loss          ngc6nzsg            1.601503        0.004130 <-- active
  pareto_knee             tv7x3l20            1.504905        0.004169
  geo_rank                ngc6nzsg            1.601503        0.004130
  minimax_rank            ywy9bwfr            0.226293        0.004857
  geo_log_score           ngc6nzsg            1.601503        0.004130
  minimax_log_score       pt6095ve            0.023672        0.006770
======================================================================

Loading run ngc6nzsg from JacobianODE/WMTask_identity_encoder_verification ...
loaded wmtask RNN model checkpoint 41
Loading cached wmtask hiddens from /orcd/data/ekmiller/001/eisenaj/ControlJacobians/WMTaskModels/WMSelectionTask__cue_time_0.1__response_time_0.25__enforce_fixation_False/BiologicalRNN__cue_time_0.1__learning_rate_0.0005__max_epochs_42__N1_64__N2_64__tau_0.05__dt_0.02__eig_lower_bound_0.1__init_mode_random/_jacobianode_cache/hiddens__all__epoch41__trials4096__seed42.pt
Loading checkpoint epoch=19-step=2500.ckpt...
Train dataset shape: torch.Size([17202, 35, 288])
Validation dataset shape: torch.Size([4920, 35, 288])
Test dataset shape: torch.Size([2454, 35, 288])
Train trajectories dataset shape: torch.Size([2867, 41, 288])
Validation trajectories dataset shape: torch.Size([820, 41, 288])
Test trajectories dataset shape: torch.Size([409, 41, 288])
Loading checkpoint epoch=19-step=2500.ckpt...
Computing reconstruction ...
Computing MASE ...
Teacher-forced MASE: 0.5558
Free-running MASE:   0.6424
Computing latent utilization ...
Entropy-based utilization: 0.890
Null subspace mean RMS: 6.636655e-02
Computing Lyapunov exponents ...
  Computing full-trajectory Lyapunov (409 test trajs, T=41) ...
Predicted Lyapunov exponents (batch+burn-in, 128 windowed trajs):
  λ_1 = -0.0678 ± 0.1423
  λ_2 = -0.5294 ± 0.2553
  λ_3 = -0.8911 ± 0.1987
  λ_4 = -1.0405 ± 0.2118
  λ_5 = -1.3500 ± 0.2226
  λ_6 = -1.6090 ± 0.1962
  λ_7 = -1.8545 ± 0.2160
  λ_8 = -2.2352 ± 0.2121
  λ_9 = -2.8595 ± 0.1564
  λ_10 = -2.9703 ± 0.1388
  λ_11 = -3.0565 ± 0.1234
  λ_12 = -3.1646 ± 0.1488
  λ_13 = -3.2672 ± 0.1617
  λ_14 = -3.3592 ± 0.1458
  λ_15 = -3.4210 ± 0.1420
  λ_16 = -3.4785 ± 0.1396
  λ_17 = -3.5273 ± 0.1335
  λ_18 = -3.5952 ± 0.1389
  λ_19 = -3.6573 ± 0.1614
  λ_20 = -3.7055 ± 0.1618
  λ_21 = -3.7793 ± 0.1476
  λ_22 = -3.8912 ± 0.1817
  λ_23 = -4.3828 ± 0.2762
  λ_24 = -4.7173 ± 0.2215
  λ_25 = -5.0494 ± 0.2167
  λ_26 = -5.2962 ± 0.2778
  λ_27 = -5.6124 ± 0.2943
  λ_28 = -6.7746 ± 0.2716
  λ_29 = -7.2844 ± 0.2659
  λ_30 = -7.6342 ± 0.2799
Predicted Lyapunov exponents (full-length, 409 test trajs):
  λ_1 = +0.4371 ± 0.4496
  λ_2 = -0.5094 ± 0.4397
  λ_3 = -0.9161 ± 0.4331
  λ_4 = -1.3866 ± 0.3950
  λ_5 = -1.7512 ± 0.4493
  λ_6 = -1.9915 ± 0.3946
  λ_7 = -2.2660 ± 0.3102
  λ_8 = -2.6575 ± 0.2560
  λ_9 = -3.4387 ± 0.2785
  λ_10 = -3.7232 ± 0.2040
  λ_11 = -3.8587 ± 0.1830
  λ_12 = -3.9740 ± 0.1706
  λ_13 = -4.0847 ± 0.1292
  λ_14 = -4.1648 ± 0.1256
  λ_15 = -4.2700 ± 0.1535
  λ_16 = -4.3380 ± 0.1794
  λ_17 = -4.4262 ± 0.2260
  λ_18 = -4.4968 ± 0.2479
  λ_19 = -4.6034 ± 0.2874
  λ_20 = -4.6894 ± 0.3024
  λ_21 = -4.8226 ± 0.3132
  λ_22 = -4.9288 ± 0.3148
  λ_23 = -5.0402 ± 0.3178
  λ_24 = -5.1337 ± 0.3219
  λ_25 = -5.2733 ± 0.3126
  λ_26 = -5.4496 ± 0.2971
  λ_27 = -5.5728 ± 0.3017
  λ_28 = -5.8427 ± 0.3971
  λ_29 = -6.1045 ± 0.4970
  λ_30 = -6.3674 ± 0.6284
Empirical Lyapunov exponents (mean ± std):
  λ_1 = -0.6836 ± 0.4470
  λ_2 = -1.2860 ± 0.4717
  λ_3 = -1.8796 ± 0.4983
  λ_4 = -2.5140 ± 0.3383
  λ_5 = -2.9329 ± 0.4143
  λ_6 = -3.2778 ± 0.5212
  λ_7 = -3.7948 ± 0.4446
  λ_8 = -4.2351 ± 0.4668
  λ_9 = -4.6672 ± 0.4583
  λ_10 = -5.0458 ± 0.4531
  λ_11 = -5.3534 ± 0.4185
  λ_12 = -5.7506 ± 0.4346
  λ_13 = -6.2355 ± 0.3491
  λ_14 = -6.7043 ± 0.5036
  λ_15 = -7.0414 ± 0.4554
  λ_16 = -7.3719 ± 0.4648
  λ_17 = -7.6725 ± 0.4415
  λ_18 = -7.9667 ± 0.4130
  λ_19 = -8.2155 ± 0.4290
  λ_20 = -8.4474 ± 0.4083
  λ_21 = -8.6400 ± 0.3667
  λ_22 = -8.8546 ± 0.3395
  λ_23 = -9.0471 ± 0.3366
  λ_24 = -9.3642 ± 0.2863
  λ_25 = -9.5403 ± 0.3009
  λ_26 = -9.7473 ± 0.3189
  λ_27 = -9.9780 ± 0.3514
  λ_28 = -10.2177 ± 0.4331
  λ_29 = -10.4760 ± 0.4197
  λ_30 = -10.6968 ± 0.4504
  λ_31 = -11.0538 ± 0.5425
  λ_32 = -11.3182 ± 0.5459
  λ_33 = -11.7806 ± 0.6071
  λ_34 = -12.3300 ± 0.5244
  λ_35 = -12.6464 ± 0.5369
  λ_36 = -13.0198 ± 0.6314
  λ_37 = -13.3795 ± 0.7073
  λ_38 = -13.7502 ± 0.7660
  λ_39 = -14.0682 ± 0.7579
  λ_40 = -14.3279 ± 0.7619
  λ_41 = -14.6206 ± 0.8778
  λ_42 = -15.0213 ± 0.8116
  λ_43 = -15.3487 ± 0.8488
  λ_44 = -15.7679 ± 0.8512
  λ_45 = -16.3535 ± 0.8105
  λ_46 = -17.2371 ± 0.8420
  λ_47 = -18.0172 ± 0.6551
  λ_48 = -18.7348 ± 0.4352
  λ_49 = -19.1920 ± 0.4388
  λ_50 = -19.6032 ± 0.3862
  λ_51 = -19.9849 ± 0.4171
  λ_52 = -20.2854 ± 0.3677
  λ_53 = -20.7129 ± 0.4088
  λ_54 = -21.2293 ± 0.4493
  λ_55 = -22.1518 ± 0.3711
  λ_56 = -22.5100 ± 0.3571
  λ_57 = -22.8264 ± 0.3133
  λ_58 = -23.1069 ± 0.3495
  λ_59 = -23.3589 ± 0.3337
  λ_60 = -23.6276 ± 0.2926
  λ_61 = -23.8603 ± 0.3155
  λ_62 = -24.0618 ± 0.3005
  λ_63 = -24.2152 ± 0.3129
  λ_64 = -24.3396 ± 0.3136
  λ_65 = -24.4895 ± 0.3210
  λ_66 = -24.6115 ± 0.3197
  λ_67 = -24.7359 ± 0.3269
  λ_68 = -24.8561 ± 0.3392
  λ_69 = -24.9753 ± 0.3426
  λ_70 = -25.1117 ± 0.3497
  λ_71 = -25.2226 ± 0.3734
  λ_72 = -25.3357 ± 0.4009
  λ_73 = -25.4353 ± 0.4172
  λ_74 = -25.5439 ± 0.4046
  λ_75 = -25.6332 ± 0.4116
  λ_76 = -25.7832 ± 0.4585
  λ_77 = -25.9142 ± 0.4799
  λ_78 = -26.0449 ± 0.4990
  λ_79 = -26.1810 ± 0.5037
  λ_80 = -26.3617 ± 0.4899
  λ_81 = -26.5171 ± 0.4864
  λ_82 = -26.6628 ± 0.4753
  λ_83 = -26.8617 ± 0.4795
  λ_84 = -27.0282 ± 0.5036
  λ_85 = -27.2607 ± 0.4846
  λ_86 = -27.4529 ± 0.4854
  λ_87 = -27.5733 ± 0.4725
  λ_88 = -27.7187 ± 0.4967
  λ_89 = -27.8617 ± 0.5003
  λ_90 = -27.9895 ± 0.4903
  λ_91 = -28.1274 ± 0.4923
  λ_92 = -28.2824 ± 0.4913
  λ_93 = -28.4072 ± 0.4914
  λ_94 = -28.5255 ± 0.4695
  λ_95 = -28.6477 ± 0.4521
  λ_96 = -28.7842 ± 0.4453
  λ_97 = -28.9001 ± 0.4403
  λ_98 = -29.0308 ± 0.4330
  λ_99 = -29.1511 ± 0.4295
  λ_100 = -29.2954 ± 0.4247
  λ_101 = -29.4503 ± 0.4217
  λ_102 = -29.5753 ± 0.4321
  λ_103 = -29.6956 ± 0.4539
  λ_104 = -29.8547 ± 0.4485
  λ_105 = -29.9992 ± 0.4490
  λ_106 = -30.1172 ± 0.4378
  λ_107 = -30.2615 ± 0.4426
  λ_108 = -30.4062 ± 0.3980
  λ_109 = -30.5554 ± 0.4003
  λ_110 = -30.7032 ± 0.3985
  λ_111 = -30.8743 ± 0.4228
  λ_112 = -31.0109 ± 0.4336
  λ_113 = -31.1492 ± 0.4292
  λ_114 = -31.3023 ± 0.3981
  λ_115 = -31.4396 ± 0.4097
  λ_116 = -31.5685 ± 0.3902
  λ_117 = -31.7302 ± 0.3526
  λ_118 = -31.8705 ± 0.3050
  λ_119 = -31.9948 ± 0.3040
  λ_120 = -32.0998 ± 0.2813
  λ_121 = -32.2401 ± 0.2718
  λ_122 = -32.3221 ± 0.2617
  λ_123 = -32.4282 ± 0.2531
  λ_124 = -32.5858 ± 0.2272
  λ_125 = -32.8296 ± 0.2629
  λ_126 = -33.0206 ± 0.2244
  λ_127 = -33.2132 ± 0.2160
  λ_128 = -33.4614 ± 0.3541
Mean KY dim (predicted): 1.921 ± 1.138
Mean KY dim (empirical): 0.042 ± 0.210
Mean KY dim (burn-in):   0.467 ± 0.643
Computing prediction windows ...
Windows: 3 — nMSE min=0.0183, median=0.0201, mean=0.0260, max=0.0397
Computing long-trajectory free-running rollouts ...
Computing encoder/decoder Jacobians ...
encoder_jacobian: (128, 288, 288)
decoder_jacobian: (128, 288, 288)
Computing amplification loss ...
Amplification loss — True state: 0.005491
Amplification loss — Latent:     0.005612
Computing tangent space spectrum ...
