No run_id provided — selecting best run from group 'wmtask_direct_sum_additive_p30_full128_nearid_tf__lc_x_obsnoisescale_sweep_20260429T234502Z__stage_b' ...
Found 10 total runs in JacobianODE/WMTask_identity_encoder_verification (group=wmtask_direct_sum_additive_p30_full128_nearid_tf__lc_x_obsnoisescale_sweep_20260429T234502Z__stage_b)
All runs (state, loop_closure_weight, tangent_entropy_weight, kl_dyn_weight):
  zw27n2tm: state=finished, lc=0.0, te=0.0, kl_dyn=0.0
  0978zofq: state=finished, lc=1e-06, te=0.0, kl_dyn=0.0
  uq0q07eo: state=finished, lc=1e-05, te=0.0, kl_dyn=0.0
  8ds9f09i: state=finished, lc=0.0001, te=0.0, kl_dyn=0.0
  o1kbziq0: state=finished, lc=1e-06, te=0.0, kl_dyn=0.0
  49d3pa3z: state=finished, lc=1e-05, te=0.0, kl_dyn=0.0
  7cgml4kn: state=finished, lc=0.0, te=0.0, kl_dyn=0.0
  ygua0dkq: state=finished, lc=1e-05, te=0.0, kl_dyn=0.0
  f8ux97z6: state=finished, lc=1e-06, te=0.0, kl_dyn=0.0
  sf5vxkwn: state=finished, lc=0.0, te=0.0, kl_dyn=0.0

slurm_timeout_min not found in any run config — falling back to 180 min
  Including zw27n2tm (lc=0.0): use_all_runs=True (state=finished)
  Including 0978zofq (lc=1e-06): use_all_runs=True (state=finished)
  Including uq0q07eo (lc=1e-05): use_all_runs=True (state=finished)
  Including 8ds9f09i (lc=0.0001): use_all_runs=True (state=finished)
  Including o1kbziq0 (lc=1e-06): use_all_runs=True (state=finished)
  Including 49d3pa3z (lc=1e-05): use_all_runs=True (state=finished)
  Including 7cgml4kn (lc=0.0): use_all_runs=True (state=finished)
  Including ygua0dkq (lc=1e-05): use_all_runs=True (state=finished)
  Including f8ux97z6 (lc=1e-06): use_all_runs=True (state=finished)
  Including sf5vxkwn (lc=0.0): use_all_runs=True (state=finished)
Found 10 effectively-done sweep runs:
  loop_closure_weight=0.0, tangent_entropy_weight=0.0, kl_dyn_weight=0.0 -> run_id=7cgml4kn
  loop_closure_weight=0.0, tangent_entropy_weight=0.0, kl_dyn_weight=0.0 -> run_id=sf5vxkwn
  loop_closure_weight=0.0, tangent_entropy_weight=0.0, kl_dyn_weight=0.0 -> run_id=zw27n2tm
  loop_closure_weight=1e-06, tangent_entropy_weight=0.0, kl_dyn_weight=0.0 -> run_id=0978zofq
  loop_closure_weight=1e-06, tangent_entropy_weight=0.0, kl_dyn_weight=0.0 -> run_id=f8ux97z6
  loop_closure_weight=1e-06, tangent_entropy_weight=0.0, kl_dyn_weight=0.0 -> run_id=o1kbziq0
  loop_closure_weight=1e-05, tangent_entropy_weight=0.0, kl_dyn_weight=0.0 -> run_id=49d3pa3z
  loop_closure_weight=1e-05, tangent_entropy_weight=0.0, kl_dyn_weight=0.0 -> run_id=uq0q07eo
  loop_closure_weight=1e-05, tangent_entropy_weight=0.0, kl_dyn_weight=0.0 -> run_id=ygua0dkq
  loop_closure_weight=0.0001, tangent_entropy_weight=0.0, kl_dyn_weight=0.0 -> run_id=8ds9f09i
loaded wmtask RNN model checkpoint 41
Loading cached wmtask hiddens from /orcd/data/ekmiller/001/eisenaj/ControlJacobians/WMTaskModels/WMSelectionTask__cue_time_0.1__response_time_0.25__enforce_fixation_False/BiologicalRNN__cue_time_0.1__learning_rate_0.0005__max_epochs_42__N1_64__N2_64__tau_0.05__dt_0.02__eig_lower_bound_0.1__init_mode_random/_jacobianode_cache/hiddens__all__epoch41__trials4096__seed42.pt
n_dims=128, n_latent=128, n_dyn=128, dt=0.0200
  run=7cgml4kn: DiagnosticMetrics(one_step_mase=0.5835883021354675, loop_closure_loss=12.883623123168945, fast_eigenvalue_fraction=0.0, trajectory_val_loss=0.004446745850145817) (from W&B history)
  run=sf5vxkwn: DiagnosticMetrics(one_step_mase=0.5881587266921997, loop_closure_loss=18.054048538208008, fast_eigenvalue_fraction=0.0, trajectory_val_loss=0.004393263719975948) (from W&B history)
  run=zw27n2tm: DiagnosticMetrics(one_step_mase=0.565845251083374, loop_closure_loss=26.550935745239258, fast_eigenvalue_fraction=0.0, trajectory_val_loss=0.004069030750542879) (from W&B history)
  run=0978zofq: DiagnosticMetrics(one_step_mase=0.5660997033119202, loop_closure_loss=18.756227493286133, fast_eigenvalue_fraction=0.0, trajectory_val_loss=0.004062376916408539) (from W&B history)
  run=f8ux97z6: DiagnosticMetrics(one_step_mase=0.5887948274612427, loop_closure_loss=12.2061128616333, fast_eigenvalue_fraction=0.0, trajectory_val_loss=0.0044649625197052956) (from W&B history)
  run=o1kbziq0: DiagnosticMetrics(one_step_mase=0.583838701248169, loop_closure_loss=9.274125099182129, fast_eigenvalue_fraction=0.0, trajectory_val_loss=0.004447042942047119) (from W&B history)
  run=49d3pa3z: DiagnosticMetrics(one_step_mase=0.5848068594932556, loop_closure_loss=3.9124245643615723, fast_eigenvalue_fraction=0.0, trajectory_val_loss=0.004481752403080463) (from W&B history)
  run=uq0q07eo: DiagnosticMetrics(one_step_mase=0.5673489570617676, loop_closure_loss=7.779634952545166, fast_eigenvalue_fraction=0.0, trajectory_val_loss=0.004067996982485056) (from W&B history)
  run=ygua0dkq: DiagnosticMetrics(one_step_mase=0.5899691581726074, loop_closure_loss=5.1661882400512695, fast_eigenvalue_fraction=0.0, trajectory_val_loss=0.004498394671827555) (from W&B history)
  run=8ds9f09i: DiagnosticMetrics(one_step_mase=0.5736207365989685, loop_closure_loss=2.5261473655700684, fast_eigenvalue_fraction=0.0, trajectory_val_loss=0.004262955393642187) (from W&B history)

Ranking method:           best_traj_loss
Best run ID:              uq0q07eo
Best loop_closure_weight: 1e-05
Best tangent_entropy_weight: 0.0
Best kl_dyn_weight:       0.0
Best traj loss:           0.004068
Criteria applied: ['C1', 'C2', 'C3']
Surviving: 5 / 10
Auto-selected run_id: uq0q07eo

======================================================================
PARETO FRONTIER RUNS (3 runs)
======================================================================
  Run ID               LC Loss   Traj Val Loss
  ------------  --------------  --------------
  8ds9f09i            2.526147        0.004263
  uq0q07eo            7.779635        0.004068 <-- selected
  0978zofq           18.756227        0.004062

======================================================================
RANKING METHOD COMPARISON (over 5 survivors)
======================================================================
  Method                  Run ID               LC Loss   Traj Val Loss
  ----------------------  ------------  --------------  --------------
  best_traj_loss          uq0q07eo            7.779635        0.004068 <-- active
  pareto_knee             8ds9f09i            2.526147        0.004263
  geo_rank                8ds9f09i            2.526147        0.004263
  minimax_rank            8ds9f09i            2.526147        0.004263
  geo_log_score           uq0q07eo            7.779635        0.004068
  minimax_log_score       8ds9f09i            2.526147        0.004263
======================================================================

Loading run uq0q07eo from JacobianODE/WMTask_identity_encoder_verification ...
loaded wmtask RNN model checkpoint 41
Loading cached wmtask hiddens from /orcd/data/ekmiller/001/eisenaj/ControlJacobians/WMTaskModels/WMSelectionTask__cue_time_0.1__response_time_0.25__enforce_fixation_False/BiologicalRNN__cue_time_0.1__learning_rate_0.0005__max_epochs_42__N1_64__N2_64__tau_0.05__dt_0.02__eig_lower_bound_0.1__init_mode_random/_jacobianode_cache/hiddens__all__epoch41__trials4096__seed42.pt
Loading checkpoint epoch=54-step=6875.ckpt...
Train dataset shape: torch.Size([11468, 45, 128])
Validation dataset shape: torch.Size([3280, 45, 128])
Test dataset shape: torch.Size([1636, 45, 128])
Train trajectories dataset shape: torch.Size([2867, 49, 128])
Validation trajectories dataset shape: torch.Size([820, 49, 128])
Test trajectories dataset shape: torch.Size([409, 49, 128])
Loading checkpoint epoch=54-step=6875.ckpt...
Computing reconstruction ...
Computing MASE ...
Teacher-forced MASE: 0.6575
Free-running MASE:   0.7076
Computing latent utilization ...
Entropy-based utilization: 0.914
Computing Lyapunov exponents ...
  Computing full-trajectory Lyapunov (409 test trajs, T=49) ...
Predicted Lyapunov exponents (batch+burn-in, 128 windowed trajs):
  λ_1 = -0.2882 ± 0.1537
  λ_2 = -0.5701 ± 0.2729
  λ_3 = -0.8476 ± 0.2228
  λ_4 = -1.1151 ± 0.2238
  λ_5 = -1.4961 ± 0.4366
  λ_6 = -1.6700 ± 0.4468
  λ_7 = -2.8602 ± 0.4931
  λ_8 = -2.9988 ± 0.5039
  λ_9 = -4.4914 ± 0.4185
  λ_10 = -4.6454 ± 0.4755
  λ_11 = -5.0027 ± 0.4435
  λ_12 = -5.4053 ± 0.5216
  λ_13 = -5.8675 ± 0.3925
  λ_14 = -6.2016 ± 0.5109
  λ_15 = -6.6234 ± 0.6704
  λ_16 = -6.7769 ± 0.6494
  λ_17 = -7.1086 ± 0.5456
  λ_18 = -7.2765 ± 0.5168
  λ_19 = -7.4091 ± 0.5150
  λ_20 = -7.5870 ± 0.5529
  λ_21 = -7.7367 ± 0.5849
  λ_22 = -7.8351 ± 0.5903
  λ_23 = -7.9634 ± 0.6342
  λ_24 = -8.1345 ± 0.6157
  λ_25 = -8.2759 ± 0.5725
  λ_26 = -8.5773 ± 0.5323
  λ_27 = -8.7234 ± 0.5198
  λ_28 = -8.8838 ± 0.5061
  λ_29 = -9.0206 ± 0.5720
  λ_30 = -9.1605 ± 0.5882
  λ_31 = -9.3577 ± 0.6447
  λ_32 = -9.6145 ± 0.6137
  λ_33 = -9.7215 ± 0.6306
  λ_34 = -9.8295 ± 0.6389
  λ_35 = -9.9342 ± 0.6486
  λ_36 = -10.0417 ± 0.6498
  λ_37 = -10.2254 ± 0.6299
  λ_38 = -10.3281 ± 0.6809
  λ_39 = -10.4444 ± 0.7522
  λ_40 = -10.5437 ± 0.7715
  λ_41 = -10.7203 ± 0.7791
  λ_42 = -10.8246 ± 0.7956
  λ_43 = -11.0191 ± 0.7876
  λ_44 = -11.1879 ± 0.7517
  λ_45 = -11.4494 ± 0.8056
  λ_46 = -11.5768 ± 0.8415
  λ_47 = -11.6710 ± 0.8448
  λ_48 = -11.7989 ± 0.8754
  λ_49 = -11.9350 ± 0.8843
  λ_50 = -12.2288 ± 0.8588
  λ_51 = -12.3376 ± 0.8507
  λ_52 = -12.4202 ± 0.8714
  λ_53 = -12.5324 ± 0.8639
  λ_54 = -12.6783 ± 0.8983
  λ_55 = -12.8108 ± 0.8994
  λ_56 = -12.9303 ± 0.8603
  λ_57 = -13.0064 ± 0.8738
  λ_58 = -13.0861 ± 0.8770
  λ_59 = -13.1494 ± 0.8887
  λ_60 = -13.2329 ± 0.8842
  λ_61 = -13.3199 ± 0.8964
  λ_62 = -13.4547 ± 0.9013
  λ_63 = -13.5723 ± 0.9551
  λ_64 = -13.6746 ± 0.9634
  λ_65 = -13.7858 ± 0.9968
  λ_66 = -14.0231 ± 0.9872
  λ_67 = -14.1824 ± 1.0161
  λ_68 = -14.3738 ± 1.0486
  λ_69 = -14.5885 ± 1.0155
  λ_70 = -14.9360 ± 1.0169
  λ_71 = -15.0804 ± 1.0528
  λ_72 = -15.2205 ± 1.0676
  λ_73 = -15.3915 ± 1.0761
  λ_74 = -15.5244 ± 1.0439
  λ_75 = -15.6380 ± 1.0509
  λ_76 = -15.8954 ± 1.1355
  λ_77 = -16.2660 ± 1.1309
  λ_78 = -16.4071 ± 1.1264
  λ_79 = -16.6151 ± 1.1331
  λ_80 = -16.7717 ± 1.2114
  λ_81 = -16.8876 ± 1.2222
  λ_82 = -17.0933 ± 1.2190
  λ_83 = -17.3106 ± 1.2263
  λ_84 = -17.6126 ± 1.2292
  λ_85 = -17.7578 ± 1.2429
  λ_86 = -17.9304 ± 1.3056
  λ_87 = -18.3057 ± 1.2605
  λ_88 = -18.6011 ± 1.3032
  λ_89 = -18.7723 ± 1.3128
  λ_90 = -18.9413 ± 1.3560
  λ_91 = -19.1084 ± 1.3560
  λ_92 = -19.3331 ± 1.4314
  λ_93 = -19.7463 ± 1.3415
  λ_94 = -19.9323 ± 1.3652
  λ_95 = -20.2004 ± 1.4338
  λ_96 = -20.3668 ± 1.4322
  λ_97 = -20.6865 ± 1.4695
  λ_98 = -20.9534 ± 1.5072
  λ_99 = -21.2292 ± 1.5574
  λ_100 = -21.4937 ± 1.5334
  λ_101 = -21.7228 ± 1.4871
  λ_102 = -21.8879 ± 1.5115
  λ_103 = -22.4096 ± 1.5728
  λ_104 = -22.5740 ± 1.5848
  λ_105 = -22.8209 ± 1.6076
  λ_106 = -22.9347 ± 1.6057
  λ_107 = -23.2459 ± 1.6494
  λ_108 = -23.4878 ± 1.7229
  λ_109 = -23.6797 ± 1.6854
  λ_110 = -23.9119 ± 1.7174
  λ_111 = -24.1640 ± 1.7050
  λ_112 = -24.2548 ± 1.7392
  λ_113 = -24.3154 ± 1.7395
  λ_114 = -24.5151 ± 1.7178
  λ_115 = -24.7937 ± 1.7738
  λ_116 = -25.0560 ± 1.8297
  λ_117 = -25.4555 ± 1.7793
  λ_118 = -25.5387 ± 1.8110
  λ_119 = -25.7614 ± 1.7786
  λ_120 = -25.9794 ± 1.8222
  λ_121 = -26.1883 ± 1.8152
  λ_122 = -26.7128 ± 2.0066
  λ_123 = -27.4511 ± 1.9228
  λ_124 = -27.7116 ± 2.0760
  λ_125 = -28.1910 ± 1.9740
  λ_126 = -29.1494 ± 2.0767
  λ_127 = -29.1730 ± 2.0821
  λ_128 = -30.6081 ± 2.2109
Predicted Lyapunov exponents (full-length, 409 test trajs):
  λ_1 = -1.2183 ± 0.4875
  λ_2 = -1.8713 ± 0.3715
  λ_3 = -2.4427 ± 0.3417
  λ_4 = -3.4731 ± 0.4765
  λ_5 = -4.2126 ± 0.4766
  λ_6 = -4.8054 ± 0.4861
  λ_7 = -5.2755 ± 0.5400
  λ_8 = -5.7854 ± 0.5479
  λ_9 = -6.8023 ± 0.6976
  λ_10 = -7.2367 ± 0.6521
  λ_11 = -7.6401 ± 0.6522
  λ_12 = -8.0897 ± 0.5838
  λ_13 = -8.5044 ± 0.5479
  λ_14 = -8.9913 ± 0.6398
  λ_15 = -9.3890 ± 0.5966
  λ_16 = -9.7669 ± 0.5747
  λ_17 = -10.1003 ± 0.5479
  λ_18 = -10.3426 ± 0.5665
  λ_19 = -10.8838 ± 0.5963
  λ_20 = -11.2184 ± 0.5658
  λ_21 = -11.4812 ± 0.5202
  λ_22 = -11.6854 ± 0.5466
  λ_23 = -11.8486 ± 0.5587
  λ_24 = -11.9907 ± 0.5699
  λ_25 = -12.2014 ± 0.5684
  λ_26 = -12.5082 ± 0.5278
  λ_27 = -12.6847 ± 0.5299
  λ_28 = -12.8451 ± 0.5317
  λ_29 = -13.0519 ± 0.5559
  λ_30 = -13.2792 ± 0.5939
  λ_31 = -13.4422 ± 0.5569
  λ_32 = -13.6995 ± 0.5672
  λ_33 = -14.0110 ± 0.5966
  λ_34 = -14.3438 ± 0.5631
  λ_35 = -14.6693 ± 0.5806
  λ_36 = -14.8728 ± 0.6416
  λ_37 = -15.0620 ± 0.6788
  λ_38 = -15.2299 ± 0.6929
  λ_39 = -15.4033 ± 0.7145
  λ_40 = -15.5785 ± 0.6723
  λ_41 = -15.7458 ± 0.6688
  λ_42 = -15.8766 ± 0.6502
  λ_43 = -16.0539 ± 0.6505
  λ_44 = -16.2103 ± 0.6596
  λ_45 = -16.3643 ± 0.6679
  λ_46 = -16.5350 ± 0.6621
  λ_47 = -16.6677 ± 0.7033
  λ_48 = -16.8290 ± 0.6858
  λ_49 = -17.0803 ± 0.7261
  λ_50 = -17.3687 ± 0.7549
  λ_51 = -17.6230 ± 0.7458
  λ_52 = -17.7680 ± 0.7581
  λ_53 = -17.8816 ± 0.7773
  λ_54 = -17.9941 ± 0.7909
  λ_55 = -18.0834 ± 0.7759
  λ_56 = -18.2118 ± 0.7953
  λ_57 = -18.3330 ± 0.8055
  λ_58 = -18.4596 ± 0.8470
  λ_59 = -18.5651 ± 0.8671
  λ_60 = -18.6708 ± 0.8779
  λ_61 = -18.8006 ± 0.8898
  λ_62 = -18.9183 ± 0.8991
  λ_63 = -19.0624 ± 0.8916
  λ_64 = -19.1976 ± 0.8880
  λ_65 = -19.3168 ± 0.8672
  λ_66 = -19.4416 ± 0.8777
  λ_67 = -19.5341 ± 0.8800
  λ_68 = -19.6539 ± 0.8485
  λ_69 = -19.7502 ± 0.8742
  λ_70 = -19.8331 ± 0.8786
  λ_71 = -19.9320 ± 0.8844
  λ_72 = -20.0344 ± 0.9037
  λ_73 = -20.1418 ± 0.9145
  λ_74 = -20.2792 ± 0.9448
  λ_75 = -20.4604 ± 1.0061
  λ_76 = -20.6270 ± 1.0328
  λ_77 = -20.8076 ± 1.0577
  λ_78 = -21.0246 ± 1.0706
  λ_79 = -21.2734 ± 1.0498
  λ_80 = -21.4587 ± 1.0709
  λ_81 = -21.7100 ± 0.9996
  λ_82 = -21.9917 ± 1.0602
  λ_83 = -22.2146 ± 1.0923
  λ_84 = -22.3915 ± 1.1406
  λ_85 = -22.6951 ± 1.1579
  λ_86 = -22.9117 ± 1.1419
  λ_87 = -23.2631 ± 1.2184
  λ_88 = -23.5951 ± 1.1800
  λ_89 = -23.8576 ± 1.1583
  λ_90 = -24.0931 ± 1.1512
  λ_91 = -24.3168 ± 1.1435
  λ_92 = -24.5210 ± 1.1978
  λ_93 = -24.8128 ± 1.2249
  λ_94 = -25.0327 ± 1.2716
  λ_95 = -25.3085 ± 1.2251
  λ_96 = -25.6345 ± 1.2526
  λ_97 = -26.2793 ± 1.3155
  λ_98 = -26.6098 ± 1.2928
  λ_99 = -26.9341 ± 1.3437
  λ_100 = -27.0853 ± 1.3694
  λ_101 = -27.3862 ± 1.3888
  λ_102 = -27.8171 ± 1.4148
  λ_103 = -28.0082 ± 1.4332
  λ_104 = -28.2727 ± 1.4350
  λ_105 = -28.5528 ± 1.4352
  λ_106 = -28.7703 ± 1.4529
  λ_107 = -28.9601 ± 1.4710
  λ_108 = -29.1165 ± 1.4708
  λ_109 = -29.3145 ± 1.5112
  λ_110 = -29.8529 ± 1.5328
  λ_111 = -30.0778 ± 1.5199
  λ_112 = -30.2904 ± 1.5276
  λ_113 = -30.4036 ± 1.5541
  λ_114 = -30.5545 ± 1.5414
  λ_115 = -30.8517 ± 1.5431
  λ_116 = -31.2760 ± 1.6208
  λ_117 = -31.5611 ± 1.6428
  λ_118 = -31.8229 ± 1.6392
  λ_119 = -32.0683 ± 1.6468
  λ_120 = -32.3113 ± 1.6348
  λ_121 = -32.5920 ± 1.7056
  λ_122 = -32.9212 ± 1.7213
  λ_123 = -33.5262 ± 1.7786
  λ_124 = -33.8201 ± 1.8167
  λ_125 = -34.2942 ± 1.8514
  λ_126 = -35.6949 ± 1.8151
  λ_127 = -36.3496 ± 1.8737
  λ_128 = -37.5895 ± 1.9553
Empirical Lyapunov exponents (mean ± std):
  λ_1 = -0.6836 ± 0.4470
  λ_2 = -1.2860 ± 0.4717
  λ_3 = -1.8796 ± 0.4983
  λ_4 = -2.5140 ± 0.3383
  λ_5 = -2.9329 ± 0.4143
  λ_6 = -3.2778 ± 0.5212
  λ_7 = -3.7948 ± 0.4446
  λ_8 = -4.2351 ± 0.4668
  λ_9 = -4.6672 ± 0.4583
  λ_10 = -5.0458 ± 0.4531
  λ_11 = -5.3534 ± 0.4185
  λ_12 = -5.7506 ± 0.4346
  λ_13 = -6.2355 ± 0.3491
  λ_14 = -6.7043 ± 0.5036
  λ_15 = -7.0414 ± 0.4554
  λ_16 = -7.3719 ± 0.4648
  λ_17 = -7.6725 ± 0.4415
  λ_18 = -7.9667 ± 0.4130
  λ_19 = -8.2155 ± 0.4290
  λ_20 = -8.4474 ± 0.4083
  λ_21 = -8.6400 ± 0.3667
  λ_22 = -8.8546 ± 0.3395
  λ_23 = -9.0471 ± 0.3366
  λ_24 = -9.3642 ± 0.2863
  λ_25 = -9.5403 ± 0.3009
  λ_26 = -9.7473 ± 0.3189
  λ_27 = -9.9780 ± 0.3514
  λ_28 = -10.2177 ± 0.4331
  λ_29 = -10.4760 ± 0.4197
  λ_30 = -10.6968 ± 0.4504
  λ_31 = -11.0538 ± 0.5425
  λ_32 = -11.3182 ± 0.5459
  λ_33 = -11.7806 ± 0.6071
  λ_34 = -12.3300 ± 0.5244
  λ_35 = -12.6464 ± 0.5369
  λ_36 = -13.0198 ± 0.6314
  λ_37 = -13.3795 ± 0.7073
  λ_38 = -13.7502 ± 0.7660
  λ_39 = -14.0682 ± 0.7579
  λ_40 = -14.3279 ± 0.7619
  λ_41 = -14.6206 ± 0.8778
  λ_42 = -15.0213 ± 0.8116
  λ_43 = -15.3487 ± 0.8488
  λ_44 = -15.7679 ± 0.8512
  λ_45 = -16.3535 ± 0.8105
  λ_46 = -17.2371 ± 0.8420
  λ_47 = -18.0172 ± 0.6551
  λ_48 = -18.7348 ± 0.4352
  λ_49 = -19.1920 ± 0.4388
  λ_50 = -19.6032 ± 0.3862
  λ_51 = -19.9849 ± 0.4171
  λ_52 = -20.2854 ± 0.3677
  λ_53 = -20.7129 ± 0.4088
  λ_54 = -21.2293 ± 0.4493
  λ_55 = -22.1518 ± 0.3711
  λ_56 = -22.5100 ± 0.3571
  λ_57 = -22.8264 ± 0.3133
  λ_58 = -23.1069 ± 0.3495
  λ_59 = -23.3589 ± 0.3337
  λ_60 = -23.6276 ± 0.2926
  λ_61 = -23.8603 ± 0.3155
  λ_62 = -24.0618 ± 0.3005
  λ_63 = -24.2152 ± 0.3129
  λ_64 = -24.3396 ± 0.3136
  λ_65 = -24.4895 ± 0.3210
  λ_66 = -24.6115 ± 0.3197
  λ_67 = -24.7359 ± 0.3269
  λ_68 = -24.8561 ± 0.3392
  λ_69 = -24.9753 ± 0.3426
  λ_70 = -25.1117 ± 0.3497
  λ_71 = -25.2226 ± 0.3734
  λ_72 = -25.3357 ± 0.4009
  λ_73 = -25.4353 ± 0.4172
  λ_74 = -25.5439 ± 0.4046
  λ_75 = -25.6332 ± 0.4116
  λ_76 = -25.7832 ± 0.4585
  λ_77 = -25.9142 ± 0.4799
  λ_78 = -26.0449 ± 0.4990
  λ_79 = -26.1810 ± 0.5037
  λ_80 = -26.3617 ± 0.4899
  λ_81 = -26.5171 ± 0.4864
  λ_82 = -26.6628 ± 0.4753
  λ_83 = -26.8617 ± 0.4795
  λ_84 = -27.0282 ± 0.5036
  λ_85 = -27.2607 ± 0.4846
  λ_86 = -27.4529 ± 0.4854
  λ_87 = -27.5733 ± 0.4725
  λ_88 = -27.7187 ± 0.4967
  λ_89 = -27.8617 ± 0.5003
  λ_90 = -27.9895 ± 0.4903
  λ_91 = -28.1274 ± 0.4923
  λ_92 = -28.2824 ± 0.4913
  λ_93 = -28.4072 ± 0.4914
  λ_94 = -28.5255 ± 0.4695
  λ_95 = -28.6477 ± 0.4521
  λ_96 = -28.7842 ± 0.4453
  λ_97 = -28.9001 ± 0.4403
  λ_98 = -29.0308 ± 0.4330
  λ_99 = -29.1511 ± 0.4295
  λ_100 = -29.2954 ± 0.4247
  λ_101 = -29.4503 ± 0.4217
  λ_102 = -29.5753 ± 0.4321
  λ_103 = -29.6956 ± 0.4539
  λ_104 = -29.8547 ± 0.4485
  λ_105 = -29.9992 ± 0.4490
  λ_106 = -30.1172 ± 0.4378
  λ_107 = -30.2615 ± 0.4426
  λ_108 = -30.4062 ± 0.3980
  λ_109 = -30.5554 ± 0.4003
  λ_110 = -30.7032 ± 0.3985
  λ_111 = -30.8743 ± 0.4228
  λ_112 = -31.0109 ± 0.4336
  λ_113 = -31.1492 ± 0.4292
  λ_114 = -31.3023 ± 0.3981
  λ_115 = -31.4396 ± 0.4097
  λ_116 = -31.5685 ± 0.3902
  λ_117 = -31.7302 ± 0.3526
  λ_118 = -31.8705 ± 0.3050
  λ_119 = -31.9948 ± 0.3040
  λ_120 = -32.0998 ± 0.2813
  λ_121 = -32.2401 ± 0.2718
  λ_122 = -32.3221 ± 0.2617
  λ_123 = -32.4282 ± 0.2531
  λ_124 = -32.5858 ± 0.2272
  λ_125 = -32.8296 ± 0.2629
  λ_126 = -33.0206 ± 0.2244
  λ_127 = -33.2132 ± 0.2160
  λ_128 = -33.4614 ± 0.3541
Mean KY dim (predicted): 0.000 ± 0.000
Mean KY dim (empirical): 0.042 ± 0.210
Mean KY dim (burn-in):   0.077 ± 0.322
Computing prediction windows ...
Windows: 3 — nMSE min=0.0101, median=0.0119, mean=0.0118, max=0.0133
Computing long-trajectory free-running rollouts ...
Computing encoder/decoder Jacobians ...
encoder_jacobian: (128, 128, 128)
decoder_jacobian: (128, 128, 128)
Computing amplification loss ...
Amplification loss — True state: 0.004748
Amplification loss — Latent:     0.004832
Computing tangent space spectrum ...
