No run_id provided — selecting best run from group 'lorenz_partial_additive_splitmode_p30_obsnoise005_cayley_autodim_chain__ndelays_5_100_sweep' ...
Found 20 total runs in JacobianODE/Lorenz_INDpartial_NDsweep_cayley_autodim_D1_NormTrue__JacobianODE (group=lorenz_partial_additive_splitmode_p30_obsnoise005_cayley_autodim_chain__ndelays_5_100_sweep)
All runs (state, loop_closure_weight, tangent_entropy_weight, kl_dyn_weight):
  agayvyh6: state=crashed, lc=0.0, te=0.0, kl_dyn=0.0
  j0xl13ov: state=crashed, lc=0.0, te=0.0, kl_dyn=0.0
  imwiz3cy: state=crashed, lc=0.0, te=0.0, kl_dyn=0.0
  kgcwcd7m: state=finished, lc=0.0, te=0.0, kl_dyn=0.0
  l8eqint7: state=crashed, lc=0.0, te=0.0, kl_dyn=0.0
  00uwjk1l: state=finished, lc=0.0, te=0.0, kl_dyn=0.0
  o0fzjaqg: state=crashed, lc=0.0, te=0.0, kl_dyn=0.0
  4dg41gx9: state=finished, lc=0.0, te=0.0, kl_dyn=0.0
  z6rq7a88: state=crashed, lc=0.0, te=0.0, kl_dyn=0.0
  01ngc7hg: state=crashed, lc=0.0, te=0.0, kl_dyn=0.0
  dvd4m4j6: state=finished, lc=0.0, te=0.0, kl_dyn=0.0
  3cwrrjbb: state=crashed, lc=0.0, te=0.0, kl_dyn=0.0
  4a0qqu1o: state=finished, lc=0.0, te=0.0, kl_dyn=0.0
  6pt0eef4: state=crashed, lc=0.0, te=0.0, kl_dyn=0.0
  7cd0v85y: state=crashed, lc=0.0, te=0.0, kl_dyn=0.0
  yv4qyo8g: state=crashed, lc=0.0, te=0.0, kl_dyn=0.0
  2g14oxfz: state=crashed, lc=0.0, te=0.0, kl_dyn=0.0
  b6rqlpix: state=crashed, lc=0.0, te=0.0, kl_dyn=0.0
  0kq9y1x2: state=finished, lc=0.0, te=0.0, kl_dyn=0.0
  dlnfq59a: state=running, lc=0.0, te=0.0, kl_dyn=0.0

slurm_timeout_min not found in any run config — falling back to 180 min
  Including agayvyh6 (lc=0.0): use_all_runs=True (state=crashed)
  Including j0xl13ov (lc=0.0): use_all_runs=True (state=crashed)
  Including imwiz3cy (lc=0.0): use_all_runs=True (state=crashed)
  Including kgcwcd7m (lc=0.0): use_all_runs=True (state=finished)
  Including l8eqint7 (lc=0.0): use_all_runs=True (state=crashed)
  Including 00uwjk1l (lc=0.0): use_all_runs=True (state=finished)
  Including o0fzjaqg (lc=0.0): use_all_runs=True (state=crashed)
  Including 4dg41gx9 (lc=0.0): use_all_runs=True (state=finished)
  Including z6rq7a88 (lc=0.0): use_all_runs=True (state=crashed)
  Including 01ngc7hg (lc=0.0): use_all_runs=True (state=crashed)
  Including dvd4m4j6 (lc=0.0): use_all_runs=True (state=finished)
  Including 3cwrrjbb (lc=0.0): use_all_runs=True (state=crashed)
  Including 4a0qqu1o (lc=0.0): use_all_runs=True (state=finished)
  Including 6pt0eef4 (lc=0.0): use_all_runs=True (state=crashed)
  Including 7cd0v85y (lc=0.0): use_all_runs=True (state=crashed)
  Including yv4qyo8g (lc=0.0): use_all_runs=True (state=crashed)
  Including 2g14oxfz (lc=0.0): use_all_runs=True (state=crashed)
  Including b6rqlpix (lc=0.0): use_all_runs=True (state=crashed)
  Including 0kq9y1x2 (lc=0.0): use_all_runs=True (state=finished)
  Including dlnfq59a (lc=0.0): use_all_runs=True (state=running)
Found 20 effectively-done sweep runs:
  loop_closure_weight=0.0, tangent_entropy_weight=0.0, kl_dyn_weight=0.0 -> run_id=00uwjk1l
  loop_closure_weight=0.0, tangent_entropy_weight=0.0, kl_dyn_weight=0.0 -> run_id=01ngc7hg
  loop_closure_weight=0.0, tangent_entropy_weight=0.0, kl_dyn_weight=0.0 -> run_id=0kq9y1x2
  loop_closure_weight=0.0, tangent_entropy_weight=0.0, kl_dyn_weight=0.0 -> run_id=2g14oxfz
  loop_closure_weight=0.0, tangent_entropy_weight=0.0, kl_dyn_weight=0.0 -> run_id=3cwrrjbb
  loop_closure_weight=0.0, tangent_entropy_weight=0.0, kl_dyn_weight=0.0 -> run_id=4a0qqu1o
  loop_closure_weight=0.0, tangent_entropy_weight=0.0, kl_dyn_weight=0.0 -> run_id=4dg41gx9
  loop_closure_weight=0.0, tangent_entropy_weight=0.0, kl_dyn_weight=0.0 -> run_id=6pt0eef4
  loop_closure_weight=0.0, tangent_entropy_weight=0.0, kl_dyn_weight=0.0 -> run_id=7cd0v85y
  loop_closure_weight=0.0, tangent_entropy_weight=0.0, kl_dyn_weight=0.0 -> run_id=agayvyh6
  loop_closure_weight=0.0, tangent_entropy_weight=0.0, kl_dyn_weight=0.0 -> run_id=b6rqlpix
  loop_closure_weight=0.0, tangent_entropy_weight=0.0, kl_dyn_weight=0.0 -> run_id=dlnfq59a
  loop_closure_weight=0.0, tangent_entropy_weight=0.0, kl_dyn_weight=0.0 -> run_id=dvd4m4j6
  loop_closure_weight=0.0, tangent_entropy_weight=0.0, kl_dyn_weight=0.0 -> run_id=imwiz3cy
  loop_closure_weight=0.0, tangent_entropy_weight=0.0, kl_dyn_weight=0.0 -> run_id=j0xl13ov
  loop_closure_weight=0.0, tangent_entropy_weight=0.0, kl_dyn_weight=0.0 -> run_id=kgcwcd7m
  loop_closure_weight=0.0, tangent_entropy_weight=0.0, kl_dyn_weight=0.0 -> run_id=l8eqint7
  loop_closure_weight=0.0, tangent_entropy_weight=0.0, kl_dyn_weight=0.0 -> run_id=o0fzjaqg
  loop_closure_weight=0.0, tangent_entropy_weight=0.0, kl_dyn_weight=0.0 -> run_id=yv4qyo8g
  loop_closure_weight=0.0, tangent_entropy_weight=0.0, kl_dyn_weight=0.0 -> run_id=z6rq7a88
n_dims=50, n_latent=50, n_dyn=8, dt=0.0150
  run=00uwjk1l: DiagnosticMetrics(one_step_mase=0.6754624247550964, loop_closure_loss=30.240192413330078, fast_eigenvalue_fraction=0.5, trajectory_val_loss=0.007172144018113613) (from W&B history)
  run=01ngc7hg: DiagnosticMetrics(one_step_mase=0.6466826796531677, loop_closure_loss=22.28786849975586, fast_eigenvalue_fraction=0.4000000059604645, trajectory_val_loss=0.005989021621644497) (from W&B history)
  run=0kq9y1x2: DiagnosticMetrics(one_step_mase=0.6322402954101562, loop_closure_loss=0.5119985938072205, fast_eigenvalue_fraction=0.0, trajectory_val_loss=0.02247111313045025) (from W&B history)
  run=2g14oxfz: DiagnosticMetrics(one_step_mase=0.6418149471282959, loop_closure_loss=14.462990760803223, fast_eigenvalue_fraction=0.4285714328289032, trajectory_val_loss=0.006465525832027197) (from W&B history)
  run=3cwrrjbb: DiagnosticMetrics(one_step_mase=0.6461144685745239, loop_closure_loss=22.491716384887695, fast_eigenvalue_fraction=0.46666666865348816, trajectory_val_loss=0.0057178218849003315) (from W&B history)
  run=4a0qqu1o: DiagnosticMetrics(one_step_mase=0.6601777076721191, loop_closure_loss=23.872220993041992, fast_eigenvalue_fraction=0.4791666567325592, trajectory_val_loss=0.005702839698642492) (from W&B history)
  run=4dg41gx9: DiagnosticMetrics(one_step_mase=0.6501593589782715, loop_closure_loss=18.249780654907227, fast_eigenvalue_fraction=0.5, trajectory_val_loss=0.00830024853348732) (from W&B history)
  run=6pt0eef4: DiagnosticMetrics(one_step_mase=0.6616532802581787, loop_closure_loss=30.973756790161133, fast_eigenvalue_fraction=0.4821428656578064, trajectory_val_loss=0.005142477806657553) (from W&B history)
  run=7cd0v85y: DiagnosticMetrics(one_step_mase=0.655305027961731, loop_closure_loss=21.744522094726562, fast_eigenvalue_fraction=0.3076923191547394, trajectory_val_loss=0.006391320843249559) (from W&B history)
  run=agayvyh6: DiagnosticMetrics(one_step_mase=0.6323376893997192, loop_closure_loss=7.5076093673706055, fast_eigenvalue_fraction=0.4000000059604645, trajectory_val_loss=0.009711140766739845) (from W&B history)
  run=b6rqlpix: DiagnosticMetrics(one_step_mase=0.6486927270889282, loop_closure_loss=19.075916290283203, fast_eigenvalue_fraction=0.47058823704719543, trajectory_val_loss=0.00585276260972023) (from W&B history)
  run=dlnfq59a: DiagnosticMetrics(one_step_mase=0.6651644110679626, loop_closure_loss=12.391884803771973, fast_eigenvalue_fraction=0.5, trajectory_val_loss=0.011546650901436806) (from W&B history)
  run=dvd4m4j6: DiagnosticMetrics(one_step_mase=0.6522124409675598, loop_closure_loss=10.714605331420898, fast_eigenvalue_fraction=0.3928571343421936, trajectory_val_loss=0.006839513313025236) (from W&B history)
  run=imwiz3cy: DiagnosticMetrics(one_step_mase=0.6283477544784546, loop_closure_loss=0.2242143303155899, fast_eigenvalue_fraction=0.0, trajectory_val_loss=0.0617748387157917) (from W&B history)
  run=j0xl13ov: DiagnosticMetrics(one_step_mase=0.6471287608146667, loop_closure_loss=26.403085708618164, fast_eigenvalue_fraction=0.3499999940395355, trajectory_val_loss=0.006280282512307167) (from W&B history)
  run=kgcwcd7m: DiagnosticMetrics(one_step_mase=0.6431223154067993, loop_closure_loss=0.27470678091049194, fast_eigenvalue_fraction=0.0, trajectory_val_loss=0.024723567068576813) (from W&B history)
  run=l8eqint7: DiagnosticMetrics(one_step_mase=0.636674702167511, loop_closure_loss=12.576972961425781, fast_eigenvalue_fraction=0.3333333432674408, trajectory_val_loss=0.006532621569931507) (from W&B history)
  run=o0fzjaqg: DiagnosticMetrics(one_step_mase=0.6528958678245544, loop_closure_loss=35.92095184326172, fast_eigenvalue_fraction=0.4444444477558136, trajectory_val_loss=0.005740104243159294) (from W&B history)
  run=yv4qyo8g: DiagnosticMetrics(one_step_mase=0.64963698387146, loop_closure_loss=30.262615203857422, fast_eigenvalue_fraction=0.3636363744735718, trajectory_val_loss=0.00772519176825881) (from W&B history)
  run=z6rq7a88: DiagnosticMetrics(one_step_mase=0.6396624445915222, loop_closure_loss=19.86850929260254, fast_eigenvalue_fraction=0.4545454680919647, trajectory_val_loss=0.005368427839130163) (from W&B history)

Ranking method:           best_traj_loss
Best run ID:              0kq9y1x2
Best loop_closure_weight: 0.0
Best tangent_entropy_weight: 0.0
Best kl_dyn_weight:       0.0
Best traj loss:           0.022471
Criteria applied: ['C1', 'C2', 'C3']
Surviving: 3 / 20
Auto-selected run_id: 0kq9y1x2

======================================================================
PARETO FRONTIER RUNS (10 runs)
======================================================================
  Run ID               LC Loss   Traj Val Loss
  ------------  --------------  --------------
  imwiz3cy            0.224214        0.061775
  kgcwcd7m            0.274707        0.024724
  0kq9y1x2            0.511999        0.022471 <-- selected
  agayvyh6            7.507609        0.009711
  dvd4m4j6           10.714605        0.006840
  l8eqint7           12.576973        0.006533
  2g14oxfz           14.462991        0.006466
  b6rqlpix           19.075916        0.005853
  z6rq7a88           19.868509        0.005368
  6pt0eef4           30.973757        0.005142

======================================================================
RANKING METHOD COMPARISON (over 3 survivors)
======================================================================
  Method                  Run ID               LC Loss   Traj Val Loss
  ----------------------  ------------  --------------  --------------
  best_traj_loss          0kq9y1x2            0.511999        0.022471 <-- active
  pareto_knee             kgcwcd7m            0.274707        0.024724
  geo_rank                0kq9y1x2            0.511999        0.022471
  minimax_rank            kgcwcd7m            0.274707        0.024724
  geo_log_score           0kq9y1x2            0.511999        0.022471
  minimax_log_score       kgcwcd7m            0.274707        0.024724
======================================================================

Loading run 0kq9y1x2 from JacobianODE/Lorenz_INDpartial_NDsweep_cayley_autodim_D1_NormTrue__JacobianODE ...
Loading checkpoint epoch=93-step=18800.ckpt...
Train dataset shape: torch.Size([25102, 45, 15])
Validation dataset shape: torch.Size([7987, 45, 15])
Test dataset shape: torch.Size([3423, 45, 15])
Train trajectories dataset shape: torch.Size([22, 1186, 15])
Validation trajectories dataset shape: torch.Size([7, 1186, 15])
Test trajectories dataset shape: torch.Size([3, 1186, 15])
Loading checkpoint epoch=93-step=18800.ckpt...
Computing reconstruction ...
Computing MASE ...
Teacher-forced MASE: 0.6328
Free-running MASE:   0.9636
Computing latent utilization ...
Entropy-based utilization: 0.929
Null subspace mean RMS: 1.597451e-01
Computing Lyapunov exponents ...
  Computing full-trajectory Lyapunov (3 test trajs, T=1186) ...
Predicted Lyapunov exponents (batch+burn-in, 128 windowed trajs):
  λ_1 = +0.2751 ± 0.6134
  λ_2 = -0.9826 ± 1.4936
  λ_3 = -23.0646 ± 1.3321
Predicted Lyapunov exponents (full-length, 3 test trajs):
  λ_1 = +0.3777 ± 0.1998
  λ_2 = -1.2736 ± 0.2190
  λ_3 = -23.1209 ± 0.0195
Empirical Lyapunov exponents (mean ± std):
  λ_1 = +0.4677 ± 0.0259
  λ_2 = -0.2173 ± 0.0549
  λ_3 = -13.9174 ± 0.0513
Mean KY dim (predicted): 1.284 ± 0.092
Mean KY dim (empirical): 2.018 ± 0.003
Mean KY dim (burn-in):   1.294 ± 0.761
Computing prediction windows ...
Windows: 117 — nMSE min=0.0172, median=0.0356, mean=0.0634, max=0.9358
Computing long-trajectory free-running rollouts ...
Computing encoder/decoder Jacobians ...
encoder_jacobian: (128, 15, 15)
decoder_jacobian: (128, 15, 15)
Computing amplification loss ...
Amplification loss — True state: 0.003832
Amplification loss — Latent:     0.007571
Computing tangent space spectrum ...
