No run_id provided — selecting best run from group 'lorenz_partial_additive_encoderonly_nd75_init15_pcainit_autodim__kl_sweep_obsnoise005' ...
Found 24 total runs in JacobianODE/Lorenz_INDpartial_NDInitSweep_autodim_D1_NormTrue__JacobianODE (group=lorenz_partial_additive_encoderonly_nd75_init15_pcainit_autodim__kl_sweep_obsnoise005)
All runs (state, loop_closure_weight, tangent_entropy_weight, kl_dyn_weight):
  a0o5cslr: state=finished, lc=0.0, te=0.0, kl_dyn=0.0
  tbrwzoco: state=finished, lc=0.0, te=0.0, kl_dyn=0.0
  yofig4zo: state=finished, lc=0.0, te=0.0, kl_dyn=0.0
  2ahnvord: state=finished, lc=0.0, te=0.0, kl_dyn=0.0
  palbdcgi: state=finished, lc=0.0, te=0.0, kl_dyn=0.0
  armg82o9: state=finished, lc=0.0, te=0.0, kl_dyn=0.0
  hoagpu5a: state=finished, lc=0.0, te=0.0, kl_dyn=0.0
  kdzzgd4k: state=finished, lc=0.0, te=0.0, kl_dyn=0.0
  ziyd9p3i: state=finished, lc=0.0, te=0.0, kl_dyn=0.0
  60fu5rs0: state=finished, lc=0.0, te=0.0, kl_dyn=0.0
  gxorl40v: state=finished, lc=0.0, te=0.0, kl_dyn=0.0
  ygdijtfm: state=finished, lc=0.0, te=0.0, kl_dyn=0.0
  d2euo7ms: state=finished, lc=0.0, te=0.0, kl_dyn=0.0
  q0yn9a8w: state=finished, lc=0.0, te=0.0, kl_dyn=0.0001
  tmazrdv9: state=finished, lc=0.0, te=0.0, kl_dyn=0.0
  68qk05q7: state=finished, lc=0.0, te=0.0, kl_dyn=0.0001
  bdjktejl: state=finished, lc=0.0, te=0.0, kl_dyn=0.001
  c1xrrj3c: state=finished, lc=0.0, te=0.0, kl_dyn=0.001
  6bmck00v: state=finished, lc=0.0, te=0.0, kl_dyn=0.01
  ari6sskn: state=finished, lc=0.0, te=0.0, kl_dyn=1.0
  0fu8zdax: state=finished, lc=0.0, te=0.0, kl_dyn=0.01
  6w5v9nyb: state=finished, lc=0.0, te=0.0, kl_dyn=1.0
  c1qytci3: state=finished, lc=0.0, te=0.0, kl_dyn=0.1
  v6qepwrd: state=finished, lc=0.0, te=0.0, kl_dyn=0.1

slurm_timeout_min not found in any run config — falling back to 180 min
  Including a0o5cslr (lc=0.0): use_all_runs=True (state=finished)
  Including tbrwzoco (lc=0.0): use_all_runs=True (state=finished)
  Including yofig4zo (lc=0.0): use_all_runs=True (state=finished)
  Including 2ahnvord (lc=0.0): use_all_runs=True (state=finished)
  Including palbdcgi (lc=0.0): use_all_runs=True (state=finished)
  Including armg82o9 (lc=0.0): use_all_runs=True (state=finished)
  Including hoagpu5a (lc=0.0): use_all_runs=True (state=finished)
  Including kdzzgd4k (lc=0.0): use_all_runs=True (state=finished)
  Including ziyd9p3i (lc=0.0): use_all_runs=True (state=finished)
  Including 60fu5rs0 (lc=0.0): use_all_runs=True (state=finished)
  Including gxorl40v (lc=0.0): use_all_runs=True (state=finished)
  Including ygdijtfm (lc=0.0): use_all_runs=True (state=finished)
  Including d2euo7ms (lc=0.0): use_all_runs=True (state=finished)
  Including q0yn9a8w (lc=0.0): use_all_runs=True (state=finished)
  Including tmazrdv9 (lc=0.0): use_all_runs=True (state=finished)
  Including 68qk05q7 (lc=0.0): use_all_runs=True (state=finished)
  Including bdjktejl (lc=0.0): use_all_runs=True (state=finished)
  Including c1xrrj3c (lc=0.0): use_all_runs=True (state=finished)
  Including 6bmck00v (lc=0.0): use_all_runs=True (state=finished)
  Including ari6sskn (lc=0.0): use_all_runs=True (state=finished)
  Including 0fu8zdax (lc=0.0): use_all_runs=True (state=finished)
  Including 6w5v9nyb (lc=0.0): use_all_runs=True (state=finished)
  Including c1qytci3 (lc=0.0): use_all_runs=True (state=finished)
  Including v6qepwrd (lc=0.0): use_all_runs=True (state=finished)
Found 24 effectively-done sweep runs:
  loop_closure_weight=0.0, tangent_entropy_weight=0.0, kl_dyn_weight=0.0 -> run_id=2ahnvord
  loop_closure_weight=0.0, tangent_entropy_weight=0.0, kl_dyn_weight=0.0 -> run_id=60fu5rs0
  loop_closure_weight=0.0, tangent_entropy_weight=0.0, kl_dyn_weight=0.0 -> run_id=a0o5cslr
  loop_closure_weight=0.0, tangent_entropy_weight=0.0, kl_dyn_weight=0.0 -> run_id=armg82o9
  loop_closure_weight=0.0, tangent_entropy_weight=0.0, kl_dyn_weight=0.0 -> run_id=d2euo7ms
  loop_closure_weight=0.0, tangent_entropy_weight=0.0, kl_dyn_weight=0.0 -> run_id=gxorl40v
  loop_closure_weight=0.0, tangent_entropy_weight=0.0, kl_dyn_weight=0.0 -> run_id=hoagpu5a
  loop_closure_weight=0.0, tangent_entropy_weight=0.0, kl_dyn_weight=0.0 -> run_id=kdzzgd4k
  loop_closure_weight=0.0, tangent_entropy_weight=0.0, kl_dyn_weight=0.0 -> run_id=palbdcgi
  loop_closure_weight=0.0, tangent_entropy_weight=0.0, kl_dyn_weight=0.0 -> run_id=tbrwzoco
  loop_closure_weight=0.0, tangent_entropy_weight=0.0, kl_dyn_weight=0.0 -> run_id=tmazrdv9
  loop_closure_weight=0.0, tangent_entropy_weight=0.0, kl_dyn_weight=0.0 -> run_id=ygdijtfm
  loop_closure_weight=0.0, tangent_entropy_weight=0.0, kl_dyn_weight=0.0 -> run_id=yofig4zo
  loop_closure_weight=0.0, tangent_entropy_weight=0.0, kl_dyn_weight=0.0 -> run_id=ziyd9p3i
  loop_closure_weight=0.0, tangent_entropy_weight=0.0, kl_dyn_weight=0.0001 -> run_id=68qk05q7
  loop_closure_weight=0.0, tangent_entropy_weight=0.0, kl_dyn_weight=0.0001 -> run_id=q0yn9a8w
  loop_closure_weight=0.0, tangent_entropy_weight=0.0, kl_dyn_weight=0.001 -> run_id=bdjktejl
  loop_closure_weight=0.0, tangent_entropy_weight=0.0, kl_dyn_weight=0.001 -> run_id=c1xrrj3c
  loop_closure_weight=0.0, tangent_entropy_weight=0.0, kl_dyn_weight=0.01 -> run_id=0fu8zdax
  loop_closure_weight=0.0, tangent_entropy_weight=0.0, kl_dyn_weight=0.01 -> run_id=6bmck00v
  loop_closure_weight=0.0, tangent_entropy_weight=0.0, kl_dyn_weight=0.1 -> run_id=c1qytci3
  loop_closure_weight=0.0, tangent_entropy_weight=0.0, kl_dyn_weight=0.1 -> run_id=v6qepwrd
  loop_closure_weight=0.0, tangent_entropy_weight=0.0, kl_dyn_weight=1.0 -> run_id=6w5v9nyb
  loop_closure_weight=0.0, tangent_entropy_weight=0.0, kl_dyn_weight=1.0 -> run_id=ari6sskn
n_dims=75, n_latent=75, n_dyn=12, dt=0.0150
  run=2ahnvord: DiagnosticMetrics(one_step_mase=0.0, loop_closure_loss=None, fast_eigenvalue_fraction=0.0, trajectory_val_loss=0.0031446570064872503) (from W&B history)
  run=60fu5rs0: DiagnosticMetrics(one_step_mase=0.0, loop_closure_loss=None, fast_eigenvalue_fraction=0.0, trajectory_val_loss=0.003145044669508934) (from W&B history)
  run=a0o5cslr: DiagnosticMetrics(one_step_mase=0.0, loop_closure_loss=None, fast_eigenvalue_fraction=0.0, trajectory_val_loss=0.0031446570064872503) (from W&B history)
  run=armg82o9: DiagnosticMetrics(one_step_mase=0.0, loop_closure_loss=None, fast_eigenvalue_fraction=0.0, trajectory_val_loss=0.003145035821944475) (from W&B history)
  run=d2euo7ms: DiagnosticMetrics(one_step_mase=0.0, loop_closure_loss=None, fast_eigenvalue_fraction=0.0, trajectory_val_loss=0.0031446570064872503) (from W&B history)
  run=gxorl40v: DiagnosticMetrics(one_step_mase=0.0, loop_closure_loss=None, fast_eigenvalue_fraction=0.0, trajectory_val_loss=0.0031446570064872503) (from W&B history)
  run=hoagpu5a: DiagnosticMetrics(one_step_mase=0.0, loop_closure_loss=None, fast_eigenvalue_fraction=0.0, trajectory_val_loss=0.0031446570064872503) (from W&B history)
  run=kdzzgd4k: DiagnosticMetrics(one_step_mase=0.0, loop_closure_loss=None, fast_eigenvalue_fraction=0.0, trajectory_val_loss=0.0031446570064872503) (from W&B history)
  run=palbdcgi: DiagnosticMetrics(one_step_mase=0.0, loop_closure_loss=None, fast_eigenvalue_fraction=0.0, trajectory_val_loss=0.0031446570064872503) (from W&B history)
  run=tbrwzoco: DiagnosticMetrics(one_step_mase=0.0, loop_closure_loss=None, fast_eigenvalue_fraction=0.0, trajectory_val_loss=0.0031446570064872503) (from W&B history)
  run=tmazrdv9: DiagnosticMetrics(one_step_mase=0.0, loop_closure_loss=None, fast_eigenvalue_fraction=0.0, trajectory_val_loss=0.0031446570064872503) (from W&B history)
  run=ygdijtfm: DiagnosticMetrics(one_step_mase=0.0, loop_closure_loss=None, fast_eigenvalue_fraction=0.0, trajectory_val_loss=0.0031446570064872503) (from W&B history)
  run=yofig4zo: DiagnosticMetrics(one_step_mase=0.0, loop_closure_loss=None, fast_eigenvalue_fraction=0.0, trajectory_val_loss=0.0031446570064872503) (from W&B history)
  run=ziyd9p3i: DiagnosticMetrics(one_step_mase=0.0, loop_closure_loss=None, fast_eigenvalue_fraction=0.0, trajectory_val_loss=0.0031446570064872503) (from W&B history)
  run=68qk05q7: DiagnosticMetrics(one_step_mase=0.0, loop_closure_loss=None, fast_eigenvalue_fraction=0.0, trajectory_val_loss=0.0031486516818404198) (from W&B history)
  run=q0yn9a8w: DiagnosticMetrics(one_step_mase=0.0, loop_closure_loss=None, fast_eigenvalue_fraction=0.0, trajectory_val_loss=0.0031483739148825407) (from W&B history)
  run=bdjktejl: DiagnosticMetrics(one_step_mase=0.0, loop_closure_loss=None, fast_eigenvalue_fraction=0.0, trajectory_val_loss=0.0031568617559969425) (from W&B history)
  run=c1xrrj3c: DiagnosticMetrics(one_step_mase=0.0, loop_closure_loss=None, fast_eigenvalue_fraction=0.0, trajectory_val_loss=0.0031568706035614014) (from W&B history)
  run=0fu8zdax: DiagnosticMetrics(one_step_mase=0.0, loop_closure_loss=None, fast_eigenvalue_fraction=0.0, trajectory_val_loss=0.003220092039555311) (from W&B history)
  run=6bmck00v: DiagnosticMetrics(one_step_mase=0.0, loop_closure_loss=None, fast_eigenvalue_fraction=0.0, trajectory_val_loss=0.0032195395324379206) (from W&B history)
  run=c1qytci3: DiagnosticMetrics(one_step_mase=0.0, loop_closure_loss=None, fast_eigenvalue_fraction=0.0, trajectory_val_loss=0.0035596778616309166) (from W&B history)
  run=v6qepwrd: DiagnosticMetrics(one_step_mase=0.0, loop_closure_loss=None, fast_eigenvalue_fraction=0.0, trajectory_val_loss=0.0036005189176648855) (from W&B history)
  run=6w5v9nyb: DiagnosticMetrics(one_step_mase=0.0, loop_closure_loss=None, fast_eigenvalue_fraction=0.0, trajectory_val_loss=0.0059670694172382355) (from W&B history)
  run=ari6sskn: DiagnosticMetrics(one_step_mase=0.0, loop_closure_loss=None, fast_eigenvalue_fraction=0.0, trajectory_val_loss=0.008531007915735245) (from W&B history)

Ranking method:           best_traj_loss
Best run ID:              2ahnvord
Best loop_closure_weight: 0.0
Best tangent_entropy_weight: 0.0
Best kl_dyn_weight:       0.0
Best traj loss:           0.003145
Criteria applied: ['C1', 'C2', 'C3']
Surviving: 24 / 24
Auto-selected run_id: 2ahnvord

======================================================================
PARETO FRONTIER RUNS (0 runs)
======================================================================
  Run ID               LC Loss   Traj Val Loss
  ------------  --------------  --------------

======================================================================
RANKING METHOD COMPARISON (over 24 survivors)
======================================================================
  Method                  Run ID               LC Loss   Traj Val Loss
  ----------------------  ------------  --------------  --------------
  best_traj_loss          2ahnvord                 nan        0.003145 <-- active
  pareto_knee             2ahnvord                 nan        0.003145
  geo_rank                2ahnvord                 nan        0.003145
  minimax_rank            2ahnvord                 nan        0.003145
  geo_log_score           2ahnvord                 nan        0.003145
  minimax_log_score       2ahnvord                 nan        0.003145
======================================================================

Loading run 2ahnvord from JacobianODE/Lorenz_INDpartial_NDInitSweep_autodim_D1_NormTrue__JacobianODE ...
Train dataset shape: torch.Size([23782, 45, 75])
Validation dataset shape: torch.Size([7567, 45, 75])
Test dataset shape: torch.Size([3243, 45, 75])
Train trajectories dataset shape: torch.Size([22, 1126, 75])
Validation trajectories dataset shape: torch.Size([7, 1126, 75])
Test trajectories dataset shape: torch.Size([3, 1126, 75])
Loading checkpoint epoch=24-step=5000.ckpt...
encoder_only_mode=True → skipping dynamics-only sections: ['kaplan_yorke', 'long_trajectory', 'lyapunov', 'mase', 'prediction_detail', 'prediction_windows', 'sweep_overview']
Computing reconstruction ...
Computing latent utilization ...
Entropy-based utilization: 0.526
Null subspace mean RMS: 5.838130e-02
Computing encoder/decoder Jacobians ...
encoder_jacobian: (128, 75, 75)
decoder_jacobian: (128, 75, 75)
Computing amplification loss ...
Amplification loss — True state: 0.003419
Amplification loss — Latent:     0.003278
Computing tangent space spectrum ...
